[2024-01-28T21:45:18.115+0000] {processor.py:161} INFO - Started process (PID=53) to work on /home/airflow/.local/lib/python3.8/site-packages/airflow/example_dags/example_branch_operator.py
[2024-01-28T21:45:18.116+0000] {processor.py:830} INFO - Processing file /home/airflow/.local/lib/python3.8/site-packages/airflow/example_dags/example_branch_operator.py for tasks to queue
[2024-01-28T21:45:18.117+0000] {logging_mixin.py:188} INFO - [2024-01-28T21:45:18.117+0000] {dagbag.py:538} INFO - Filling up the DagBag from /home/airflow/.local/lib/python3.8/site-packages/airflow/example_dags/example_branch_operator.py
[2024-01-28T21:45:18.128+0000] {processor.py:840} INFO - DAG(s) 'example_branch_operator' retrieved from /home/airflow/.local/lib/python3.8/site-packages/airflow/example_dags/example_branch_operator.py
[2024-01-28T21:45:18.137+0000] {logging_mixin.py:188} INFO - [2024-01-28T21:45:18.136+0000] {dag.py:3036} INFO - Sync 1 DAGs
[2024-01-28T21:45:18.152+0000] {logging_mixin.py:188} INFO - [2024-01-28T21:45:18.152+0000] {dag.py:3823} INFO - Setting next_dagrun for example_branch_operator to 2024-01-27 00:00:00+00:00, run_after=2024-01-28 00:00:00+00:00
[2024-01-28T21:45:18.164+0000] {processor.py:183} INFO - Processing /home/airflow/.local/lib/python3.8/site-packages/airflow/example_dags/example_branch_operator.py took 0.052 seconds
[2024-01-28T21:45:48.472+0000] {processor.py:161} INFO - Started process (PID=127) to work on /home/airflow/.local/lib/python3.8/site-packages/airflow/example_dags/example_branch_operator.py
[2024-01-28T21:45:48.473+0000] {processor.py:830} INFO - Processing file /home/airflow/.local/lib/python3.8/site-packages/airflow/example_dags/example_branch_operator.py for tasks to queue
[2024-01-28T21:45:48.474+0000] {logging_mixin.py:188} INFO - [2024-01-28T21:45:48.474+0000] {dagbag.py:538} INFO - Filling up the DagBag from /home/airflow/.local/lib/python3.8/site-packages/airflow/example_dags/example_branch_operator.py
[2024-01-28T21:45:48.484+0000] {processor.py:840} INFO - DAG(s) 'example_branch_operator' retrieved from /home/airflow/.local/lib/python3.8/site-packages/airflow/example_dags/example_branch_operator.py
[2024-01-28T21:45:48.542+0000] {logging_mixin.py:188} INFO - [2024-01-28T21:45:48.542+0000] {dag.py:3036} INFO - Sync 1 DAGs
[2024-01-28T21:45:48.554+0000] {logging_mixin.py:188} INFO - [2024-01-28T21:45:48.554+0000] {dag.py:3823} INFO - Setting next_dagrun for example_branch_operator to 2024-01-27 00:00:00+00:00, run_after=2024-01-28 00:00:00+00:00
[2024-01-28T21:45:48.565+0000] {processor.py:183} INFO - Processing /home/airflow/.local/lib/python3.8/site-packages/airflow/example_dags/example_branch_operator.py took 0.096 seconds
[2024-01-28T21:46:18.720+0000] {processor.py:161} INFO - Started process (PID=200) to work on /home/airflow/.local/lib/python3.8/site-packages/airflow/example_dags/example_branch_operator.py
[2024-01-28T21:46:18.721+0000] {processor.py:830} INFO - Processing file /home/airflow/.local/lib/python3.8/site-packages/airflow/example_dags/example_branch_operator.py for tasks to queue
[2024-01-28T21:46:18.724+0000] {logging_mixin.py:188} INFO - [2024-01-28T21:46:18.724+0000] {dagbag.py:538} INFO - Filling up the DagBag from /home/airflow/.local/lib/python3.8/site-packages/airflow/example_dags/example_branch_operator.py
[2024-01-28T21:46:18.737+0000] {processor.py:840} INFO - DAG(s) 'example_branch_operator' retrieved from /home/airflow/.local/lib/python3.8/site-packages/airflow/example_dags/example_branch_operator.py
[2024-01-28T21:46:18.753+0000] {logging_mixin.py:188} INFO - [2024-01-28T21:46:18.753+0000] {dag.py:3036} INFO - Sync 1 DAGs
[2024-01-28T21:46:18.765+0000] {logging_mixin.py:188} INFO - [2024-01-28T21:46:18.765+0000] {dag.py:3823} INFO - Setting next_dagrun for example_branch_operator to 2024-01-27 00:00:00+00:00, run_after=2024-01-28 00:00:00+00:00
[2024-01-28T21:46:18.775+0000] {processor.py:183} INFO - Processing /home/airflow/.local/lib/python3.8/site-packages/airflow/example_dags/example_branch_operator.py took 0.058 seconds
[2024-01-28T21:46:48.831+0000] {processor.py:161} INFO - Started process (PID=266) to work on /home/airflow/.local/lib/python3.8/site-packages/airflow/example_dags/example_branch_operator.py
[2024-01-28T21:46:48.832+0000] {processor.py:830} INFO - Processing file /home/airflow/.local/lib/python3.8/site-packages/airflow/example_dags/example_branch_operator.py for tasks to queue
[2024-01-28T21:46:48.833+0000] {logging_mixin.py:188} INFO - [2024-01-28T21:46:48.833+0000] {dagbag.py:538} INFO - Filling up the DagBag from /home/airflow/.local/lib/python3.8/site-packages/airflow/example_dags/example_branch_operator.py
[2024-01-28T21:46:48.843+0000] {processor.py:840} INFO - DAG(s) 'example_branch_operator' retrieved from /home/airflow/.local/lib/python3.8/site-packages/airflow/example_dags/example_branch_operator.py
[2024-01-28T21:46:48.850+0000] {logging_mixin.py:188} INFO - [2024-01-28T21:46:48.850+0000] {dag.py:3036} INFO - Sync 1 DAGs
[2024-01-28T21:46:48.864+0000] {logging_mixin.py:188} INFO - [2024-01-28T21:46:48.864+0000] {dag.py:3823} INFO - Setting next_dagrun for example_branch_operator to 2024-01-27 00:00:00+00:00, run_after=2024-01-28 00:00:00+00:00
[2024-01-28T21:46:48.876+0000] {processor.py:183} INFO - Processing /home/airflow/.local/lib/python3.8/site-packages/airflow/example_dags/example_branch_operator.py took 0.047 seconds
[2024-01-28T21:47:19.627+0000] {processor.py:161} INFO - Started process (PID=340) to work on /home/airflow/.local/lib/python3.8/site-packages/airflow/example_dags/example_branch_operator.py
[2024-01-28T21:47:19.628+0000] {processor.py:830} INFO - Processing file /home/airflow/.local/lib/python3.8/site-packages/airflow/example_dags/example_branch_operator.py for tasks to queue
[2024-01-28T21:47:19.629+0000] {logging_mixin.py:188} INFO - [2024-01-28T21:47:19.629+0000] {dagbag.py:538} INFO - Filling up the DagBag from /home/airflow/.local/lib/python3.8/site-packages/airflow/example_dags/example_branch_operator.py
[2024-01-28T21:47:19.640+0000] {processor.py:840} INFO - DAG(s) 'example_branch_operator' retrieved from /home/airflow/.local/lib/python3.8/site-packages/airflow/example_dags/example_branch_operator.py
[2024-01-28T21:47:19.697+0000] {logging_mixin.py:188} INFO - [2024-01-28T21:47:19.696+0000] {dag.py:3036} INFO - Sync 1 DAGs
[2024-01-28T21:47:19.707+0000] {logging_mixin.py:188} INFO - [2024-01-28T21:47:19.707+0000] {dag.py:3823} INFO - Setting next_dagrun for example_branch_operator to 2024-01-27 00:00:00+00:00, run_after=2024-01-28 00:00:00+00:00
[2024-01-28T21:47:19.718+0000] {processor.py:183} INFO - Processing /home/airflow/.local/lib/python3.8/site-packages/airflow/example_dags/example_branch_operator.py took 0.094 seconds
[2024-01-28T21:47:50.703+0000] {processor.py:161} INFO - Started process (PID=414) to work on /home/airflow/.local/lib/python3.8/site-packages/airflow/example_dags/example_branch_operator.py
[2024-01-28T21:47:50.704+0000] {processor.py:830} INFO - Processing file /home/airflow/.local/lib/python3.8/site-packages/airflow/example_dags/example_branch_operator.py for tasks to queue
[2024-01-28T21:47:50.706+0000] {logging_mixin.py:188} INFO - [2024-01-28T21:47:50.706+0000] {dagbag.py:538} INFO - Filling up the DagBag from /home/airflow/.local/lib/python3.8/site-packages/airflow/example_dags/example_branch_operator.py
[2024-01-28T21:47:50.722+0000] {processor.py:840} INFO - DAG(s) 'example_branch_operator' retrieved from /home/airflow/.local/lib/python3.8/site-packages/airflow/example_dags/example_branch_operator.py
[2024-01-28T21:47:50.740+0000] {logging_mixin.py:188} INFO - [2024-01-28T21:47:50.740+0000] {dag.py:3036} INFO - Sync 1 DAGs
[2024-01-28T21:47:50.753+0000] {logging_mixin.py:188} INFO - [2024-01-28T21:47:50.753+0000] {dag.py:3823} INFO - Setting next_dagrun for example_branch_operator to 2024-01-27 00:00:00+00:00, run_after=2024-01-28 00:00:00+00:00
[2024-01-28T21:47:50.762+0000] {processor.py:183} INFO - Processing /home/airflow/.local/lib/python3.8/site-packages/airflow/example_dags/example_branch_operator.py took 0.064 seconds
[2024-01-28T21:48:20.794+0000] {processor.py:161} INFO - Started process (PID=487) to work on /home/airflow/.local/lib/python3.8/site-packages/airflow/example_dags/example_branch_operator.py
[2024-01-28T21:48:20.795+0000] {processor.py:830} INFO - Processing file /home/airflow/.local/lib/python3.8/site-packages/airflow/example_dags/example_branch_operator.py for tasks to queue
[2024-01-28T21:48:20.796+0000] {logging_mixin.py:188} INFO - [2024-01-28T21:48:20.796+0000] {dagbag.py:538} INFO - Filling up the DagBag from /home/airflow/.local/lib/python3.8/site-packages/airflow/example_dags/example_branch_operator.py
[2024-01-28T21:48:20.806+0000] {processor.py:840} INFO - DAG(s) 'example_branch_operator' retrieved from /home/airflow/.local/lib/python3.8/site-packages/airflow/example_dags/example_branch_operator.py
[2024-01-28T21:48:20.821+0000] {logging_mixin.py:188} INFO - [2024-01-28T21:48:20.820+0000] {dag.py:3036} INFO - Sync 1 DAGs
[2024-01-28T21:48:20.832+0000] {logging_mixin.py:188} INFO - [2024-01-28T21:48:20.832+0000] {dag.py:3823} INFO - Setting next_dagrun for example_branch_operator to 2024-01-27 00:00:00+00:00, run_after=2024-01-28 00:00:00+00:00
[2024-01-28T21:48:20.842+0000] {processor.py:183} INFO - Processing /home/airflow/.local/lib/python3.8/site-packages/airflow/example_dags/example_branch_operator.py took 0.050 seconds
