[2024-01-28T21:45:18.206+0000] {processor.py:161} INFO - Started process (PID=56) to work on /home/airflow/.local/lib/python3.8/site-packages/airflow/example_dags/example_xcomargs.py
[2024-01-28T21:45:18.207+0000] {processor.py:830} INFO - Processing file /home/airflow/.local/lib/python3.8/site-packages/airflow/example_dags/example_xcomargs.py for tasks to queue
[2024-01-28T21:45:18.209+0000] {logging_mixin.py:188} INFO - [2024-01-28T21:45:18.209+0000] {dagbag.py:538} INFO - Filling up the DagBag from /home/airflow/.local/lib/python3.8/site-packages/airflow/example_dags/example_xcomargs.py
[2024-01-28T21:45:18.215+0000] {processor.py:840} INFO - DAG(s) 'example_xcom_args_with_operators', 'example_xcom_args' retrieved from /home/airflow/.local/lib/python3.8/site-packages/airflow/example_dags/example_xcomargs.py
[2024-01-28T21:45:18.226+0000] {logging_mixin.py:188} INFO - [2024-01-28T21:45:18.225+0000] {dag.py:3036} INFO - Sync 2 DAGs
[2024-01-28T21:45:18.234+0000] {logging_mixin.py:188} INFO - [2024-01-28T21:45:18.234+0000] {dag.py:3823} INFO - Setting next_dagrun for example_xcom_args to None, run_after=None
[2024-01-28T21:45:18.237+0000] {logging_mixin.py:188} INFO - [2024-01-28T21:45:18.237+0000] {dag.py:3823} INFO - Setting next_dagrun for example_xcom_args_with_operators to None, run_after=None
[2024-01-28T21:45:18.247+0000] {processor.py:183} INFO - Processing /home/airflow/.local/lib/python3.8/site-packages/airflow/example_dags/example_xcomargs.py took 0.044 seconds
[2024-01-28T21:45:48.610+0000] {processor.py:161} INFO - Started process (PID=130) to work on /home/airflow/.local/lib/python3.8/site-packages/airflow/example_dags/example_xcomargs.py
[2024-01-28T21:45:48.611+0000] {processor.py:830} INFO - Processing file /home/airflow/.local/lib/python3.8/site-packages/airflow/example_dags/example_xcomargs.py for tasks to queue
[2024-01-28T21:45:48.613+0000] {logging_mixin.py:188} INFO - [2024-01-28T21:45:48.612+0000] {dagbag.py:538} INFO - Filling up the DagBag from /home/airflow/.local/lib/python3.8/site-packages/airflow/example_dags/example_xcomargs.py
[2024-01-28T21:45:48.618+0000] {processor.py:840} INFO - DAG(s) 'example_xcom_args', 'example_xcom_args_with_operators' retrieved from /home/airflow/.local/lib/python3.8/site-packages/airflow/example_dags/example_xcomargs.py
[2024-01-28T21:45:48.677+0000] {logging_mixin.py:188} INFO - [2024-01-28T21:45:48.677+0000] {dag.py:3036} INFO - Sync 2 DAGs
[2024-01-28T21:45:48.683+0000] {logging_mixin.py:188} INFO - [2024-01-28T21:45:48.683+0000] {dag.py:3823} INFO - Setting next_dagrun for example_xcom_args to None, run_after=None
[2024-01-28T21:45:48.685+0000] {logging_mixin.py:188} INFO - [2024-01-28T21:45:48.685+0000] {dag.py:3823} INFO - Setting next_dagrun for example_xcom_args_with_operators to None, run_after=None
[2024-01-28T21:45:48.694+0000] {processor.py:183} INFO - Processing /home/airflow/.local/lib/python3.8/site-packages/airflow/example_dags/example_xcomargs.py took 0.086 seconds
[2024-01-28T21:46:18.805+0000] {processor.py:161} INFO - Started process (PID=203) to work on /home/airflow/.local/lib/python3.8/site-packages/airflow/example_dags/example_xcomargs.py
[2024-01-28T21:46:18.806+0000] {processor.py:830} INFO - Processing file /home/airflow/.local/lib/python3.8/site-packages/airflow/example_dags/example_xcomargs.py for tasks to queue
[2024-01-28T21:46:18.807+0000] {logging_mixin.py:188} INFO - [2024-01-28T21:46:18.807+0000] {dagbag.py:538} INFO - Filling up the DagBag from /home/airflow/.local/lib/python3.8/site-packages/airflow/example_dags/example_xcomargs.py
[2024-01-28T21:46:18.812+0000] {processor.py:840} INFO - DAG(s) 'example_xcom_args_with_operators', 'example_xcom_args' retrieved from /home/airflow/.local/lib/python3.8/site-packages/airflow/example_dags/example_xcomargs.py
[2024-01-28T21:46:18.826+0000] {logging_mixin.py:188} INFO - [2024-01-28T21:46:18.826+0000] {dag.py:3036} INFO - Sync 2 DAGs
[2024-01-28T21:46:18.833+0000] {logging_mixin.py:188} INFO - [2024-01-28T21:46:18.833+0000] {dag.py:3823} INFO - Setting next_dagrun for example_xcom_args to None, run_after=None
[2024-01-28T21:46:18.836+0000] {logging_mixin.py:188} INFO - [2024-01-28T21:46:18.836+0000] {dag.py:3823} INFO - Setting next_dagrun for example_xcom_args_with_operators to None, run_after=None
[2024-01-28T21:46:18.846+0000] {processor.py:183} INFO - Processing /home/airflow/.local/lib/python3.8/site-packages/airflow/example_dags/example_xcomargs.py took 0.043 seconds
[2024-01-28T21:46:48.915+0000] {processor.py:161} INFO - Started process (PID=269) to work on /home/airflow/.local/lib/python3.8/site-packages/airflow/example_dags/example_xcomargs.py
[2024-01-28T21:46:48.916+0000] {processor.py:830} INFO - Processing file /home/airflow/.local/lib/python3.8/site-packages/airflow/example_dags/example_xcomargs.py for tasks to queue
[2024-01-28T21:46:48.917+0000] {logging_mixin.py:188} INFO - [2024-01-28T21:46:48.917+0000] {dagbag.py:538} INFO - Filling up the DagBag from /home/airflow/.local/lib/python3.8/site-packages/airflow/example_dags/example_xcomargs.py
[2024-01-28T21:46:48.923+0000] {processor.py:840} INFO - DAG(s) 'example_xcom_args_with_operators', 'example_xcom_args' retrieved from /home/airflow/.local/lib/python3.8/site-packages/airflow/example_dags/example_xcomargs.py
[2024-01-28T21:46:48.979+0000] {logging_mixin.py:188} INFO - [2024-01-28T21:46:48.979+0000] {dag.py:3036} INFO - Sync 2 DAGs
[2024-01-28T21:46:48.986+0000] {logging_mixin.py:188} INFO - [2024-01-28T21:46:48.985+0000] {dag.py:3823} INFO - Setting next_dagrun for example_xcom_args to None, run_after=None
[2024-01-28T21:46:48.987+0000] {logging_mixin.py:188} INFO - [2024-01-28T21:46:48.987+0000] {dag.py:3823} INFO - Setting next_dagrun for example_xcom_args_with_operators to None, run_after=None
[2024-01-28T21:46:48.997+0000] {processor.py:183} INFO - Processing /home/airflow/.local/lib/python3.8/site-packages/airflow/example_dags/example_xcomargs.py took 0.085 seconds
[2024-01-28T21:47:19.754+0000] {processor.py:161} INFO - Started process (PID=343) to work on /home/airflow/.local/lib/python3.8/site-packages/airflow/example_dags/example_xcomargs.py
[2024-01-28T21:47:19.755+0000] {processor.py:830} INFO - Processing file /home/airflow/.local/lib/python3.8/site-packages/airflow/example_dags/example_xcomargs.py for tasks to queue
[2024-01-28T21:47:19.756+0000] {logging_mixin.py:188} INFO - [2024-01-28T21:47:19.756+0000] {dagbag.py:538} INFO - Filling up the DagBag from /home/airflow/.local/lib/python3.8/site-packages/airflow/example_dags/example_xcomargs.py
[2024-01-28T21:47:19.761+0000] {processor.py:840} INFO - DAG(s) 'example_xcom_args_with_operators', 'example_xcom_args' retrieved from /home/airflow/.local/lib/python3.8/site-packages/airflow/example_dags/example_xcomargs.py
[2024-01-28T21:47:19.814+0000] {logging_mixin.py:188} INFO - [2024-01-28T21:47:19.814+0000] {dag.py:3036} INFO - Sync 2 DAGs
[2024-01-28T21:47:19.820+0000] {logging_mixin.py:188} INFO - [2024-01-28T21:47:19.820+0000] {dag.py:3823} INFO - Setting next_dagrun for example_xcom_args to None, run_after=None
[2024-01-28T21:47:19.822+0000] {logging_mixin.py:188} INFO - [2024-01-28T21:47:19.822+0000] {dag.py:3823} INFO - Setting next_dagrun for example_xcom_args_with_operators to None, run_after=None
[2024-01-28T21:47:19.831+0000] {processor.py:183} INFO - Processing /home/airflow/.local/lib/python3.8/site-packages/airflow/example_dags/example_xcomargs.py took 0.080 seconds
[2024-01-28T21:47:50.777+0000] {processor.py:161} INFO - Started process (PID=417) to work on /home/airflow/.local/lib/python3.8/site-packages/airflow/example_dags/example_xcomargs.py
[2024-01-28T21:47:50.778+0000] {processor.py:830} INFO - Processing file /home/airflow/.local/lib/python3.8/site-packages/airflow/example_dags/example_xcomargs.py for tasks to queue
[2024-01-28T21:47:50.779+0000] {logging_mixin.py:188} INFO - [2024-01-28T21:47:50.779+0000] {dagbag.py:538} INFO - Filling up the DagBag from /home/airflow/.local/lib/python3.8/site-packages/airflow/example_dags/example_xcomargs.py
[2024-01-28T21:47:50.784+0000] {processor.py:840} INFO - DAG(s) 'example_xcom_args', 'example_xcom_args_with_operators' retrieved from /home/airflow/.local/lib/python3.8/site-packages/airflow/example_dags/example_xcomargs.py
[2024-01-28T21:47:50.798+0000] {logging_mixin.py:188} INFO - [2024-01-28T21:47:50.798+0000] {dag.py:3036} INFO - Sync 2 DAGs
[2024-01-28T21:47:50.805+0000] {logging_mixin.py:188} INFO - [2024-01-28T21:47:50.805+0000] {dag.py:3823} INFO - Setting next_dagrun for example_xcom_args to None, run_after=None
[2024-01-28T21:47:50.807+0000] {logging_mixin.py:188} INFO - [2024-01-28T21:47:50.807+0000] {dag.py:3823} INFO - Setting next_dagrun for example_xcom_args_with_operators to None, run_after=None
[2024-01-28T21:47:50.815+0000] {processor.py:183} INFO - Processing /home/airflow/.local/lib/python3.8/site-packages/airflow/example_dags/example_xcomargs.py took 0.040 seconds
[2024-01-28T21:48:20.859+0000] {processor.py:161} INFO - Started process (PID=490) to work on /home/airflow/.local/lib/python3.8/site-packages/airflow/example_dags/example_xcomargs.py
[2024-01-28T21:48:20.860+0000] {processor.py:830} INFO - Processing file /home/airflow/.local/lib/python3.8/site-packages/airflow/example_dags/example_xcomargs.py for tasks to queue
[2024-01-28T21:48:20.861+0000] {logging_mixin.py:188} INFO - [2024-01-28T21:48:20.861+0000] {dagbag.py:538} INFO - Filling up the DagBag from /home/airflow/.local/lib/python3.8/site-packages/airflow/example_dags/example_xcomargs.py
[2024-01-28T21:48:20.867+0000] {processor.py:840} INFO - DAG(s) 'example_xcom_args', 'example_xcom_args_with_operators' retrieved from /home/airflow/.local/lib/python3.8/site-packages/airflow/example_dags/example_xcomargs.py
[2024-01-28T21:48:20.882+0000] {logging_mixin.py:188} INFO - [2024-01-28T21:48:20.881+0000] {dag.py:3036} INFO - Sync 2 DAGs
[2024-01-28T21:48:20.889+0000] {logging_mixin.py:188} INFO - [2024-01-28T21:48:20.889+0000] {dag.py:3823} INFO - Setting next_dagrun for example_xcom_args to None, run_after=None
[2024-01-28T21:48:20.892+0000] {logging_mixin.py:188} INFO - [2024-01-28T21:48:20.892+0000] {dag.py:3823} INFO - Setting next_dagrun for example_xcom_args_with_operators to None, run_after=None
[2024-01-28T21:48:20.902+0000] {processor.py:183} INFO - Processing /home/airflow/.local/lib/python3.8/site-packages/airflow/example_dags/example_xcomargs.py took 0.047 seconds
