[2024-01-28T21:45:18.238+0000] {processor.py:161} INFO - Started process (PID=57) to work on /home/airflow/.local/lib/python3.8/site-packages/airflow/example_dags/example_time_delta_sensor_async.py
[2024-01-28T21:45:18.239+0000] {processor.py:830} INFO - Processing file /home/airflow/.local/lib/python3.8/site-packages/airflow/example_dags/example_time_delta_sensor_async.py for tasks to queue
[2024-01-28T21:45:18.240+0000] {logging_mixin.py:188} INFO - [2024-01-28T21:45:18.240+0000] {dagbag.py:538} INFO - Filling up the DagBag from /home/airflow/.local/lib/python3.8/site-packages/airflow/example_dags/example_time_delta_sensor_async.py
[2024-01-28T21:45:18.244+0000] {processor.py:840} INFO - DAG(s) 'example_time_delta_sensor_async' retrieved from /home/airflow/.local/lib/python3.8/site-packages/airflow/example_dags/example_time_delta_sensor_async.py
[2024-01-28T21:45:18.253+0000] {logging_mixin.py:188} INFO - [2024-01-28T21:45:18.253+0000] {dag.py:3036} INFO - Sync 1 DAGs
[2024-01-28T21:45:18.264+0000] {logging_mixin.py:188} INFO - [2024-01-28T21:45:18.263+0000] {dag.py:3823} INFO - Setting next_dagrun for example_time_delta_sensor_async to None, run_after=None
[2024-01-28T21:45:18.277+0000] {processor.py:183} INFO - Processing /home/airflow/.local/lib/python3.8/site-packages/airflow/example_dags/example_time_delta_sensor_async.py took 0.042 seconds
[2024-01-28T21:45:48.673+0000] {processor.py:161} INFO - Started process (PID=131) to work on /home/airflow/.local/lib/python3.8/site-packages/airflow/example_dags/example_time_delta_sensor_async.py
[2024-01-28T21:45:48.674+0000] {processor.py:830} INFO - Processing file /home/airflow/.local/lib/python3.8/site-packages/airflow/example_dags/example_time_delta_sensor_async.py for tasks to queue
[2024-01-28T21:45:48.675+0000] {logging_mixin.py:188} INFO - [2024-01-28T21:45:48.675+0000] {dagbag.py:538} INFO - Filling up the DagBag from /home/airflow/.local/lib/python3.8/site-packages/airflow/example_dags/example_time_delta_sensor_async.py
[2024-01-28T21:45:48.678+0000] {processor.py:840} INFO - DAG(s) 'example_time_delta_sensor_async' retrieved from /home/airflow/.local/lib/python3.8/site-packages/airflow/example_dags/example_time_delta_sensor_async.py
[2024-01-28T21:45:48.732+0000] {logging_mixin.py:188} INFO - [2024-01-28T21:45:48.732+0000] {dag.py:3036} INFO - Sync 1 DAGs
[2024-01-28T21:45:48.738+0000] {logging_mixin.py:188} INFO - [2024-01-28T21:45:48.738+0000] {dag.py:3823} INFO - Setting next_dagrun for example_time_delta_sensor_async to None, run_after=None
[2024-01-28T21:45:48.747+0000] {processor.py:183} INFO - Processing /home/airflow/.local/lib/python3.8/site-packages/airflow/example_dags/example_time_delta_sensor_async.py took 0.077 seconds
[2024-01-28T21:46:18.842+0000] {processor.py:161} INFO - Started process (PID=204) to work on /home/airflow/.local/lib/python3.8/site-packages/airflow/example_dags/example_time_delta_sensor_async.py
[2024-01-28T21:46:18.843+0000] {processor.py:830} INFO - Processing file /home/airflow/.local/lib/python3.8/site-packages/airflow/example_dags/example_time_delta_sensor_async.py for tasks to queue
[2024-01-28T21:46:18.844+0000] {logging_mixin.py:188} INFO - [2024-01-28T21:46:18.844+0000] {dagbag.py:538} INFO - Filling up the DagBag from /home/airflow/.local/lib/python3.8/site-packages/airflow/example_dags/example_time_delta_sensor_async.py
[2024-01-28T21:46:18.848+0000] {processor.py:840} INFO - DAG(s) 'example_time_delta_sensor_async' retrieved from /home/airflow/.local/lib/python3.8/site-packages/airflow/example_dags/example_time_delta_sensor_async.py
[2024-01-28T21:46:18.860+0000] {logging_mixin.py:188} INFO - [2024-01-28T21:46:18.860+0000] {dag.py:3036} INFO - Sync 1 DAGs
[2024-01-28T21:46:18.867+0000] {logging_mixin.py:188} INFO - [2024-01-28T21:46:18.867+0000] {dag.py:3823} INFO - Setting next_dagrun for example_time_delta_sensor_async to None, run_after=None
[2024-01-28T21:46:18.877+0000] {processor.py:183} INFO - Processing /home/airflow/.local/lib/python3.8/site-packages/airflow/example_dags/example_time_delta_sensor_async.py took 0.037 seconds
[2024-01-28T21:46:48.941+0000] {processor.py:161} INFO - Started process (PID=270) to work on /home/airflow/.local/lib/python3.8/site-packages/airflow/example_dags/example_time_delta_sensor_async.py
[2024-01-28T21:46:48.942+0000] {processor.py:830} INFO - Processing file /home/airflow/.local/lib/python3.8/site-packages/airflow/example_dags/example_time_delta_sensor_async.py for tasks to queue
[2024-01-28T21:46:48.943+0000] {logging_mixin.py:188} INFO - [2024-01-28T21:46:48.943+0000] {dagbag.py:538} INFO - Filling up the DagBag from /home/airflow/.local/lib/python3.8/site-packages/airflow/example_dags/example_time_delta_sensor_async.py
[2024-01-28T21:46:48.947+0000] {processor.py:840} INFO - DAG(s) 'example_time_delta_sensor_async' retrieved from /home/airflow/.local/lib/python3.8/site-packages/airflow/example_dags/example_time_delta_sensor_async.py
[2024-01-28T21:46:49.002+0000] {logging_mixin.py:188} INFO - [2024-01-28T21:46:49.002+0000] {dag.py:3036} INFO - Sync 1 DAGs
[2024-01-28T21:46:49.008+0000] {logging_mixin.py:188} INFO - [2024-01-28T21:46:49.008+0000] {dag.py:3823} INFO - Setting next_dagrun for example_time_delta_sensor_async to None, run_after=None
[2024-01-28T21:46:49.019+0000] {processor.py:183} INFO - Processing /home/airflow/.local/lib/python3.8/site-packages/airflow/example_dags/example_time_delta_sensor_async.py took 0.080 seconds
[2024-01-28T21:47:19.820+0000] {processor.py:161} INFO - Started process (PID=344) to work on /home/airflow/.local/lib/python3.8/site-packages/airflow/example_dags/example_time_delta_sensor_async.py
[2024-01-28T21:47:19.821+0000] {processor.py:830} INFO - Processing file /home/airflow/.local/lib/python3.8/site-packages/airflow/example_dags/example_time_delta_sensor_async.py for tasks to queue
[2024-01-28T21:47:19.822+0000] {logging_mixin.py:188} INFO - [2024-01-28T21:47:19.822+0000] {dagbag.py:538} INFO - Filling up the DagBag from /home/airflow/.local/lib/python3.8/site-packages/airflow/example_dags/example_time_delta_sensor_async.py
[2024-01-28T21:47:19.825+0000] {processor.py:840} INFO - DAG(s) 'example_time_delta_sensor_async' retrieved from /home/airflow/.local/lib/python3.8/site-packages/airflow/example_dags/example_time_delta_sensor_async.py
[2024-01-28T21:47:19.839+0000] {logging_mixin.py:188} INFO - [2024-01-28T21:47:19.839+0000] {dag.py:3036} INFO - Sync 1 DAGs
[2024-01-28T21:47:19.846+0000] {logging_mixin.py:188} INFO - [2024-01-28T21:47:19.845+0000] {dag.py:3823} INFO - Setting next_dagrun for example_time_delta_sensor_async to None, run_after=None
[2024-01-28T21:47:19.855+0000] {processor.py:183} INFO - Processing /home/airflow/.local/lib/python3.8/site-packages/airflow/example_dags/example_time_delta_sensor_async.py took 0.038 seconds
[2024-01-28T21:47:50.818+0000] {processor.py:161} INFO - Started process (PID=418) to work on /home/airflow/.local/lib/python3.8/site-packages/airflow/example_dags/example_time_delta_sensor_async.py
[2024-01-28T21:47:50.818+0000] {processor.py:830} INFO - Processing file /home/airflow/.local/lib/python3.8/site-packages/airflow/example_dags/example_time_delta_sensor_async.py for tasks to queue
[2024-01-28T21:47:50.820+0000] {logging_mixin.py:188} INFO - [2024-01-28T21:47:50.819+0000] {dagbag.py:538} INFO - Filling up the DagBag from /home/airflow/.local/lib/python3.8/site-packages/airflow/example_dags/example_time_delta_sensor_async.py
[2024-01-28T21:47:50.823+0000] {processor.py:840} INFO - DAG(s) 'example_time_delta_sensor_async' retrieved from /home/airflow/.local/lib/python3.8/site-packages/airflow/example_dags/example_time_delta_sensor_async.py
[2024-01-28T21:47:50.835+0000] {logging_mixin.py:188} INFO - [2024-01-28T21:47:50.835+0000] {dag.py:3036} INFO - Sync 1 DAGs
[2024-01-28T21:47:50.842+0000] {logging_mixin.py:188} INFO - [2024-01-28T21:47:50.842+0000] {dag.py:3823} INFO - Setting next_dagrun for example_time_delta_sensor_async to None, run_after=None
[2024-01-28T21:47:50.851+0000] {processor.py:183} INFO - Processing /home/airflow/.local/lib/python3.8/site-packages/airflow/example_dags/example_time_delta_sensor_async.py took 0.036 seconds
[2024-01-28T21:48:20.905+0000] {processor.py:161} INFO - Started process (PID=491) to work on /home/airflow/.local/lib/python3.8/site-packages/airflow/example_dags/example_time_delta_sensor_async.py
[2024-01-28T21:48:20.906+0000] {processor.py:830} INFO - Processing file /home/airflow/.local/lib/python3.8/site-packages/airflow/example_dags/example_time_delta_sensor_async.py for tasks to queue
[2024-01-28T21:48:20.908+0000] {logging_mixin.py:188} INFO - [2024-01-28T21:48:20.907+0000] {dagbag.py:538} INFO - Filling up the DagBag from /home/airflow/.local/lib/python3.8/site-packages/airflow/example_dags/example_time_delta_sensor_async.py
[2024-01-28T21:48:20.911+0000] {processor.py:840} INFO - DAG(s) 'example_time_delta_sensor_async' retrieved from /home/airflow/.local/lib/python3.8/site-packages/airflow/example_dags/example_time_delta_sensor_async.py
[2024-01-28T21:48:20.923+0000] {logging_mixin.py:188} INFO - [2024-01-28T21:48:20.923+0000] {dag.py:3036} INFO - Sync 1 DAGs
[2024-01-28T21:48:20.930+0000] {logging_mixin.py:188} INFO - [2024-01-28T21:48:20.930+0000] {dag.py:3823} INFO - Setting next_dagrun for example_time_delta_sensor_async to None, run_after=None
[2024-01-28T21:48:20.941+0000] {processor.py:183} INFO - Processing /home/airflow/.local/lib/python3.8/site-packages/airflow/example_dags/example_time_delta_sensor_async.py took 0.038 seconds
