[2024-01-28T21:45:17.391+0000] {processor.py:161} INFO - Started process (PID=35) to work on /home/airflow/.local/lib/python3.8/site-packages/airflow/example_dags/example_task_group_decorator.py
[2024-01-28T21:45:17.392+0000] {processor.py:830} INFO - Processing file /home/airflow/.local/lib/python3.8/site-packages/airflow/example_dags/example_task_group_decorator.py for tasks to queue
[2024-01-28T21:45:17.393+0000] {logging_mixin.py:188} INFO - [2024-01-28T21:45:17.393+0000] {dagbag.py:538} INFO - Filling up the DagBag from /home/airflow/.local/lib/python3.8/site-packages/airflow/example_dags/example_task_group_decorator.py
[2024-01-28T21:45:17.402+0000] {processor.py:840} INFO - DAG(s) 'example_task_group_decorator' retrieved from /home/airflow/.local/lib/python3.8/site-packages/airflow/example_dags/example_task_group_decorator.py
[2024-01-28T21:45:17.419+0000] {logging_mixin.py:188} INFO - [2024-01-28T21:45:17.419+0000] {dag.py:3036} INFO - Sync 1 DAGs
[2024-01-28T21:45:17.432+0000] {logging_mixin.py:188} INFO - [2024-01-28T21:45:17.432+0000] {dag.py:3823} INFO - Setting next_dagrun for example_task_group_decorator to 2024-01-27 00:00:00+00:00, run_after=2024-01-28 00:00:00+00:00
[2024-01-28T21:45:17.443+0000] {processor.py:183} INFO - Processing /home/airflow/.local/lib/python3.8/site-packages/airflow/example_dags/example_task_group_decorator.py took 0.055 seconds
[2024-01-28T21:45:47.583+0000] {processor.py:161} INFO - Started process (PID=109) to work on /home/airflow/.local/lib/python3.8/site-packages/airflow/example_dags/example_task_group_decorator.py
[2024-01-28T21:45:47.584+0000] {processor.py:830} INFO - Processing file /home/airflow/.local/lib/python3.8/site-packages/airflow/example_dags/example_task_group_decorator.py for tasks to queue
[2024-01-28T21:45:47.585+0000] {logging_mixin.py:188} INFO - [2024-01-28T21:45:47.585+0000] {dagbag.py:538} INFO - Filling up the DagBag from /home/airflow/.local/lib/python3.8/site-packages/airflow/example_dags/example_task_group_decorator.py
[2024-01-28T21:45:47.594+0000] {processor.py:840} INFO - DAG(s) 'example_task_group_decorator' retrieved from /home/airflow/.local/lib/python3.8/site-packages/airflow/example_dags/example_task_group_decorator.py
[2024-01-28T21:45:47.644+0000] {logging_mixin.py:188} INFO - [2024-01-28T21:45:47.644+0000] {dag.py:3036} INFO - Sync 1 DAGs
[2024-01-28T21:45:47.654+0000] {logging_mixin.py:188} INFO - [2024-01-28T21:45:47.654+0000] {dag.py:3823} INFO - Setting next_dagrun for example_task_group_decorator to 2024-01-27 00:00:00+00:00, run_after=2024-01-28 00:00:00+00:00
[2024-01-28T21:45:47.665+0000] {processor.py:183} INFO - Processing /home/airflow/.local/lib/python3.8/site-packages/airflow/example_dags/example_task_group_decorator.py took 0.084 seconds
[2024-01-28T21:46:18.063+0000] {processor.py:161} INFO - Started process (PID=182) to work on /home/airflow/.local/lib/python3.8/site-packages/airflow/example_dags/example_task_group_decorator.py
[2024-01-28T21:46:18.064+0000] {processor.py:830} INFO - Processing file /home/airflow/.local/lib/python3.8/site-packages/airflow/example_dags/example_task_group_decorator.py for tasks to queue
[2024-01-28T21:46:18.066+0000] {logging_mixin.py:188} INFO - [2024-01-28T21:46:18.065+0000] {dagbag.py:538} INFO - Filling up the DagBag from /home/airflow/.local/lib/python3.8/site-packages/airflow/example_dags/example_task_group_decorator.py
[2024-01-28T21:46:18.073+0000] {processor.py:840} INFO - DAG(s) 'example_task_group_decorator' retrieved from /home/airflow/.local/lib/python3.8/site-packages/airflow/example_dags/example_task_group_decorator.py
[2024-01-28T21:46:18.089+0000] {logging_mixin.py:188} INFO - [2024-01-28T21:46:18.089+0000] {dag.py:3036} INFO - Sync 1 DAGs
[2024-01-28T21:46:18.101+0000] {logging_mixin.py:188} INFO - [2024-01-28T21:46:18.100+0000] {dag.py:3823} INFO - Setting next_dagrun for example_task_group_decorator to 2024-01-27 00:00:00+00:00, run_after=2024-01-28 00:00:00+00:00
[2024-01-28T21:46:18.111+0000] {processor.py:183} INFO - Processing /home/airflow/.local/lib/python3.8/site-packages/airflow/example_dags/example_task_group_decorator.py took 0.050 seconds
[2024-01-28T21:46:48.311+0000] {processor.py:161} INFO - Started process (PID=248) to work on /home/airflow/.local/lib/python3.8/site-packages/airflow/example_dags/example_task_group_decorator.py
[2024-01-28T21:46:48.313+0000] {processor.py:830} INFO - Processing file /home/airflow/.local/lib/python3.8/site-packages/airflow/example_dags/example_task_group_decorator.py for tasks to queue
[2024-01-28T21:46:48.315+0000] {logging_mixin.py:188} INFO - [2024-01-28T21:46:48.315+0000] {dagbag.py:538} INFO - Filling up the DagBag from /home/airflow/.local/lib/python3.8/site-packages/airflow/example_dags/example_task_group_decorator.py
[2024-01-28T21:46:48.329+0000] {processor.py:840} INFO - DAG(s) 'example_task_group_decorator' retrieved from /home/airflow/.local/lib/python3.8/site-packages/airflow/example_dags/example_task_group_decorator.py
[2024-01-28T21:46:48.340+0000] {logging_mixin.py:188} INFO - [2024-01-28T21:46:48.340+0000] {dag.py:3036} INFO - Sync 1 DAGs
[2024-01-28T21:46:48.355+0000] {logging_mixin.py:188} INFO - [2024-01-28T21:46:48.355+0000] {dag.py:3823} INFO - Setting next_dagrun for example_task_group_decorator to 2024-01-27 00:00:00+00:00, run_after=2024-01-28 00:00:00+00:00
[2024-01-28T21:46:48.367+0000] {processor.py:183} INFO - Processing /home/airflow/.local/lib/python3.8/site-packages/airflow/example_dags/example_task_group_decorator.py took 0.060 seconds
[2024-01-28T21:47:18.700+0000] {processor.py:161} INFO - Started process (PID=322) to work on /home/airflow/.local/lib/python3.8/site-packages/airflow/example_dags/example_task_group_decorator.py
[2024-01-28T21:47:18.702+0000] {processor.py:830} INFO - Processing file /home/airflow/.local/lib/python3.8/site-packages/airflow/example_dags/example_task_group_decorator.py for tasks to queue
[2024-01-28T21:47:18.704+0000] {logging_mixin.py:188} INFO - [2024-01-28T21:47:18.703+0000] {dagbag.py:538} INFO - Filling up the DagBag from /home/airflow/.local/lib/python3.8/site-packages/airflow/example_dags/example_task_group_decorator.py
[2024-01-28T21:47:18.717+0000] {processor.py:840} INFO - DAG(s) 'example_task_group_decorator' retrieved from /home/airflow/.local/lib/python3.8/site-packages/airflow/example_dags/example_task_group_decorator.py
[2024-01-28T21:47:18.773+0000] {logging_mixin.py:188} INFO - [2024-01-28T21:47:18.773+0000] {dag.py:3036} INFO - Sync 1 DAGs
[2024-01-28T21:47:18.784+0000] {logging_mixin.py:188} INFO - [2024-01-28T21:47:18.784+0000] {dag.py:3823} INFO - Setting next_dagrun for example_task_group_decorator to 2024-01-27 00:00:00+00:00, run_after=2024-01-28 00:00:00+00:00
[2024-01-28T21:47:18.793+0000] {processor.py:183} INFO - Processing /home/airflow/.local/lib/python3.8/site-packages/airflow/example_dags/example_task_group_decorator.py took 0.098 seconds
[2024-01-28T21:47:49.036+0000] {processor.py:161} INFO - Started process (PID=396) to work on /home/airflow/.local/lib/python3.8/site-packages/airflow/example_dags/example_task_group_decorator.py
[2024-01-28T21:47:49.037+0000] {processor.py:830} INFO - Processing file /home/airflow/.local/lib/python3.8/site-packages/airflow/example_dags/example_task_group_decorator.py for tasks to queue
[2024-01-28T21:47:49.040+0000] {logging_mixin.py:188} INFO - [2024-01-28T21:47:49.040+0000] {dagbag.py:538} INFO - Filling up the DagBag from /home/airflow/.local/lib/python3.8/site-packages/airflow/example_dags/example_task_group_decorator.py
[2024-01-28T21:47:49.054+0000] {processor.py:840} INFO - DAG(s) 'example_task_group_decorator' retrieved from /home/airflow/.local/lib/python3.8/site-packages/airflow/example_dags/example_task_group_decorator.py
[2024-01-28T21:47:49.071+0000] {logging_mixin.py:188} INFO - [2024-01-28T21:47:49.071+0000] {dag.py:3036} INFO - Sync 1 DAGs
[2024-01-28T21:47:49.083+0000] {logging_mixin.py:188} INFO - [2024-01-28T21:47:49.083+0000] {dag.py:3823} INFO - Setting next_dagrun for example_task_group_decorator to 2024-01-27 00:00:00+00:00, run_after=2024-01-28 00:00:00+00:00
[2024-01-28T21:47:49.094+0000] {processor.py:183} INFO - Processing /home/airflow/.local/lib/python3.8/site-packages/airflow/example_dags/example_task_group_decorator.py took 0.063 seconds
[2024-01-28T21:48:19.168+0000] {processor.py:161} INFO - Started process (PID=461) to work on /home/airflow/.local/lib/python3.8/site-packages/airflow/example_dags/example_task_group_decorator.py
[2024-01-28T21:48:19.169+0000] {processor.py:830} INFO - Processing file /home/airflow/.local/lib/python3.8/site-packages/airflow/example_dags/example_task_group_decorator.py for tasks to queue
[2024-01-28T21:48:19.170+0000] {logging_mixin.py:188} INFO - [2024-01-28T21:48:19.170+0000] {dagbag.py:538} INFO - Filling up the DagBag from /home/airflow/.local/lib/python3.8/site-packages/airflow/example_dags/example_task_group_decorator.py
[2024-01-28T21:48:19.177+0000] {processor.py:840} INFO - DAG(s) 'example_task_group_decorator' retrieved from /home/airflow/.local/lib/python3.8/site-packages/airflow/example_dags/example_task_group_decorator.py
[2024-01-28T21:48:19.190+0000] {logging_mixin.py:188} INFO - [2024-01-28T21:48:19.190+0000] {dag.py:3036} INFO - Sync 1 DAGs
[2024-01-28T21:48:19.201+0000] {logging_mixin.py:188} INFO - [2024-01-28T21:48:19.201+0000] {dag.py:3823} INFO - Setting next_dagrun for example_task_group_decorator to 2024-01-27 00:00:00+00:00, run_after=2024-01-28 00:00:00+00:00
[2024-01-28T21:48:19.211+0000] {processor.py:183} INFO - Processing /home/airflow/.local/lib/python3.8/site-packages/airflow/example_dags/example_task_group_decorator.py took 0.045 seconds
