[2024-01-28T21:45:18.556+0000] {processor.py:161} INFO - Started process (PID=65) to work on /home/airflow/.local/lib/python3.8/site-packages/airflow/example_dags/example_branch_day_of_week_operator.py
[2024-01-28T21:45:18.557+0000] {processor.py:830} INFO - Processing file /home/airflow/.local/lib/python3.8/site-packages/airflow/example_dags/example_branch_day_of_week_operator.py for tasks to queue
[2024-01-28T21:45:18.559+0000] {logging_mixin.py:188} INFO - [2024-01-28T21:45:18.559+0000] {dagbag.py:538} INFO - Filling up the DagBag from /home/airflow/.local/lib/python3.8/site-packages/airflow/example_dags/example_branch_day_of_week_operator.py
[2024-01-28T21:45:18.565+0000] {processor.py:840} INFO - DAG(s) 'example_weekday_branch_operator' retrieved from /home/airflow/.local/lib/python3.8/site-packages/airflow/example_dags/example_branch_day_of_week_operator.py
[2024-01-28T21:45:18.577+0000] {logging_mixin.py:188} INFO - [2024-01-28T21:45:18.577+0000] {dag.py:3036} INFO - Sync 1 DAGs
[2024-01-28T21:45:18.593+0000] {logging_mixin.py:188} INFO - [2024-01-28T21:45:18.593+0000] {dag.py:3823} INFO - Setting next_dagrun for example_weekday_branch_operator to 2024-01-27 00:00:00+00:00, run_after=2024-01-28 00:00:00+00:00
[2024-01-28T21:45:18.607+0000] {processor.py:183} INFO - Processing /home/airflow/.local/lib/python3.8/site-packages/airflow/example_dags/example_branch_day_of_week_operator.py took 0.053 seconds
[2024-01-28T21:45:49.064+0000] {processor.py:161} INFO - Started process (PID=139) to work on /home/airflow/.local/lib/python3.8/site-packages/airflow/example_dags/example_branch_day_of_week_operator.py
[2024-01-28T21:45:49.065+0000] {processor.py:830} INFO - Processing file /home/airflow/.local/lib/python3.8/site-packages/airflow/example_dags/example_branch_day_of_week_operator.py for tasks to queue
[2024-01-28T21:45:49.066+0000] {logging_mixin.py:188} INFO - [2024-01-28T21:45:49.066+0000] {dagbag.py:538} INFO - Filling up the DagBag from /home/airflow/.local/lib/python3.8/site-packages/airflow/example_dags/example_branch_day_of_week_operator.py
[2024-01-28T21:45:49.071+0000] {processor.py:840} INFO - DAG(s) 'example_weekday_branch_operator' retrieved from /home/airflow/.local/lib/python3.8/site-packages/airflow/example_dags/example_branch_day_of_week_operator.py
[2024-01-28T21:45:49.125+0000] {logging_mixin.py:188} INFO - [2024-01-28T21:45:49.125+0000] {dag.py:3036} INFO - Sync 1 DAGs
[2024-01-28T21:45:49.136+0000] {logging_mixin.py:188} INFO - [2024-01-28T21:45:49.136+0000] {dag.py:3823} INFO - Setting next_dagrun for example_weekday_branch_operator to 2024-01-27 00:00:00+00:00, run_after=2024-01-28 00:00:00+00:00
[2024-01-28T21:45:49.148+0000] {processor.py:183} INFO - Processing /home/airflow/.local/lib/python3.8/site-packages/airflow/example_dags/example_branch_day_of_week_operator.py took 0.087 seconds
[2024-01-28T21:46:20.168+0000] {processor.py:161} INFO - Started process (PID=212) to work on /home/airflow/.local/lib/python3.8/site-packages/airflow/example_dags/example_branch_day_of_week_operator.py
[2024-01-28T21:46:20.169+0000] {processor.py:830} INFO - Processing file /home/airflow/.local/lib/python3.8/site-packages/airflow/example_dags/example_branch_day_of_week_operator.py for tasks to queue
[2024-01-28T21:46:20.170+0000] {logging_mixin.py:188} INFO - [2024-01-28T21:46:20.170+0000] {dagbag.py:538} INFO - Filling up the DagBag from /home/airflow/.local/lib/python3.8/site-packages/airflow/example_dags/example_branch_day_of_week_operator.py
[2024-01-28T21:46:20.175+0000] {processor.py:840} INFO - DAG(s) 'example_weekday_branch_operator' retrieved from /home/airflow/.local/lib/python3.8/site-packages/airflow/example_dags/example_branch_day_of_week_operator.py
[2024-01-28T21:46:20.184+0000] {logging_mixin.py:188} INFO - [2024-01-28T21:46:20.184+0000] {dag.py:3036} INFO - Sync 1 DAGs
[2024-01-28T21:46:20.197+0000] {logging_mixin.py:188} INFO - [2024-01-28T21:46:20.197+0000] {dag.py:3823} INFO - Setting next_dagrun for example_weekday_branch_operator to 2024-01-27 00:00:00+00:00, run_after=2024-01-28 00:00:00+00:00
[2024-01-28T21:46:20.208+0000] {processor.py:183} INFO - Processing /home/airflow/.local/lib/python3.8/site-packages/airflow/example_dags/example_branch_day_of_week_operator.py took 0.043 seconds
[2024-01-28T21:46:50.331+0000] {processor.py:161} INFO - Started process (PID=285) to work on /home/airflow/.local/lib/python3.8/site-packages/airflow/example_dags/example_branch_day_of_week_operator.py
[2024-01-28T21:46:50.332+0000] {processor.py:830} INFO - Processing file /home/airflow/.local/lib/python3.8/site-packages/airflow/example_dags/example_branch_day_of_week_operator.py for tasks to queue
[2024-01-28T21:46:50.334+0000] {logging_mixin.py:188} INFO - [2024-01-28T21:46:50.333+0000] {dagbag.py:538} INFO - Filling up the DagBag from /home/airflow/.local/lib/python3.8/site-packages/airflow/example_dags/example_branch_day_of_week_operator.py
[2024-01-28T21:46:50.339+0000] {processor.py:840} INFO - DAG(s) 'example_weekday_branch_operator' retrieved from /home/airflow/.local/lib/python3.8/site-packages/airflow/example_dags/example_branch_day_of_week_operator.py
[2024-01-28T21:46:50.396+0000] {logging_mixin.py:188} INFO - [2024-01-28T21:46:50.396+0000] {dag.py:3036} INFO - Sync 1 DAGs
[2024-01-28T21:46:50.409+0000] {logging_mixin.py:188} INFO - [2024-01-28T21:46:50.408+0000] {dag.py:3823} INFO - Setting next_dagrun for example_weekday_branch_operator to 2024-01-27 00:00:00+00:00, run_after=2024-01-28 00:00:00+00:00
[2024-01-28T21:46:50.419+0000] {processor.py:183} INFO - Processing /home/airflow/.local/lib/python3.8/site-packages/airflow/example_dags/example_branch_day_of_week_operator.py took 0.091 seconds
[2024-01-28T21:47:21.105+0000] {processor.py:161} INFO - Started process (PID=352) to work on /home/airflow/.local/lib/python3.8/site-packages/airflow/example_dags/example_branch_day_of_week_operator.py
[2024-01-28T21:47:21.106+0000] {processor.py:830} INFO - Processing file /home/airflow/.local/lib/python3.8/site-packages/airflow/example_dags/example_branch_day_of_week_operator.py for tasks to queue
[2024-01-28T21:47:21.107+0000] {logging_mixin.py:188} INFO - [2024-01-28T21:47:21.107+0000] {dagbag.py:538} INFO - Filling up the DagBag from /home/airflow/.local/lib/python3.8/site-packages/airflow/example_dags/example_branch_day_of_week_operator.py
[2024-01-28T21:47:21.112+0000] {processor.py:840} INFO - DAG(s) 'example_weekday_branch_operator' retrieved from /home/airflow/.local/lib/python3.8/site-packages/airflow/example_dags/example_branch_day_of_week_operator.py
[2024-01-28T21:47:21.125+0000] {logging_mixin.py:188} INFO - [2024-01-28T21:47:21.125+0000] {dag.py:3036} INFO - Sync 1 DAGs
[2024-01-28T21:47:21.136+0000] {logging_mixin.py:188} INFO - [2024-01-28T21:47:21.136+0000] {dag.py:3823} INFO - Setting next_dagrun for example_weekday_branch_operator to 2024-01-27 00:00:00+00:00, run_after=2024-01-28 00:00:00+00:00
[2024-01-28T21:47:21.147+0000] {processor.py:183} INFO - Processing /home/airflow/.local/lib/python3.8/site-packages/airflow/example_dags/example_branch_day_of_week_operator.py took 0.044 seconds
[2024-01-28T21:47:52.119+0000] {processor.py:161} INFO - Started process (PID=426) to work on /home/airflow/.local/lib/python3.8/site-packages/airflow/example_dags/example_branch_day_of_week_operator.py
[2024-01-28T21:47:52.120+0000] {processor.py:830} INFO - Processing file /home/airflow/.local/lib/python3.8/site-packages/airflow/example_dags/example_branch_day_of_week_operator.py for tasks to queue
[2024-01-28T21:47:52.121+0000] {logging_mixin.py:188} INFO - [2024-01-28T21:47:52.121+0000] {dagbag.py:538} INFO - Filling up the DagBag from /home/airflow/.local/lib/python3.8/site-packages/airflow/example_dags/example_branch_day_of_week_operator.py
[2024-01-28T21:47:52.126+0000] {processor.py:840} INFO - DAG(s) 'example_weekday_branch_operator' retrieved from /home/airflow/.local/lib/python3.8/site-packages/airflow/example_dags/example_branch_day_of_week_operator.py
[2024-01-28T21:47:52.139+0000] {logging_mixin.py:188} INFO - [2024-01-28T21:47:52.139+0000] {dag.py:3036} INFO - Sync 1 DAGs
[2024-01-28T21:47:52.150+0000] {logging_mixin.py:188} INFO - [2024-01-28T21:47:52.150+0000] {dag.py:3823} INFO - Setting next_dagrun for example_weekday_branch_operator to 2024-01-27 00:00:00+00:00, run_after=2024-01-28 00:00:00+00:00
[2024-01-28T21:47:52.159+0000] {processor.py:183} INFO - Processing /home/airflow/.local/lib/python3.8/site-packages/airflow/example_dags/example_branch_day_of_week_operator.py took 0.042 seconds
[2024-01-28T21:48:22.218+0000] {processor.py:161} INFO - Started process (PID=499) to work on /home/airflow/.local/lib/python3.8/site-packages/airflow/example_dags/example_branch_day_of_week_operator.py
[2024-01-28T21:48:22.219+0000] {processor.py:830} INFO - Processing file /home/airflow/.local/lib/python3.8/site-packages/airflow/example_dags/example_branch_day_of_week_operator.py for tasks to queue
[2024-01-28T21:48:22.220+0000] {logging_mixin.py:188} INFO - [2024-01-28T21:48:22.220+0000] {dagbag.py:538} INFO - Filling up the DagBag from /home/airflow/.local/lib/python3.8/site-packages/airflow/example_dags/example_branch_day_of_week_operator.py
[2024-01-28T21:48:22.225+0000] {processor.py:840} INFO - DAG(s) 'example_weekday_branch_operator' retrieved from /home/airflow/.local/lib/python3.8/site-packages/airflow/example_dags/example_branch_day_of_week_operator.py
[2024-01-28T21:48:22.238+0000] {logging_mixin.py:188} INFO - [2024-01-28T21:48:22.238+0000] {dag.py:3036} INFO - Sync 1 DAGs
[2024-01-28T21:48:22.250+0000] {logging_mixin.py:188} INFO - [2024-01-28T21:48:22.250+0000] {dag.py:3823} INFO - Setting next_dagrun for example_weekday_branch_operator to 2024-01-27 00:00:00+00:00, run_after=2024-01-28 00:00:00+00:00
[2024-01-28T21:48:22.259+0000] {processor.py:183} INFO - Processing /home/airflow/.local/lib/python3.8/site-packages/airflow/example_dags/example_branch_day_of_week_operator.py took 0.043 seconds
