[2024-01-28T21:45:18.704+0000] {processor.py:161} INFO - Started process (PID=69) to work on /home/airflow/.local/lib/python3.8/site-packages/airflow/example_dags/example_setup_teardown.py
[2024-01-28T21:45:18.706+0000] {processor.py:830} INFO - Processing file /home/airflow/.local/lib/python3.8/site-packages/airflow/example_dags/example_setup_teardown.py for tasks to queue
[2024-01-28T21:45:18.708+0000] {logging_mixin.py:188} INFO - [2024-01-28T21:45:18.707+0000] {dagbag.py:538} INFO - Filling up the DagBag from /home/airflow/.local/lib/python3.8/site-packages/airflow/example_dags/example_setup_teardown.py
[2024-01-28T21:45:18.713+0000] {processor.py:840} INFO - DAG(s) 'example_setup_teardown' retrieved from /home/airflow/.local/lib/python3.8/site-packages/airflow/example_dags/example_setup_teardown.py
[2024-01-28T21:45:18.724+0000] {logging_mixin.py:188} INFO - [2024-01-28T21:45:18.724+0000] {dag.py:3036} INFO - Sync 1 DAGs
[2024-01-28T21:45:18.741+0000] {logging_mixin.py:188} INFO - [2024-01-28T21:45:18.741+0000] {dag.py:3823} INFO - Setting next_dagrun for example_setup_teardown to 2024-01-27 00:00:00+00:00, run_after=2024-01-28 00:00:00+00:00
[2024-01-28T21:45:18.756+0000] {processor.py:183} INFO - Processing /home/airflow/.local/lib/python3.8/site-packages/airflow/example_dags/example_setup_teardown.py took 0.055 seconds
[2024-01-28T21:45:49.271+0000] {processor.py:161} INFO - Started process (PID=143) to work on /home/airflow/.local/lib/python3.8/site-packages/airflow/example_dags/example_setup_teardown.py
[2024-01-28T21:45:49.272+0000] {processor.py:830} INFO - Processing file /home/airflow/.local/lib/python3.8/site-packages/airflow/example_dags/example_setup_teardown.py for tasks to queue
[2024-01-28T21:45:49.273+0000] {logging_mixin.py:188} INFO - [2024-01-28T21:45:49.273+0000] {dagbag.py:538} INFO - Filling up the DagBag from /home/airflow/.local/lib/python3.8/site-packages/airflow/example_dags/example_setup_teardown.py
[2024-01-28T21:45:49.278+0000] {processor.py:840} INFO - DAG(s) 'example_setup_teardown' retrieved from /home/airflow/.local/lib/python3.8/site-packages/airflow/example_dags/example_setup_teardown.py
[2024-01-28T21:45:49.332+0000] {logging_mixin.py:188} INFO - [2024-01-28T21:45:49.332+0000] {dag.py:3036} INFO - Sync 1 DAGs
[2024-01-28T21:45:49.343+0000] {logging_mixin.py:188} INFO - [2024-01-28T21:45:49.343+0000] {dag.py:3823} INFO - Setting next_dagrun for example_setup_teardown to 2024-01-27 00:00:00+00:00, run_after=2024-01-28 00:00:00+00:00
[2024-01-28T21:45:49.355+0000] {processor.py:183} INFO - Processing /home/airflow/.local/lib/python3.8/site-packages/airflow/example_dags/example_setup_teardown.py took 0.086 seconds
[2024-01-28T21:46:20.411+0000] {processor.py:161} INFO - Started process (PID=216) to work on /home/airflow/.local/lib/python3.8/site-packages/airflow/example_dags/example_setup_teardown.py
[2024-01-28T21:46:20.412+0000] {processor.py:830} INFO - Processing file /home/airflow/.local/lib/python3.8/site-packages/airflow/example_dags/example_setup_teardown.py for tasks to queue
[2024-01-28T21:46:20.413+0000] {logging_mixin.py:188} INFO - [2024-01-28T21:46:20.413+0000] {dagbag.py:538} INFO - Filling up the DagBag from /home/airflow/.local/lib/python3.8/site-packages/airflow/example_dags/example_setup_teardown.py
[2024-01-28T21:46:20.417+0000] {processor.py:840} INFO - DAG(s) 'example_setup_teardown' retrieved from /home/airflow/.local/lib/python3.8/site-packages/airflow/example_dags/example_setup_teardown.py
[2024-01-28T21:46:20.425+0000] {logging_mixin.py:188} INFO - [2024-01-28T21:46:20.425+0000] {dag.py:3036} INFO - Sync 1 DAGs
[2024-01-28T21:46:20.437+0000] {logging_mixin.py:188} INFO - [2024-01-28T21:46:20.437+0000] {dag.py:3823} INFO - Setting next_dagrun for example_setup_teardown to 2024-01-27 00:00:00+00:00, run_after=2024-01-28 00:00:00+00:00
[2024-01-28T21:46:20.446+0000] {processor.py:183} INFO - Processing /home/airflow/.local/lib/python3.8/site-packages/airflow/example_dags/example_setup_teardown.py took 0.038 seconds
[2024-01-28T21:46:50.677+0000] {processor.py:161} INFO - Started process (PID=290) to work on /home/airflow/.local/lib/python3.8/site-packages/airflow/example_dags/example_setup_teardown.py
[2024-01-28T21:46:50.678+0000] {processor.py:830} INFO - Processing file /home/airflow/.local/lib/python3.8/site-packages/airflow/example_dags/example_setup_teardown.py for tasks to queue
[2024-01-28T21:46:50.680+0000] {logging_mixin.py:188} INFO - [2024-01-28T21:46:50.680+0000] {dagbag.py:538} INFO - Filling up the DagBag from /home/airflow/.local/lib/python3.8/site-packages/airflow/example_dags/example_setup_teardown.py
[2024-01-28T21:46:50.687+0000] {processor.py:840} INFO - DAG(s) 'example_setup_teardown' retrieved from /home/airflow/.local/lib/python3.8/site-packages/airflow/example_dags/example_setup_teardown.py
[2024-01-28T21:46:50.754+0000] {logging_mixin.py:188} INFO - [2024-01-28T21:46:50.754+0000] {dag.py:3036} INFO - Sync 1 DAGs
[2024-01-28T21:46:50.765+0000] {logging_mixin.py:188} INFO - [2024-01-28T21:46:50.765+0000] {dag.py:3823} INFO - Setting next_dagrun for example_setup_teardown to 2024-01-27 00:00:00+00:00, run_after=2024-01-28 00:00:00+00:00
[2024-01-28T21:46:50.776+0000] {processor.py:183} INFO - Processing /home/airflow/.local/lib/python3.8/site-packages/airflow/example_dags/example_setup_teardown.py took 0.102 seconds
[2024-01-28T21:47:21.222+0000] {processor.py:161} INFO - Started process (PID=356) to work on /home/airflow/.local/lib/python3.8/site-packages/airflow/example_dags/example_setup_teardown.py
[2024-01-28T21:47:21.223+0000] {processor.py:830} INFO - Processing file /home/airflow/.local/lib/python3.8/site-packages/airflow/example_dags/example_setup_teardown.py for tasks to queue
[2024-01-28T21:47:21.224+0000] {logging_mixin.py:188} INFO - [2024-01-28T21:47:21.224+0000] {dagbag.py:538} INFO - Filling up the DagBag from /home/airflow/.local/lib/python3.8/site-packages/airflow/example_dags/example_setup_teardown.py
[2024-01-28T21:47:21.228+0000] {processor.py:840} INFO - DAG(s) 'example_setup_teardown' retrieved from /home/airflow/.local/lib/python3.8/site-packages/airflow/example_dags/example_setup_teardown.py
[2024-01-28T21:47:21.241+0000] {logging_mixin.py:188} INFO - [2024-01-28T21:47:21.240+0000] {dag.py:3036} INFO - Sync 1 DAGs
[2024-01-28T21:47:21.251+0000] {logging_mixin.py:188} INFO - [2024-01-28T21:47:21.251+0000] {dag.py:3823} INFO - Setting next_dagrun for example_setup_teardown to 2024-01-27 00:00:00+00:00, run_after=2024-01-28 00:00:00+00:00
[2024-01-28T21:47:21.259+0000] {processor.py:183} INFO - Processing /home/airflow/.local/lib/python3.8/site-packages/airflow/example_dags/example_setup_teardown.py took 0.039 seconds
[2024-01-28T21:47:52.238+0000] {processor.py:161} INFO - Started process (PID=430) to work on /home/airflow/.local/lib/python3.8/site-packages/airflow/example_dags/example_setup_teardown.py
[2024-01-28T21:47:52.239+0000] {processor.py:830} INFO - Processing file /home/airflow/.local/lib/python3.8/site-packages/airflow/example_dags/example_setup_teardown.py for tasks to queue
[2024-01-28T21:47:52.240+0000] {logging_mixin.py:188} INFO - [2024-01-28T21:47:52.240+0000] {dagbag.py:538} INFO - Filling up the DagBag from /home/airflow/.local/lib/python3.8/site-packages/airflow/example_dags/example_setup_teardown.py
[2024-01-28T21:47:52.245+0000] {processor.py:840} INFO - DAG(s) 'example_setup_teardown' retrieved from /home/airflow/.local/lib/python3.8/site-packages/airflow/example_dags/example_setup_teardown.py
[2024-01-28T21:47:52.257+0000] {logging_mixin.py:188} INFO - [2024-01-28T21:47:52.257+0000] {dag.py:3036} INFO - Sync 1 DAGs
[2024-01-28T21:47:52.269+0000] {logging_mixin.py:188} INFO - [2024-01-28T21:47:52.269+0000] {dag.py:3823} INFO - Setting next_dagrun for example_setup_teardown to 2024-01-27 00:00:00+00:00, run_after=2024-01-28 00:00:00+00:00
[2024-01-28T21:47:52.277+0000] {processor.py:183} INFO - Processing /home/airflow/.local/lib/python3.8/site-packages/airflow/example_dags/example_setup_teardown.py took 0.041 seconds
[2024-01-28T21:48:22.352+0000] {processor.py:161} INFO - Started process (PID=503) to work on /home/airflow/.local/lib/python3.8/site-packages/airflow/example_dags/example_setup_teardown.py
[2024-01-28T21:48:22.353+0000] {processor.py:830} INFO - Processing file /home/airflow/.local/lib/python3.8/site-packages/airflow/example_dags/example_setup_teardown.py for tasks to queue
[2024-01-28T21:48:22.354+0000] {logging_mixin.py:188} INFO - [2024-01-28T21:48:22.354+0000] {dagbag.py:538} INFO - Filling up the DagBag from /home/airflow/.local/lib/python3.8/site-packages/airflow/example_dags/example_setup_teardown.py
[2024-01-28T21:48:22.359+0000] {processor.py:840} INFO - DAG(s) 'example_setup_teardown' retrieved from /home/airflow/.local/lib/python3.8/site-packages/airflow/example_dags/example_setup_teardown.py
[2024-01-28T21:48:22.372+0000] {logging_mixin.py:188} INFO - [2024-01-28T21:48:22.372+0000] {dag.py:3036} INFO - Sync 1 DAGs
[2024-01-28T21:48:22.385+0000] {logging_mixin.py:188} INFO - [2024-01-28T21:48:22.384+0000] {dag.py:3823} INFO - Setting next_dagrun for example_setup_teardown to 2024-01-27 00:00:00+00:00, run_after=2024-01-28 00:00:00+00:00
[2024-01-28T21:48:22.396+0000] {processor.py:183} INFO - Processing /home/airflow/.local/lib/python3.8/site-packages/airflow/example_dags/example_setup_teardown.py took 0.046 seconds
