[2024-01-28T21:45:17.535+0000] {processor.py:161} INFO - Started process (PID=39) to work on /home/airflow/.local/lib/python3.8/site-packages/airflow/example_dags/example_kubernetes_executor.py
[2024-01-28T21:45:17.536+0000] {processor.py:830} INFO - Processing file /home/airflow/.local/lib/python3.8/site-packages/airflow/example_dags/example_kubernetes_executor.py for tasks to queue
[2024-01-28T21:45:17.537+0000] {logging_mixin.py:188} INFO - [2024-01-28T21:45:17.537+0000] {dagbag.py:538} INFO - Filling up the DagBag from /home/airflow/.local/lib/python3.8/site-packages/airflow/example_dags/example_kubernetes_executor.py
[2024-01-28T21:45:17.548+0000] {processor.py:840} INFO - DAG(s) 'example_kubernetes_executor' retrieved from /home/airflow/.local/lib/python3.8/site-packages/airflow/example_dags/example_kubernetes_executor.py
[2024-01-28T21:45:17.555+0000] {logging_mixin.py:188} INFO - [2024-01-28T21:45:17.555+0000] {dag.py:3036} INFO - Sync 1 DAGs
[2024-01-28T21:45:17.572+0000] {logging_mixin.py:188} INFO - [2024-01-28T21:45:17.572+0000] {dag.py:3823} INFO - Setting next_dagrun for example_kubernetes_executor to None, run_after=None
[2024-01-28T21:45:17.606+0000] {processor.py:183} INFO - Processing /home/airflow/.local/lib/python3.8/site-packages/airflow/example_dags/example_kubernetes_executor.py took 0.074 seconds
[2024-01-28T21:45:47.774+0000] {processor.py:161} INFO - Started process (PID=113) to work on /home/airflow/.local/lib/python3.8/site-packages/airflow/example_dags/example_kubernetes_executor.py
[2024-01-28T21:45:47.775+0000] {processor.py:830} INFO - Processing file /home/airflow/.local/lib/python3.8/site-packages/airflow/example_dags/example_kubernetes_executor.py for tasks to queue
[2024-01-28T21:45:47.776+0000] {logging_mixin.py:188} INFO - [2024-01-28T21:45:47.776+0000] {dagbag.py:538} INFO - Filling up the DagBag from /home/airflow/.local/lib/python3.8/site-packages/airflow/example_dags/example_kubernetes_executor.py
[2024-01-28T21:45:47.785+0000] {processor.py:840} INFO - DAG(s) 'example_kubernetes_executor' retrieved from /home/airflow/.local/lib/python3.8/site-packages/airflow/example_dags/example_kubernetes_executor.py
[2024-01-28T21:45:47.850+0000] {logging_mixin.py:188} INFO - [2024-01-28T21:45:47.850+0000] {dag.py:3036} INFO - Sync 1 DAGs
[2024-01-28T21:45:47.856+0000] {logging_mixin.py:188} INFO - [2024-01-28T21:45:47.855+0000] {dag.py:3823} INFO - Setting next_dagrun for example_kubernetes_executor to None, run_after=None
[2024-01-28T21:45:47.866+0000] {processor.py:183} INFO - Processing /home/airflow/.local/lib/python3.8/site-packages/airflow/example_dags/example_kubernetes_executor.py took 0.094 seconds
[2024-01-28T21:46:18.206+0000] {processor.py:161} INFO - Started process (PID=186) to work on /home/airflow/.local/lib/python3.8/site-packages/airflow/example_dags/example_kubernetes_executor.py
[2024-01-28T21:46:18.207+0000] {processor.py:830} INFO - Processing file /home/airflow/.local/lib/python3.8/site-packages/airflow/example_dags/example_kubernetes_executor.py for tasks to queue
[2024-01-28T21:46:18.208+0000] {logging_mixin.py:188} INFO - [2024-01-28T21:46:18.208+0000] {dagbag.py:538} INFO - Filling up the DagBag from /home/airflow/.local/lib/python3.8/site-packages/airflow/example_dags/example_kubernetes_executor.py
[2024-01-28T21:46:18.217+0000] {processor.py:840} INFO - DAG(s) 'example_kubernetes_executor' retrieved from /home/airflow/.local/lib/python3.8/site-packages/airflow/example_dags/example_kubernetes_executor.py
[2024-01-28T21:46:18.238+0000] {logging_mixin.py:188} INFO - [2024-01-28T21:46:18.237+0000] {dag.py:3036} INFO - Sync 1 DAGs
[2024-01-28T21:46:18.244+0000] {logging_mixin.py:188} INFO - [2024-01-28T21:46:18.244+0000] {dag.py:3823} INFO - Setting next_dagrun for example_kubernetes_executor to None, run_after=None
[2024-01-28T21:46:18.255+0000] {processor.py:183} INFO - Processing /home/airflow/.local/lib/python3.8/site-packages/airflow/example_dags/example_kubernetes_executor.py took 0.051 seconds
[2024-01-28T21:46:48.449+0000] {processor.py:161} INFO - Started process (PID=252) to work on /home/airflow/.local/lib/python3.8/site-packages/airflow/example_dags/example_kubernetes_executor.py
[2024-01-28T21:46:48.450+0000] {processor.py:830} INFO - Processing file /home/airflow/.local/lib/python3.8/site-packages/airflow/example_dags/example_kubernetes_executor.py for tasks to queue
[2024-01-28T21:46:48.451+0000] {logging_mixin.py:188} INFO - [2024-01-28T21:46:48.451+0000] {dagbag.py:538} INFO - Filling up the DagBag from /home/airflow/.local/lib/python3.8/site-packages/airflow/example_dags/example_kubernetes_executor.py
[2024-01-28T21:46:48.460+0000] {processor.py:840} INFO - DAG(s) 'example_kubernetes_executor' retrieved from /home/airflow/.local/lib/python3.8/site-packages/airflow/example_dags/example_kubernetes_executor.py
[2024-01-28T21:46:48.467+0000] {logging_mixin.py:188} INFO - [2024-01-28T21:46:48.467+0000] {dag.py:3036} INFO - Sync 1 DAGs
[2024-01-28T21:46:48.476+0000] {logging_mixin.py:188} INFO - [2024-01-28T21:46:48.476+0000] {dag.py:3823} INFO - Setting next_dagrun for example_kubernetes_executor to None, run_after=None
[2024-01-28T21:46:48.487+0000] {processor.py:183} INFO - Processing /home/airflow/.local/lib/python3.8/site-packages/airflow/example_dags/example_kubernetes_executor.py took 0.040 seconds
[2024-01-28T21:47:18.942+0000] {processor.py:161} INFO - Started process (PID=326) to work on /home/airflow/.local/lib/python3.8/site-packages/airflow/example_dags/example_kubernetes_executor.py
[2024-01-28T21:47:18.943+0000] {processor.py:830} INFO - Processing file /home/airflow/.local/lib/python3.8/site-packages/airflow/example_dags/example_kubernetes_executor.py for tasks to queue
[2024-01-28T21:47:18.944+0000] {logging_mixin.py:188} INFO - [2024-01-28T21:47:18.944+0000] {dagbag.py:538} INFO - Filling up the DagBag from /home/airflow/.local/lib/python3.8/site-packages/airflow/example_dags/example_kubernetes_executor.py
[2024-01-28T21:47:18.952+0000] {processor.py:840} INFO - DAG(s) 'example_kubernetes_executor' retrieved from /home/airflow/.local/lib/python3.8/site-packages/airflow/example_dags/example_kubernetes_executor.py
[2024-01-28T21:47:19.012+0000] {logging_mixin.py:188} INFO - [2024-01-28T21:47:19.011+0000] {dag.py:3036} INFO - Sync 1 DAGs
[2024-01-28T21:47:19.018+0000] {logging_mixin.py:188} INFO - [2024-01-28T21:47:19.017+0000] {dag.py:3823} INFO - Setting next_dagrun for example_kubernetes_executor to None, run_after=None
[2024-01-28T21:47:19.028+0000] {processor.py:183} INFO - Processing /home/airflow/.local/lib/python3.8/site-packages/airflow/example_dags/example_kubernetes_executor.py took 0.088 seconds
[2024-01-28T21:47:49.186+0000] {processor.py:161} INFO - Started process (PID=400) to work on /home/airflow/.local/lib/python3.8/site-packages/airflow/example_dags/example_kubernetes_executor.py
[2024-01-28T21:47:49.187+0000] {processor.py:830} INFO - Processing file /home/airflow/.local/lib/python3.8/site-packages/airflow/example_dags/example_kubernetes_executor.py for tasks to queue
[2024-01-28T21:47:49.188+0000] {logging_mixin.py:188} INFO - [2024-01-28T21:47:49.188+0000] {dagbag.py:538} INFO - Filling up the DagBag from /home/airflow/.local/lib/python3.8/site-packages/airflow/example_dags/example_kubernetes_executor.py
[2024-01-28T21:47:49.197+0000] {processor.py:840} INFO - DAG(s) 'example_kubernetes_executor' retrieved from /home/airflow/.local/lib/python3.8/site-packages/airflow/example_dags/example_kubernetes_executor.py
[2024-01-28T21:47:49.218+0000] {logging_mixin.py:188} INFO - [2024-01-28T21:47:49.218+0000] {dag.py:3036} INFO - Sync 1 DAGs
[2024-01-28T21:47:49.224+0000] {logging_mixin.py:188} INFO - [2024-01-28T21:47:49.224+0000] {dag.py:3823} INFO - Setting next_dagrun for example_kubernetes_executor to None, run_after=None
[2024-01-28T21:47:49.235+0000] {processor.py:183} INFO - Processing /home/airflow/.local/lib/python3.8/site-packages/airflow/example_dags/example_kubernetes_executor.py took 0.051 seconds
[2024-01-28T21:48:19.305+0000] {processor.py:161} INFO - Started process (PID=465) to work on /home/airflow/.local/lib/python3.8/site-packages/airflow/example_dags/example_kubernetes_executor.py
[2024-01-28T21:48:19.306+0000] {processor.py:830} INFO - Processing file /home/airflow/.local/lib/python3.8/site-packages/airflow/example_dags/example_kubernetes_executor.py for tasks to queue
[2024-01-28T21:48:19.308+0000] {logging_mixin.py:188} INFO - [2024-01-28T21:48:19.308+0000] {dagbag.py:538} INFO - Filling up the DagBag from /home/airflow/.local/lib/python3.8/site-packages/airflow/example_dags/example_kubernetes_executor.py
[2024-01-28T21:48:19.317+0000] {processor.py:840} INFO - DAG(s) 'example_kubernetes_executor' retrieved from /home/airflow/.local/lib/python3.8/site-packages/airflow/example_dags/example_kubernetes_executor.py
[2024-01-28T21:48:19.339+0000] {logging_mixin.py:188} INFO - [2024-01-28T21:48:19.338+0000] {dag.py:3036} INFO - Sync 1 DAGs
[2024-01-28T21:48:19.345+0000] {logging_mixin.py:188} INFO - [2024-01-28T21:48:19.345+0000] {dag.py:3823} INFO - Setting next_dagrun for example_kubernetes_executor to None, run_after=None
[2024-01-28T21:48:19.356+0000] {processor.py:183} INFO - Processing /home/airflow/.local/lib/python3.8/site-packages/airflow/example_dags/example_kubernetes_executor.py took 0.053 seconds
