[2024-01-28T21:45:19.007+0000] {processor.py:161} INFO - Started process (PID=76) to work on /home/airflow/.local/lib/python3.8/site-packages/airflow/example_dags/example_task_group.py
[2024-01-28T21:45:19.008+0000] {processor.py:830} INFO - Processing file /home/airflow/.local/lib/python3.8/site-packages/airflow/example_dags/example_task_group.py for tasks to queue
[2024-01-28T21:45:19.009+0000] {logging_mixin.py:188} INFO - [2024-01-28T21:45:19.009+0000] {dagbag.py:538} INFO - Filling up the DagBag from /home/airflow/.local/lib/python3.8/site-packages/airflow/example_dags/example_task_group.py
[2024-01-28T21:45:19.014+0000] {processor.py:840} INFO - DAG(s) 'example_task_group' retrieved from /home/airflow/.local/lib/python3.8/site-packages/airflow/example_dags/example_task_group.py
[2024-01-28T21:45:19.024+0000] {logging_mixin.py:188} INFO - [2024-01-28T21:45:19.023+0000] {dag.py:3036} INFO - Sync 1 DAGs
[2024-01-28T21:45:19.039+0000] {logging_mixin.py:188} INFO - [2024-01-28T21:45:19.039+0000] {dag.py:3823} INFO - Setting next_dagrun for example_task_group to 2024-01-27 00:00:00+00:00, run_after=2024-01-28 00:00:00+00:00
[2024-01-28T21:45:19.050+0000] {processor.py:183} INFO - Processing /home/airflow/.local/lib/python3.8/site-packages/airflow/example_dags/example_task_group.py took 0.046 seconds
[2024-01-28T21:45:49.615+0000] {processor.py:161} INFO - Started process (PID=150) to work on /home/airflow/.local/lib/python3.8/site-packages/airflow/example_dags/example_task_group.py
[2024-01-28T21:45:49.615+0000] {processor.py:830} INFO - Processing file /home/airflow/.local/lib/python3.8/site-packages/airflow/example_dags/example_task_group.py for tasks to queue
[2024-01-28T21:45:49.617+0000] {logging_mixin.py:188} INFO - [2024-01-28T21:45:49.616+0000] {dagbag.py:538} INFO - Filling up the DagBag from /home/airflow/.local/lib/python3.8/site-packages/airflow/example_dags/example_task_group.py
[2024-01-28T21:45:49.621+0000] {processor.py:840} INFO - DAG(s) 'example_task_group' retrieved from /home/airflow/.local/lib/python3.8/site-packages/airflow/example_dags/example_task_group.py
[2024-01-28T21:45:49.675+0000] {logging_mixin.py:188} INFO - [2024-01-28T21:45:49.675+0000] {dag.py:3036} INFO - Sync 1 DAGs
[2024-01-28T21:45:49.686+0000] {logging_mixin.py:188} INFO - [2024-01-28T21:45:49.686+0000] {dag.py:3823} INFO - Setting next_dagrun for example_task_group to 2024-01-27 00:00:00+00:00, run_after=2024-01-28 00:00:00+00:00
[2024-01-28T21:45:49.696+0000] {processor.py:183} INFO - Processing /home/airflow/.local/lib/python3.8/site-packages/airflow/example_dags/example_task_group.py took 0.083 seconds
[2024-01-28T21:46:20.661+0000] {processor.py:161} INFO - Started process (PID=223) to work on /home/airflow/.local/lib/python3.8/site-packages/airflow/example_dags/example_task_group.py
[2024-01-28T21:46:20.662+0000] {processor.py:830} INFO - Processing file /home/airflow/.local/lib/python3.8/site-packages/airflow/example_dags/example_task_group.py for tasks to queue
[2024-01-28T21:46:20.663+0000] {logging_mixin.py:188} INFO - [2024-01-28T21:46:20.663+0000] {dagbag.py:538} INFO - Filling up the DagBag from /home/airflow/.local/lib/python3.8/site-packages/airflow/example_dags/example_task_group.py
[2024-01-28T21:46:20.668+0000] {processor.py:840} INFO - DAG(s) 'example_task_group' retrieved from /home/airflow/.local/lib/python3.8/site-packages/airflow/example_dags/example_task_group.py
[2024-01-28T21:46:20.676+0000] {logging_mixin.py:188} INFO - [2024-01-28T21:46:20.676+0000] {dag.py:3036} INFO - Sync 1 DAGs
[2024-01-28T21:46:20.689+0000] {logging_mixin.py:188} INFO - [2024-01-28T21:46:20.689+0000] {dag.py:3823} INFO - Setting next_dagrun for example_task_group to 2024-01-27 00:00:00+00:00, run_after=2024-01-28 00:00:00+00:00
[2024-01-28T21:46:20.699+0000] {processor.py:183} INFO - Processing /home/airflow/.local/lib/python3.8/site-packages/airflow/example_dags/example_task_group.py took 0.040 seconds
[2024-01-28T21:46:51.036+0000] {processor.py:161} INFO - Started process (PID=297) to work on /home/airflow/.local/lib/python3.8/site-packages/airflow/example_dags/example_task_group.py
[2024-01-28T21:46:51.037+0000] {processor.py:830} INFO - Processing file /home/airflow/.local/lib/python3.8/site-packages/airflow/example_dags/example_task_group.py for tasks to queue
[2024-01-28T21:46:51.039+0000] {logging_mixin.py:188} INFO - [2024-01-28T21:46:51.038+0000] {dagbag.py:538} INFO - Filling up the DagBag from /home/airflow/.local/lib/python3.8/site-packages/airflow/example_dags/example_task_group.py
[2024-01-28T21:46:51.044+0000] {processor.py:840} INFO - DAG(s) 'example_task_group' retrieved from /home/airflow/.local/lib/python3.8/site-packages/airflow/example_dags/example_task_group.py
[2024-01-28T21:46:51.109+0000] {logging_mixin.py:188} INFO - [2024-01-28T21:46:51.109+0000] {dag.py:3036} INFO - Sync 1 DAGs
[2024-01-28T21:46:51.120+0000] {logging_mixin.py:188} INFO - [2024-01-28T21:46:51.120+0000] {dag.py:3823} INFO - Setting next_dagrun for example_task_group to 2024-01-27 00:00:00+00:00, run_after=2024-01-28 00:00:00+00:00
[2024-01-28T21:46:51.131+0000] {processor.py:183} INFO - Processing /home/airflow/.local/lib/python3.8/site-packages/airflow/example_dags/example_task_group.py took 0.098 seconds
[2024-01-28T21:47:21.501+0000] {processor.py:161} INFO - Started process (PID=363) to work on /home/airflow/.local/lib/python3.8/site-packages/airflow/example_dags/example_task_group.py
[2024-01-28T21:47:21.502+0000] {processor.py:830} INFO - Processing file /home/airflow/.local/lib/python3.8/site-packages/airflow/example_dags/example_task_group.py for tasks to queue
[2024-01-28T21:47:21.503+0000] {logging_mixin.py:188} INFO - [2024-01-28T21:47:21.503+0000] {dagbag.py:538} INFO - Filling up the DagBag from /home/airflow/.local/lib/python3.8/site-packages/airflow/example_dags/example_task_group.py
[2024-01-28T21:47:21.507+0000] {processor.py:840} INFO - DAG(s) 'example_task_group' retrieved from /home/airflow/.local/lib/python3.8/site-packages/airflow/example_dags/example_task_group.py
[2024-01-28T21:47:21.520+0000] {logging_mixin.py:188} INFO - [2024-01-28T21:47:21.520+0000] {dag.py:3036} INFO - Sync 1 DAGs
[2024-01-28T21:47:21.532+0000] {logging_mixin.py:188} INFO - [2024-01-28T21:47:21.532+0000] {dag.py:3823} INFO - Setting next_dagrun for example_task_group to 2024-01-27 00:00:00+00:00, run_after=2024-01-28 00:00:00+00:00
[2024-01-28T21:47:21.541+0000] {processor.py:183} INFO - Processing /home/airflow/.local/lib/python3.8/site-packages/airflow/example_dags/example_task_group.py took 0.042 seconds
[2024-01-28T21:47:52.515+0000] {processor.py:161} INFO - Started process (PID=437) to work on /home/airflow/.local/lib/python3.8/site-packages/airflow/example_dags/example_task_group.py
[2024-01-28T21:47:52.515+0000] {processor.py:830} INFO - Processing file /home/airflow/.local/lib/python3.8/site-packages/airflow/example_dags/example_task_group.py for tasks to queue
[2024-01-28T21:47:52.517+0000] {logging_mixin.py:188} INFO - [2024-01-28T21:47:52.516+0000] {dagbag.py:538} INFO - Filling up the DagBag from /home/airflow/.local/lib/python3.8/site-packages/airflow/example_dags/example_task_group.py
[2024-01-28T21:47:52.521+0000] {processor.py:840} INFO - DAG(s) 'example_task_group' retrieved from /home/airflow/.local/lib/python3.8/site-packages/airflow/example_dags/example_task_group.py
[2024-01-28T21:47:52.535+0000] {logging_mixin.py:188} INFO - [2024-01-28T21:47:52.535+0000] {dag.py:3036} INFO - Sync 1 DAGs
[2024-01-28T21:47:52.546+0000] {logging_mixin.py:188} INFO - [2024-01-28T21:47:52.546+0000] {dag.py:3823} INFO - Setting next_dagrun for example_task_group to 2024-01-27 00:00:00+00:00, run_after=2024-01-28 00:00:00+00:00
[2024-01-28T21:47:52.555+0000] {processor.py:183} INFO - Processing /home/airflow/.local/lib/python3.8/site-packages/airflow/example_dags/example_task_group.py took 0.043 seconds
[2024-01-28T21:48:22.590+0000] {processor.py:161} INFO - Started process (PID=510) to work on /home/airflow/.local/lib/python3.8/site-packages/airflow/example_dags/example_task_group.py
[2024-01-28T21:48:22.590+0000] {processor.py:830} INFO - Processing file /home/airflow/.local/lib/python3.8/site-packages/airflow/example_dags/example_task_group.py for tasks to queue
[2024-01-28T21:48:22.592+0000] {logging_mixin.py:188} INFO - [2024-01-28T21:48:22.592+0000] {dagbag.py:538} INFO - Filling up the DagBag from /home/airflow/.local/lib/python3.8/site-packages/airflow/example_dags/example_task_group.py
[2024-01-28T21:48:22.597+0000] {processor.py:840} INFO - DAG(s) 'example_task_group' retrieved from /home/airflow/.local/lib/python3.8/site-packages/airflow/example_dags/example_task_group.py
[2024-01-28T21:48:22.612+0000] {logging_mixin.py:188} INFO - [2024-01-28T21:48:22.612+0000] {dag.py:3036} INFO - Sync 1 DAGs
[2024-01-28T21:48:22.625+0000] {logging_mixin.py:188} INFO - [2024-01-28T21:48:22.625+0000] {dag.py:3823} INFO - Setting next_dagrun for example_task_group to 2024-01-27 00:00:00+00:00, run_after=2024-01-28 00:00:00+00:00
[2024-01-28T21:48:22.636+0000] {processor.py:183} INFO - Processing /home/airflow/.local/lib/python3.8/site-packages/airflow/example_dags/example_task_group.py took 0.050 seconds
