[2024-01-28T21:45:18.046+0000] {processor.py:161} INFO - Started process (PID=51) to work on /home/airflow/.local/lib/python3.8/site-packages/airflow/example_dags/example_branch_python_dop_operator_3.py
[2024-01-28T21:45:18.047+0000] {processor.py:830} INFO - Processing file /home/airflow/.local/lib/python3.8/site-packages/airflow/example_dags/example_branch_python_dop_operator_3.py for tasks to queue
[2024-01-28T21:45:18.049+0000] {logging_mixin.py:188} INFO - [2024-01-28T21:45:18.048+0000] {dagbag.py:538} INFO - Filling up the DagBag from /home/airflow/.local/lib/python3.8/site-packages/airflow/example_dags/example_branch_python_dop_operator_3.py
[2024-01-28T21:45:18.056+0000] {processor.py:840} INFO - DAG(s) 'example_branch_dop_operator_v3' retrieved from /home/airflow/.local/lib/python3.8/site-packages/airflow/example_dags/example_branch_python_dop_operator_3.py
[2024-01-28T21:45:18.066+0000] {logging_mixin.py:188} INFO - [2024-01-28T21:45:18.066+0000] {dag.py:3036} INFO - Sync 1 DAGs
[2024-01-28T21:45:18.085+0000] {logging_mixin.py:188} INFO - [2024-01-28T21:45:18.085+0000] {dag.py:3823} INFO - Setting next_dagrun for example_branch_dop_operator_v3 to 2024-01-28 21:44:00+00:00, run_after=2024-01-28 21:45:00+00:00
[2024-01-28T21:45:18.098+0000] {processor.py:183} INFO - Processing /home/airflow/.local/lib/python3.8/site-packages/airflow/example_dags/example_branch_python_dop_operator_3.py took 0.055 seconds
[2024-01-28T21:45:48.370+0000] {processor.py:161} INFO - Started process (PID=125) to work on /home/airflow/.local/lib/python3.8/site-packages/airflow/example_dags/example_branch_python_dop_operator_3.py
[2024-01-28T21:45:48.370+0000] {processor.py:830} INFO - Processing file /home/airflow/.local/lib/python3.8/site-packages/airflow/example_dags/example_branch_python_dop_operator_3.py for tasks to queue
[2024-01-28T21:45:48.372+0000] {logging_mixin.py:188} INFO - [2024-01-28T21:45:48.372+0000] {dagbag.py:538} INFO - Filling up the DagBag from /home/airflow/.local/lib/python3.8/site-packages/airflow/example_dags/example_branch_python_dop_operator_3.py
[2024-01-28T21:45:48.378+0000] {processor.py:840} INFO - DAG(s) 'example_branch_dop_operator_v3' retrieved from /home/airflow/.local/lib/python3.8/site-packages/airflow/example_dags/example_branch_python_dop_operator_3.py
[2024-01-28T21:45:48.433+0000] {logging_mixin.py:188} INFO - [2024-01-28T21:45:48.433+0000] {dag.py:3036} INFO - Sync 1 DAGs
[2024-01-28T21:45:48.446+0000] {logging_mixin.py:188} INFO - [2024-01-28T21:45:48.445+0000] {dag.py:3823} INFO - Setting next_dagrun for example_branch_dop_operator_v3 to 2024-01-28 21:44:00+00:00, run_after=2024-01-28 21:45:00+00:00
[2024-01-28T21:45:48.456+0000] {processor.py:183} INFO - Processing /home/airflow/.local/lib/python3.8/site-packages/airflow/example_dags/example_branch_python_dop_operator_3.py took 0.088 seconds
[2024-01-28T21:46:18.655+0000] {processor.py:161} INFO - Started process (PID=198) to work on /home/airflow/.local/lib/python3.8/site-packages/airflow/example_dags/example_branch_python_dop_operator_3.py
[2024-01-28T21:46:18.656+0000] {processor.py:830} INFO - Processing file /home/airflow/.local/lib/python3.8/site-packages/airflow/example_dags/example_branch_python_dop_operator_3.py for tasks to queue
[2024-01-28T21:46:18.657+0000] {logging_mixin.py:188} INFO - [2024-01-28T21:46:18.657+0000] {dagbag.py:538} INFO - Filling up the DagBag from /home/airflow/.local/lib/python3.8/site-packages/airflow/example_dags/example_branch_python_dop_operator_3.py
[2024-01-28T21:46:18.663+0000] {processor.py:840} INFO - DAG(s) 'example_branch_dop_operator_v3' retrieved from /home/airflow/.local/lib/python3.8/site-packages/airflow/example_dags/example_branch_python_dop_operator_3.py
[2024-01-28T21:46:18.676+0000] {logging_mixin.py:188} INFO - [2024-01-28T21:46:18.676+0000] {dag.py:3036} INFO - Sync 1 DAGs
[2024-01-28T21:46:18.691+0000] {logging_mixin.py:188} INFO - [2024-01-28T21:46:18.691+0000] {dag.py:3823} INFO - Setting next_dagrun for example_branch_dop_operator_v3 to 2024-01-28 21:45:00+00:00, run_after=2024-01-28 21:46:00+00:00
[2024-01-28T21:46:18.703+0000] {processor.py:183} INFO - Processing /home/airflow/.local/lib/python3.8/site-packages/airflow/example_dags/example_branch_python_dop_operator_3.py took 0.050 seconds
[2024-01-28T21:46:48.771+0000] {processor.py:161} INFO - Started process (PID=264) to work on /home/airflow/.local/lib/python3.8/site-packages/airflow/example_dags/example_branch_python_dop_operator_3.py
[2024-01-28T21:46:48.772+0000] {processor.py:830} INFO - Processing file /home/airflow/.local/lib/python3.8/site-packages/airflow/example_dags/example_branch_python_dop_operator_3.py for tasks to queue
[2024-01-28T21:46:48.774+0000] {logging_mixin.py:188} INFO - [2024-01-28T21:46:48.773+0000] {dagbag.py:538} INFO - Filling up the DagBag from /home/airflow/.local/lib/python3.8/site-packages/airflow/example_dags/example_branch_python_dop_operator_3.py
[2024-01-28T21:46:48.780+0000] {processor.py:840} INFO - DAG(s) 'example_branch_dop_operator_v3' retrieved from /home/airflow/.local/lib/python3.8/site-packages/airflow/example_dags/example_branch_python_dop_operator_3.py
[2024-01-28T21:46:48.789+0000] {logging_mixin.py:188} INFO - [2024-01-28T21:46:48.788+0000] {dag.py:3036} INFO - Sync 1 DAGs
[2024-01-28T21:46:48.804+0000] {logging_mixin.py:188} INFO - [2024-01-28T21:46:48.804+0000] {dag.py:3823} INFO - Setting next_dagrun for example_branch_dop_operator_v3 to 2024-01-28 21:45:00+00:00, run_after=2024-01-28 21:46:00+00:00
[2024-01-28T21:46:48.815+0000] {processor.py:183} INFO - Processing /home/airflow/.local/lib/python3.8/site-packages/airflow/example_dags/example_branch_python_dop_operator_3.py took 0.047 seconds
[2024-01-28T21:47:19.527+0000] {processor.py:161} INFO - Started process (PID=338) to work on /home/airflow/.local/lib/python3.8/site-packages/airflow/example_dags/example_branch_python_dop_operator_3.py
[2024-01-28T21:47:19.528+0000] {processor.py:830} INFO - Processing file /home/airflow/.local/lib/python3.8/site-packages/airflow/example_dags/example_branch_python_dop_operator_3.py for tasks to queue
[2024-01-28T21:47:19.529+0000] {logging_mixin.py:188} INFO - [2024-01-28T21:47:19.529+0000] {dagbag.py:538} INFO - Filling up the DagBag from /home/airflow/.local/lib/python3.8/site-packages/airflow/example_dags/example_branch_python_dop_operator_3.py
[2024-01-28T21:47:19.534+0000] {processor.py:840} INFO - DAG(s) 'example_branch_dop_operator_v3' retrieved from /home/airflow/.local/lib/python3.8/site-packages/airflow/example_dags/example_branch_python_dop_operator_3.py
[2024-01-28T21:47:19.589+0000] {logging_mixin.py:188} INFO - [2024-01-28T21:47:19.588+0000] {dag.py:3036} INFO - Sync 1 DAGs
[2024-01-28T21:47:19.601+0000] {logging_mixin.py:188} INFO - [2024-01-28T21:47:19.601+0000] {dag.py:3823} INFO - Setting next_dagrun for example_branch_dop_operator_v3 to 2024-01-28 21:46:00+00:00, run_after=2024-01-28 21:47:00+00:00
[2024-01-28T21:47:19.612+0000] {processor.py:183} INFO - Processing /home/airflow/.local/lib/python3.8/site-packages/airflow/example_dags/example_branch_python_dop_operator_3.py took 0.087 seconds
[2024-01-28T21:47:49.630+0000] {processor.py:161} INFO - Started process (PID=412) to work on /home/airflow/.local/lib/python3.8/site-packages/airflow/example_dags/example_branch_python_dop_operator_3.py
[2024-01-28T21:47:49.631+0000] {processor.py:830} INFO - Processing file /home/airflow/.local/lib/python3.8/site-packages/airflow/example_dags/example_branch_python_dop_operator_3.py for tasks to queue
[2024-01-28T21:47:49.633+0000] {logging_mixin.py:188} INFO - [2024-01-28T21:47:49.632+0000] {dagbag.py:538} INFO - Filling up the DagBag from /home/airflow/.local/lib/python3.8/site-packages/airflow/example_dags/example_branch_python_dop_operator_3.py
[2024-01-28T21:47:49.638+0000] {processor.py:840} INFO - DAG(s) 'example_branch_dop_operator_v3' retrieved from /home/airflow/.local/lib/python3.8/site-packages/airflow/example_dags/example_branch_python_dop_operator_3.py
[2024-01-28T21:47:49.651+0000] {logging_mixin.py:188} INFO - [2024-01-28T21:47:49.650+0000] {dag.py:3036} INFO - Sync 1 DAGs
[2024-01-28T21:47:49.665+0000] {logging_mixin.py:188} INFO - [2024-01-28T21:47:49.665+0000] {dag.py:3823} INFO - Setting next_dagrun for example_branch_dop_operator_v3 to 2024-01-28 21:46:00+00:00, run_after=2024-01-28 21:47:00+00:00
[2024-01-28T21:47:49.675+0000] {processor.py:183} INFO - Processing /home/airflow/.local/lib/python3.8/site-packages/airflow/example_dags/example_branch_python_dop_operator_3.py took 0.047 seconds
[2024-01-28T21:48:19.723+0000] {processor.py:161} INFO - Started process (PID=477) to work on /home/airflow/.local/lib/python3.8/site-packages/airflow/example_dags/example_branch_python_dop_operator_3.py
[2024-01-28T21:48:19.724+0000] {processor.py:830} INFO - Processing file /home/airflow/.local/lib/python3.8/site-packages/airflow/example_dags/example_branch_python_dop_operator_3.py for tasks to queue
[2024-01-28T21:48:19.726+0000] {logging_mixin.py:188} INFO - [2024-01-28T21:48:19.725+0000] {dagbag.py:538} INFO - Filling up the DagBag from /home/airflow/.local/lib/python3.8/site-packages/airflow/example_dags/example_branch_python_dop_operator_3.py
[2024-01-28T21:48:19.732+0000] {processor.py:840} INFO - DAG(s) 'example_branch_dop_operator_v3' retrieved from /home/airflow/.local/lib/python3.8/site-packages/airflow/example_dags/example_branch_python_dop_operator_3.py
[2024-01-28T21:48:19.748+0000] {logging_mixin.py:188} INFO - [2024-01-28T21:48:19.748+0000] {dag.py:3036} INFO - Sync 1 DAGs
[2024-01-28T21:48:19.763+0000] {logging_mixin.py:188} INFO - [2024-01-28T21:48:19.762+0000] {dag.py:3823} INFO - Setting next_dagrun for example_branch_dop_operator_v3 to 2024-01-28 21:47:00+00:00, run_after=2024-01-28 21:48:00+00:00
[2024-01-28T21:48:19.775+0000] {processor.py:183} INFO - Processing /home/airflow/.local/lib/python3.8/site-packages/airflow/example_dags/example_branch_python_dop_operator_3.py took 0.054 seconds
