[2024-01-28T21:45:17.486+0000] {processor.py:161} INFO - Started process (PID=38) to work on /home/airflow/.local/lib/python3.8/site-packages/airflow/example_dags/example_skip_dag.py
[2024-01-28T21:45:17.487+0000] {processor.py:830} INFO - Processing file /home/airflow/.local/lib/python3.8/site-packages/airflow/example_dags/example_skip_dag.py for tasks to queue
[2024-01-28T21:45:17.488+0000] {logging_mixin.py:188} INFO - [2024-01-28T21:45:17.488+0000] {dagbag.py:538} INFO - Filling up the DagBag from /home/airflow/.local/lib/python3.8/site-packages/airflow/example_dags/example_skip_dag.py
[2024-01-28T21:45:17.494+0000] {processor.py:840} INFO - DAG(s) 'example_skip_dag' retrieved from /home/airflow/.local/lib/python3.8/site-packages/airflow/example_dags/example_skip_dag.py
[2024-01-28T21:45:17.502+0000] {logging_mixin.py:188} INFO - [2024-01-28T21:45:17.502+0000] {dag.py:3036} INFO - Sync 1 DAGs
[2024-01-28T21:45:17.514+0000] {logging_mixin.py:188} INFO - [2024-01-28T21:45:17.514+0000] {dag.py:3823} INFO - Setting next_dagrun for example_skip_dag to 2024-01-27 00:00:00+00:00, run_after=2024-01-28 00:00:00+00:00
[2024-01-28T21:45:17.525+0000] {processor.py:183} INFO - Processing /home/airflow/.local/lib/python3.8/site-packages/airflow/example_dags/example_skip_dag.py took 0.041 seconds
[2024-01-28T21:45:47.680+0000] {processor.py:161} INFO - Started process (PID=112) to work on /home/airflow/.local/lib/python3.8/site-packages/airflow/example_dags/example_skip_dag.py
[2024-01-28T21:45:47.681+0000] {processor.py:830} INFO - Processing file /home/airflow/.local/lib/python3.8/site-packages/airflow/example_dags/example_skip_dag.py for tasks to queue
[2024-01-28T21:45:47.682+0000] {logging_mixin.py:188} INFO - [2024-01-28T21:45:47.682+0000] {dagbag.py:538} INFO - Filling up the DagBag from /home/airflow/.local/lib/python3.8/site-packages/airflow/example_dags/example_skip_dag.py
[2024-01-28T21:45:47.687+0000] {processor.py:840} INFO - DAG(s) 'example_skip_dag' retrieved from /home/airflow/.local/lib/python3.8/site-packages/airflow/example_dags/example_skip_dag.py
[2024-01-28T21:45:47.739+0000] {logging_mixin.py:188} INFO - [2024-01-28T21:45:47.739+0000] {dag.py:3036} INFO - Sync 1 DAGs
[2024-01-28T21:45:47.749+0000] {logging_mixin.py:188} INFO - [2024-01-28T21:45:47.749+0000] {dag.py:3823} INFO - Setting next_dagrun for example_skip_dag to 2024-01-27 00:00:00+00:00, run_after=2024-01-28 00:00:00+00:00
[2024-01-28T21:45:47.759+0000] {processor.py:183} INFO - Processing /home/airflow/.local/lib/python3.8/site-packages/airflow/example_dags/example_skip_dag.py took 0.081 seconds
[2024-01-28T21:46:18.162+0000] {processor.py:161} INFO - Started process (PID=185) to work on /home/airflow/.local/lib/python3.8/site-packages/airflow/example_dags/example_skip_dag.py
[2024-01-28T21:46:18.163+0000] {processor.py:830} INFO - Processing file /home/airflow/.local/lib/python3.8/site-packages/airflow/example_dags/example_skip_dag.py for tasks to queue
[2024-01-28T21:46:18.165+0000] {logging_mixin.py:188} INFO - [2024-01-28T21:46:18.164+0000] {dagbag.py:538} INFO - Filling up the DagBag from /home/airflow/.local/lib/python3.8/site-packages/airflow/example_dags/example_skip_dag.py
[2024-01-28T21:46:18.169+0000] {processor.py:840} INFO - DAG(s) 'example_skip_dag' retrieved from /home/airflow/.local/lib/python3.8/site-packages/airflow/example_dags/example_skip_dag.py
[2024-01-28T21:46:18.182+0000] {logging_mixin.py:188} INFO - [2024-01-28T21:46:18.182+0000] {dag.py:3036} INFO - Sync 1 DAGs
[2024-01-28T21:46:18.194+0000] {logging_mixin.py:188} INFO - [2024-01-28T21:46:18.194+0000] {dag.py:3823} INFO - Setting next_dagrun for example_skip_dag to 2024-01-27 00:00:00+00:00, run_after=2024-01-28 00:00:00+00:00
[2024-01-28T21:46:18.203+0000] {processor.py:183} INFO - Processing /home/airflow/.local/lib/python3.8/site-packages/airflow/example_dags/example_skip_dag.py took 0.043 seconds
[2024-01-28T21:46:48.419+0000] {processor.py:161} INFO - Started process (PID=251) to work on /home/airflow/.local/lib/python3.8/site-packages/airflow/example_dags/example_skip_dag.py
[2024-01-28T21:46:48.420+0000] {processor.py:830} INFO - Processing file /home/airflow/.local/lib/python3.8/site-packages/airflow/example_dags/example_skip_dag.py for tasks to queue
[2024-01-28T21:46:48.421+0000] {logging_mixin.py:188} INFO - [2024-01-28T21:46:48.421+0000] {dagbag.py:538} INFO - Filling up the DagBag from /home/airflow/.local/lib/python3.8/site-packages/airflow/example_dags/example_skip_dag.py
[2024-01-28T21:46:48.425+0000] {processor.py:840} INFO - DAG(s) 'example_skip_dag' retrieved from /home/airflow/.local/lib/python3.8/site-packages/airflow/example_dags/example_skip_dag.py
[2024-01-28T21:46:48.433+0000] {logging_mixin.py:188} INFO - [2024-01-28T21:46:48.433+0000] {dag.py:3036} INFO - Sync 1 DAGs
[2024-01-28T21:46:48.446+0000] {logging_mixin.py:188} INFO - [2024-01-28T21:46:48.446+0000] {dag.py:3823} INFO - Setting next_dagrun for example_skip_dag to 2024-01-27 00:00:00+00:00, run_after=2024-01-28 00:00:00+00:00
[2024-01-28T21:46:48.456+0000] {processor.py:183} INFO - Processing /home/airflow/.local/lib/python3.8/site-packages/airflow/example_dags/example_skip_dag.py took 0.039 seconds
[2024-01-28T21:47:18.884+0000] {processor.py:161} INFO - Started process (PID=325) to work on /home/airflow/.local/lib/python3.8/site-packages/airflow/example_dags/example_skip_dag.py
[2024-01-28T21:47:18.885+0000] {processor.py:830} INFO - Processing file /home/airflow/.local/lib/python3.8/site-packages/airflow/example_dags/example_skip_dag.py for tasks to queue
[2024-01-28T21:47:18.886+0000] {logging_mixin.py:188} INFO - [2024-01-28T21:47:18.886+0000] {dagbag.py:538} INFO - Filling up the DagBag from /home/airflow/.local/lib/python3.8/site-packages/airflow/example_dags/example_skip_dag.py
[2024-01-28T21:47:18.890+0000] {processor.py:840} INFO - DAG(s) 'example_skip_dag' retrieved from /home/airflow/.local/lib/python3.8/site-packages/airflow/example_dags/example_skip_dag.py
[2024-01-28T21:47:18.944+0000] {logging_mixin.py:188} INFO - [2024-01-28T21:47:18.944+0000] {dag.py:3036} INFO - Sync 1 DAGs
[2024-01-28T21:47:18.953+0000] {logging_mixin.py:188} INFO - [2024-01-28T21:47:18.953+0000] {dag.py:3823} INFO - Setting next_dagrun for example_skip_dag to 2024-01-27 00:00:00+00:00, run_after=2024-01-28 00:00:00+00:00
[2024-01-28T21:47:18.964+0000] {processor.py:183} INFO - Processing /home/airflow/.local/lib/python3.8/site-packages/airflow/example_dags/example_skip_dag.py took 0.082 seconds
[2024-01-28T21:47:49.143+0000] {processor.py:161} INFO - Started process (PID=399) to work on /home/airflow/.local/lib/python3.8/site-packages/airflow/example_dags/example_skip_dag.py
[2024-01-28T21:47:49.144+0000] {processor.py:830} INFO - Processing file /home/airflow/.local/lib/python3.8/site-packages/airflow/example_dags/example_skip_dag.py for tasks to queue
[2024-01-28T21:47:49.145+0000] {logging_mixin.py:188} INFO - [2024-01-28T21:47:49.145+0000] {dagbag.py:538} INFO - Filling up the DagBag from /home/airflow/.local/lib/python3.8/site-packages/airflow/example_dags/example_skip_dag.py
[2024-01-28T21:47:49.149+0000] {processor.py:840} INFO - DAG(s) 'example_skip_dag' retrieved from /home/airflow/.local/lib/python3.8/site-packages/airflow/example_dags/example_skip_dag.py
[2024-01-28T21:47:49.162+0000] {logging_mixin.py:188} INFO - [2024-01-28T21:47:49.161+0000] {dag.py:3036} INFO - Sync 1 DAGs
[2024-01-28T21:47:49.173+0000] {logging_mixin.py:188} INFO - [2024-01-28T21:47:49.173+0000] {dag.py:3823} INFO - Setting next_dagrun for example_skip_dag to 2024-01-27 00:00:00+00:00, run_after=2024-01-28 00:00:00+00:00
[2024-01-28T21:47:49.182+0000] {processor.py:183} INFO - Processing /home/airflow/.local/lib/python3.8/site-packages/airflow/example_dags/example_skip_dag.py took 0.042 seconds
[2024-01-28T21:48:19.261+0000] {processor.py:161} INFO - Started process (PID=464) to work on /home/airflow/.local/lib/python3.8/site-packages/airflow/example_dags/example_skip_dag.py
[2024-01-28T21:48:19.261+0000] {processor.py:830} INFO - Processing file /home/airflow/.local/lib/python3.8/site-packages/airflow/example_dags/example_skip_dag.py for tasks to queue
[2024-01-28T21:48:19.263+0000] {logging_mixin.py:188} INFO - [2024-01-28T21:48:19.263+0000] {dagbag.py:538} INFO - Filling up the DagBag from /home/airflow/.local/lib/python3.8/site-packages/airflow/example_dags/example_skip_dag.py
[2024-01-28T21:48:19.267+0000] {processor.py:840} INFO - DAG(s) 'example_skip_dag' retrieved from /home/airflow/.local/lib/python3.8/site-packages/airflow/example_dags/example_skip_dag.py
[2024-01-28T21:48:19.280+0000] {logging_mixin.py:188} INFO - [2024-01-28T21:48:19.280+0000] {dag.py:3036} INFO - Sync 1 DAGs
[2024-01-28T21:48:19.291+0000] {logging_mixin.py:188} INFO - [2024-01-28T21:48:19.291+0000] {dag.py:3823} INFO - Setting next_dagrun for example_skip_dag to 2024-01-27 00:00:00+00:00, run_after=2024-01-28 00:00:00+00:00
[2024-01-28T21:48:19.301+0000] {processor.py:183} INFO - Processing /home/airflow/.local/lib/python3.8/site-packages/airflow/example_dags/example_skip_dag.py took 0.043 seconds
