[2024-01-28T21:45:17.459+0000] {processor.py:161} INFO - Started process (PID=37) to work on /home/airflow/.local/lib/python3.8/site-packages/airflow/example_dags/example_datasets.py
[2024-01-28T21:45:17.460+0000] {processor.py:830} INFO - Processing file /home/airflow/.local/lib/python3.8/site-packages/airflow/example_dags/example_datasets.py for tasks to queue
[2024-01-28T21:45:17.461+0000] {logging_mixin.py:188} INFO - [2024-01-28T21:45:17.461+0000] {dagbag.py:538} INFO - Filling up the DagBag from /home/airflow/.local/lib/python3.8/site-packages/airflow/example_dags/example_datasets.py
[2024-01-28T21:45:17.469+0000] {processor.py:840} INFO - DAG(s) 'dataset_consumes_1_never_scheduled', 'dataset_produces_2', 'dataset_consumes_1', 'dataset_consumes_1_and_2', 'dataset_consumes_unknown_never_scheduled', 'dataset_produces_1' retrieved from /home/airflow/.local/lib/python3.8/site-packages/airflow/example_dags/example_datasets.py
[2024-01-28T21:45:17.479+0000] {logging_mixin.py:188} INFO - [2024-01-28T21:45:17.478+0000] {dag.py:3036} INFO - Sync 6 DAGs
[2024-01-28T21:45:17.492+0000] {logging_mixin.py:188} INFO - [2024-01-28T21:45:17.492+0000] {dag.py:3823} INFO - Setting next_dagrun for dataset_consumes_1 to None, run_after=None
[2024-01-28T21:45:17.494+0000] {logging_mixin.py:188} INFO - [2024-01-28T21:45:17.494+0000] {dag.py:3823} INFO - Setting next_dagrun for dataset_consumes_1_and_2 to None, run_after=None
[2024-01-28T21:45:17.495+0000] {logging_mixin.py:188} INFO - [2024-01-28T21:45:17.495+0000] {dag.py:3823} INFO - Setting next_dagrun for dataset_consumes_1_never_scheduled to None, run_after=None
[2024-01-28T21:45:17.496+0000] {logging_mixin.py:188} INFO - [2024-01-28T21:45:17.496+0000] {dag.py:3823} INFO - Setting next_dagrun for dataset_consumes_unknown_never_scheduled to None, run_after=None
[2024-01-28T21:45:17.498+0000] {logging_mixin.py:188} INFO - [2024-01-28T21:45:17.497+0000] {dag.py:3823} INFO - Setting next_dagrun for dataset_produces_1 to 2024-01-27 00:00:00+00:00, run_after=2024-01-28 00:00:00+00:00
[2024-01-28T21:45:17.499+0000] {logging_mixin.py:188} INFO - [2024-01-28T21:45:17.498+0000] {dag.py:3823} INFO - Setting next_dagrun for dataset_produces_2 to None, run_after=None
[2024-01-28T21:45:17.518+0000] {processor.py:183} INFO - Processing /home/airflow/.local/lib/python3.8/site-packages/airflow/example_dags/example_datasets.py took 0.061 seconds
[2024-01-28T21:45:47.673+0000] {processor.py:161} INFO - Started process (PID=111) to work on /home/airflow/.local/lib/python3.8/site-packages/airflow/example_dags/example_datasets.py
[2024-01-28T21:45:47.674+0000] {processor.py:830} INFO - Processing file /home/airflow/.local/lib/python3.8/site-packages/airflow/example_dags/example_datasets.py for tasks to queue
[2024-01-28T21:45:47.676+0000] {logging_mixin.py:188} INFO - [2024-01-28T21:45:47.675+0000] {dagbag.py:538} INFO - Filling up the DagBag from /home/airflow/.local/lib/python3.8/site-packages/airflow/example_dags/example_datasets.py
[2024-01-28T21:45:47.682+0000] {processor.py:840} INFO - DAG(s) 'dataset_consumes_unknown_never_scheduled', 'dataset_consumes_1_never_scheduled', 'dataset_produces_1', 'dataset_consumes_1_and_2', 'dataset_produces_2', 'dataset_consumes_1' retrieved from /home/airflow/.local/lib/python3.8/site-packages/airflow/example_dags/example_datasets.py
[2024-01-28T21:45:47.763+0000] {logging_mixin.py:188} INFO - [2024-01-28T21:45:47.763+0000] {dag.py:3036} INFO - Sync 6 DAGs
[2024-01-28T21:45:47.773+0000] {logging_mixin.py:188} INFO - [2024-01-28T21:45:47.773+0000] {dag.py:3823} INFO - Setting next_dagrun for dataset_consumes_1 to None, run_after=None
[2024-01-28T21:45:47.775+0000] {logging_mixin.py:188} INFO - [2024-01-28T21:45:47.775+0000] {dag.py:3823} INFO - Setting next_dagrun for dataset_consumes_1_and_2 to None, run_after=None
[2024-01-28T21:45:47.776+0000] {logging_mixin.py:188} INFO - [2024-01-28T21:45:47.776+0000] {dag.py:3823} INFO - Setting next_dagrun for dataset_consumes_1_never_scheduled to None, run_after=None
[2024-01-28T21:45:47.777+0000] {logging_mixin.py:188} INFO - [2024-01-28T21:45:47.777+0000] {dag.py:3823} INFO - Setting next_dagrun for dataset_consumes_unknown_never_scheduled to None, run_after=None
[2024-01-28T21:45:47.779+0000] {logging_mixin.py:188} INFO - [2024-01-28T21:45:47.779+0000] {dag.py:3823} INFO - Setting next_dagrun for dataset_produces_1 to 2024-01-27 00:00:00+00:00, run_after=2024-01-28 00:00:00+00:00
[2024-01-28T21:45:47.779+0000] {logging_mixin.py:188} INFO - [2024-01-28T21:45:47.779+0000] {dag.py:3823} INFO - Setting next_dagrun for dataset_produces_2 to None, run_after=None
[2024-01-28T21:45:47.798+0000] {processor.py:183} INFO - Processing /home/airflow/.local/lib/python3.8/site-packages/airflow/example_dags/example_datasets.py took 0.127 seconds
[2024-01-28T21:46:18.127+0000] {processor.py:161} INFO - Started process (PID=184) to work on /home/airflow/.local/lib/python3.8/site-packages/airflow/example_dags/example_datasets.py
[2024-01-28T21:46:18.128+0000] {processor.py:830} INFO - Processing file /home/airflow/.local/lib/python3.8/site-packages/airflow/example_dags/example_datasets.py for tasks to queue
[2024-01-28T21:46:18.129+0000] {logging_mixin.py:188} INFO - [2024-01-28T21:46:18.129+0000] {dagbag.py:538} INFO - Filling up the DagBag from /home/airflow/.local/lib/python3.8/site-packages/airflow/example_dags/example_datasets.py
[2024-01-28T21:46:18.135+0000] {processor.py:840} INFO - DAG(s) 'dataset_produces_1', 'dataset_produces_2', 'dataset_consumes_1_never_scheduled', 'dataset_consumes_1', 'dataset_consumes_unknown_never_scheduled', 'dataset_consumes_1_and_2' retrieved from /home/airflow/.local/lib/python3.8/site-packages/airflow/example_dags/example_datasets.py
[2024-01-28T21:46:18.156+0000] {logging_mixin.py:188} INFO - [2024-01-28T21:46:18.155+0000] {dag.py:3036} INFO - Sync 6 DAGs
[2024-01-28T21:46:18.169+0000] {logging_mixin.py:188} INFO - [2024-01-28T21:46:18.168+0000] {dag.py:3823} INFO - Setting next_dagrun for dataset_consumes_1 to None, run_after=None
[2024-01-28T21:46:18.171+0000] {logging_mixin.py:188} INFO - [2024-01-28T21:46:18.171+0000] {dag.py:3823} INFO - Setting next_dagrun for dataset_consumes_1_and_2 to None, run_after=None
[2024-01-28T21:46:18.172+0000] {logging_mixin.py:188} INFO - [2024-01-28T21:46:18.172+0000] {dag.py:3823} INFO - Setting next_dagrun for dataset_consumes_1_never_scheduled to None, run_after=None
[2024-01-28T21:46:18.173+0000] {logging_mixin.py:188} INFO - [2024-01-28T21:46:18.173+0000] {dag.py:3823} INFO - Setting next_dagrun for dataset_consumes_unknown_never_scheduled to None, run_after=None
[2024-01-28T21:46:18.174+0000] {logging_mixin.py:188} INFO - [2024-01-28T21:46:18.174+0000] {dag.py:3823} INFO - Setting next_dagrun for dataset_produces_1 to 2024-01-27 00:00:00+00:00, run_after=2024-01-28 00:00:00+00:00
[2024-01-28T21:46:18.175+0000] {logging_mixin.py:188} INFO - [2024-01-28T21:46:18.175+0000] {dag.py:3823} INFO - Setting next_dagrun for dataset_produces_2 to None, run_after=None
[2024-01-28T21:46:18.191+0000] {processor.py:183} INFO - Processing /home/airflow/.local/lib/python3.8/site-packages/airflow/example_dags/example_datasets.py took 0.067 seconds
[2024-01-28T21:46:48.382+0000] {processor.py:161} INFO - Started process (PID=250) to work on /home/airflow/.local/lib/python3.8/site-packages/airflow/example_dags/example_datasets.py
[2024-01-28T21:46:48.383+0000] {processor.py:830} INFO - Processing file /home/airflow/.local/lib/python3.8/site-packages/airflow/example_dags/example_datasets.py for tasks to queue
[2024-01-28T21:46:48.384+0000] {logging_mixin.py:188} INFO - [2024-01-28T21:46:48.384+0000] {dagbag.py:538} INFO - Filling up the DagBag from /home/airflow/.local/lib/python3.8/site-packages/airflow/example_dags/example_datasets.py
[2024-01-28T21:46:48.390+0000] {processor.py:840} INFO - DAG(s) 'dataset_produces_1', 'dataset_consumes_1_never_scheduled', 'dataset_produces_2', 'dataset_consumes_1', 'dataset_consumes_1_and_2', 'dataset_consumes_unknown_never_scheduled' retrieved from /home/airflow/.local/lib/python3.8/site-packages/airflow/example_dags/example_datasets.py
[2024-01-28T21:46:48.399+0000] {logging_mixin.py:188} INFO - [2024-01-28T21:46:48.399+0000] {dag.py:3036} INFO - Sync 6 DAGs
[2024-01-28T21:46:48.412+0000] {logging_mixin.py:188} INFO - [2024-01-28T21:46:48.412+0000] {dag.py:3823} INFO - Setting next_dagrun for dataset_consumes_1 to None, run_after=None
[2024-01-28T21:46:48.415+0000] {logging_mixin.py:188} INFO - [2024-01-28T21:46:48.415+0000] {dag.py:3823} INFO - Setting next_dagrun for dataset_consumes_1_and_2 to None, run_after=None
[2024-01-28T21:46:48.416+0000] {logging_mixin.py:188} INFO - [2024-01-28T21:46:48.416+0000] {dag.py:3823} INFO - Setting next_dagrun for dataset_consumes_1_never_scheduled to None, run_after=None
[2024-01-28T21:46:48.416+0000] {logging_mixin.py:188} INFO - [2024-01-28T21:46:48.416+0000] {dag.py:3823} INFO - Setting next_dagrun for dataset_consumes_unknown_never_scheduled to None, run_after=None
[2024-01-28T21:46:48.418+0000] {logging_mixin.py:188} INFO - [2024-01-28T21:46:48.418+0000] {dag.py:3823} INFO - Setting next_dagrun for dataset_produces_1 to 2024-01-27 00:00:00+00:00, run_after=2024-01-28 00:00:00+00:00
[2024-01-28T21:46:48.419+0000] {logging_mixin.py:188} INFO - [2024-01-28T21:46:48.418+0000] {dag.py:3823} INFO - Setting next_dagrun for dataset_produces_2 to None, run_after=None
[2024-01-28T21:46:48.434+0000] {processor.py:183} INFO - Processing /home/airflow/.local/lib/python3.8/site-packages/airflow/example_dags/example_datasets.py took 0.055 seconds
[2024-01-28T21:47:18.808+0000] {processor.py:161} INFO - Started process (PID=324) to work on /home/airflow/.local/lib/python3.8/site-packages/airflow/example_dags/example_datasets.py
[2024-01-28T21:47:18.809+0000] {processor.py:830} INFO - Processing file /home/airflow/.local/lib/python3.8/site-packages/airflow/example_dags/example_datasets.py for tasks to queue
[2024-01-28T21:47:18.811+0000] {logging_mixin.py:188} INFO - [2024-01-28T21:47:18.810+0000] {dagbag.py:538} INFO - Filling up the DagBag from /home/airflow/.local/lib/python3.8/site-packages/airflow/example_dags/example_datasets.py
[2024-01-28T21:47:18.817+0000] {processor.py:840} INFO - DAG(s) 'dataset_produces_2', 'dataset_produces_1', 'dataset_consumes_1_never_scheduled', 'dataset_consumes_1_and_2', 'dataset_consumes_unknown_never_scheduled', 'dataset_consumes_1' retrieved from /home/airflow/.local/lib/python3.8/site-packages/airflow/example_dags/example_datasets.py
[2024-01-28T21:47:18.894+0000] {logging_mixin.py:188} INFO - [2024-01-28T21:47:18.894+0000] {dag.py:3036} INFO - Sync 6 DAGs
[2024-01-28T21:47:18.906+0000] {logging_mixin.py:188} INFO - [2024-01-28T21:47:18.905+0000] {dag.py:3823} INFO - Setting next_dagrun for dataset_consumes_1 to None, run_after=None
[2024-01-28T21:47:18.907+0000] {logging_mixin.py:188} INFO - [2024-01-28T21:47:18.907+0000] {dag.py:3823} INFO - Setting next_dagrun for dataset_consumes_1_and_2 to None, run_after=None
[2024-01-28T21:47:18.908+0000] {logging_mixin.py:188} INFO - [2024-01-28T21:47:18.908+0000] {dag.py:3823} INFO - Setting next_dagrun for dataset_consumes_1_never_scheduled to None, run_after=None
[2024-01-28T21:47:18.909+0000] {logging_mixin.py:188} INFO - [2024-01-28T21:47:18.909+0000] {dag.py:3823} INFO - Setting next_dagrun for dataset_consumes_unknown_never_scheduled to None, run_after=None
[2024-01-28T21:47:18.910+0000] {logging_mixin.py:188} INFO - [2024-01-28T21:47:18.910+0000] {dag.py:3823} INFO - Setting next_dagrun for dataset_produces_1 to 2024-01-27 00:00:00+00:00, run_after=2024-01-28 00:00:00+00:00
[2024-01-28T21:47:18.911+0000] {logging_mixin.py:188} INFO - [2024-01-28T21:47:18.911+0000] {dag.py:3823} INFO - Setting next_dagrun for dataset_produces_2 to None, run_after=None
[2024-01-28T21:47:18.927+0000] {processor.py:183} INFO - Processing /home/airflow/.local/lib/python3.8/site-packages/airflow/example_dags/example_datasets.py took 0.121 seconds
[2024-01-28T21:47:49.109+0000] {processor.py:161} INFO - Started process (PID=398) to work on /home/airflow/.local/lib/python3.8/site-packages/airflow/example_dags/example_datasets.py
[2024-01-28T21:47:49.110+0000] {processor.py:830} INFO - Processing file /home/airflow/.local/lib/python3.8/site-packages/airflow/example_dags/example_datasets.py for tasks to queue
[2024-01-28T21:47:49.112+0000] {logging_mixin.py:188} INFO - [2024-01-28T21:47:49.111+0000] {dagbag.py:538} INFO - Filling up the DagBag from /home/airflow/.local/lib/python3.8/site-packages/airflow/example_dags/example_datasets.py
[2024-01-28T21:47:49.117+0000] {processor.py:840} INFO - DAG(s) 'dataset_consumes_1_never_scheduled', 'dataset_consumes_1', 'dataset_consumes_unknown_never_scheduled', 'dataset_produces_2', 'dataset_consumes_1_and_2', 'dataset_produces_1' retrieved from /home/airflow/.local/lib/python3.8/site-packages/airflow/example_dags/example_datasets.py
[2024-01-28T21:47:49.136+0000] {logging_mixin.py:188} INFO - [2024-01-28T21:47:49.136+0000] {dag.py:3036} INFO - Sync 6 DAGs
[2024-01-28T21:47:49.148+0000] {logging_mixin.py:188} INFO - [2024-01-28T21:47:49.148+0000] {dag.py:3823} INFO - Setting next_dagrun for dataset_consumes_1 to None, run_after=None
[2024-01-28T21:47:49.150+0000] {logging_mixin.py:188} INFO - [2024-01-28T21:47:49.150+0000] {dag.py:3823} INFO - Setting next_dagrun for dataset_consumes_1_and_2 to None, run_after=None
[2024-01-28T21:47:49.151+0000] {logging_mixin.py:188} INFO - [2024-01-28T21:47:49.151+0000] {dag.py:3823} INFO - Setting next_dagrun for dataset_consumes_1_never_scheduled to None, run_after=None
[2024-01-28T21:47:49.152+0000] {logging_mixin.py:188} INFO - [2024-01-28T21:47:49.152+0000] {dag.py:3823} INFO - Setting next_dagrun for dataset_consumes_unknown_never_scheduled to None, run_after=None
[2024-01-28T21:47:49.153+0000] {logging_mixin.py:188} INFO - [2024-01-28T21:47:49.153+0000] {dag.py:3823} INFO - Setting next_dagrun for dataset_produces_1 to 2024-01-27 00:00:00+00:00, run_after=2024-01-28 00:00:00+00:00
[2024-01-28T21:47:49.154+0000] {logging_mixin.py:188} INFO - [2024-01-28T21:47:49.154+0000] {dag.py:3823} INFO - Setting next_dagrun for dataset_produces_2 to None, run_after=None
[2024-01-28T21:47:49.171+0000] {processor.py:183} INFO - Processing /home/airflow/.local/lib/python3.8/site-packages/airflow/example_dags/example_datasets.py took 0.064 seconds
[2024-01-28T21:48:19.226+0000] {processor.py:161} INFO - Started process (PID=463) to work on /home/airflow/.local/lib/python3.8/site-packages/airflow/example_dags/example_datasets.py
[2024-01-28T21:48:19.227+0000] {processor.py:830} INFO - Processing file /home/airflow/.local/lib/python3.8/site-packages/airflow/example_dags/example_datasets.py for tasks to queue
[2024-01-28T21:48:19.229+0000] {logging_mixin.py:188} INFO - [2024-01-28T21:48:19.228+0000] {dagbag.py:538} INFO - Filling up the DagBag from /home/airflow/.local/lib/python3.8/site-packages/airflow/example_dags/example_datasets.py
[2024-01-28T21:48:19.234+0000] {processor.py:840} INFO - DAG(s) 'dataset_produces_1', 'dataset_consumes_1', 'dataset_consumes_1_and_2', 'dataset_consumes_unknown_never_scheduled', 'dataset_consumes_1_never_scheduled', 'dataset_produces_2' retrieved from /home/airflow/.local/lib/python3.8/site-packages/airflow/example_dags/example_datasets.py
[2024-01-28T21:48:19.253+0000] {logging_mixin.py:188} INFO - [2024-01-28T21:48:19.253+0000] {dag.py:3036} INFO - Sync 6 DAGs
[2024-01-28T21:48:19.266+0000] {logging_mixin.py:188} INFO - [2024-01-28T21:48:19.265+0000] {dag.py:3823} INFO - Setting next_dagrun for dataset_consumes_1 to None, run_after=None
[2024-01-28T21:48:19.268+0000] {logging_mixin.py:188} INFO - [2024-01-28T21:48:19.268+0000] {dag.py:3823} INFO - Setting next_dagrun for dataset_consumes_1_and_2 to None, run_after=None
[2024-01-28T21:48:19.269+0000] {logging_mixin.py:188} INFO - [2024-01-28T21:48:19.269+0000] {dag.py:3823} INFO - Setting next_dagrun for dataset_consumes_1_never_scheduled to None, run_after=None
[2024-01-28T21:48:19.269+0000] {logging_mixin.py:188} INFO - [2024-01-28T21:48:19.269+0000] {dag.py:3823} INFO - Setting next_dagrun for dataset_consumes_unknown_never_scheduled to None, run_after=None
[2024-01-28T21:48:19.271+0000] {logging_mixin.py:188} INFO - [2024-01-28T21:48:19.271+0000] {dag.py:3823} INFO - Setting next_dagrun for dataset_produces_1 to 2024-01-27 00:00:00+00:00, run_after=2024-01-28 00:00:00+00:00
[2024-01-28T21:48:19.272+0000] {logging_mixin.py:188} INFO - [2024-01-28T21:48:19.272+0000] {dag.py:3823} INFO - Setting next_dagrun for dataset_produces_2 to None, run_after=None
[2024-01-28T21:48:19.287+0000] {processor.py:183} INFO - Processing /home/airflow/.local/lib/python3.8/site-packages/airflow/example_dags/example_datasets.py took 0.063 seconds
