[2024-01-28T21:45:17.881+0000] {processor.py:161} INFO - Started process (PID=47) to work on /home/airflow/.local/lib/python3.8/site-packages/airflow/example_dags/example_params_ui_tutorial.py
[2024-01-28T21:45:17.882+0000] {processor.py:830} INFO - Processing file /home/airflow/.local/lib/python3.8/site-packages/airflow/example_dags/example_params_ui_tutorial.py for tasks to queue
[2024-01-28T21:45:17.885+0000] {logging_mixin.py:188} INFO - [2024-01-28T21:45:17.884+0000] {dagbag.py:538} INFO - Filling up the DagBag from /home/airflow/.local/lib/python3.8/site-packages/airflow/example_dags/example_params_ui_tutorial.py
[2024-01-28T21:45:17.895+0000] {processor.py:840} INFO - DAG(s) 'example_params_ui_tutorial' retrieved from /home/airflow/.local/lib/python3.8/site-packages/airflow/example_dags/example_params_ui_tutorial.py
[2024-01-28T21:45:17.904+0000] {logging_mixin.py:188} INFO - [2024-01-28T21:45:17.903+0000] {dag.py:3036} INFO - Sync 1 DAGs
[2024-01-28T21:45:17.912+0000] {logging_mixin.py:188} INFO - [2024-01-28T21:45:17.912+0000] {dag.py:3823} INFO - Setting next_dagrun for example_params_ui_tutorial to None, run_after=None
[2024-01-28T21:45:17.923+0000] {processor.py:183} INFO - Processing /home/airflow/.local/lib/python3.8/site-packages/airflow/example_dags/example_params_ui_tutorial.py took 0.047 seconds
[2024-01-28T21:45:48.165+0000] {processor.py:161} INFO - Started process (PID=121) to work on /home/airflow/.local/lib/python3.8/site-packages/airflow/example_dags/example_params_ui_tutorial.py
[2024-01-28T21:45:48.166+0000] {processor.py:830} INFO - Processing file /home/airflow/.local/lib/python3.8/site-packages/airflow/example_dags/example_params_ui_tutorial.py for tasks to queue
[2024-01-28T21:45:48.168+0000] {logging_mixin.py:188} INFO - [2024-01-28T21:45:48.167+0000] {dagbag.py:538} INFO - Filling up the DagBag from /home/airflow/.local/lib/python3.8/site-packages/airflow/example_dags/example_params_ui_tutorial.py
[2024-01-28T21:45:48.175+0000] {processor.py:840} INFO - DAG(s) 'example_params_ui_tutorial' retrieved from /home/airflow/.local/lib/python3.8/site-packages/airflow/example_dags/example_params_ui_tutorial.py
[2024-01-28T21:45:48.245+0000] {logging_mixin.py:188} INFO - [2024-01-28T21:45:48.245+0000] {dag.py:3036} INFO - Sync 1 DAGs
[2024-01-28T21:45:48.250+0000] {logging_mixin.py:188} INFO - [2024-01-28T21:45:48.250+0000] {dag.py:3823} INFO - Setting next_dagrun for example_params_ui_tutorial to None, run_after=None
[2024-01-28T21:45:48.261+0000] {processor.py:183} INFO - Processing /home/airflow/.local/lib/python3.8/site-packages/airflow/example_dags/example_params_ui_tutorial.py took 0.098 seconds
[2024-01-28T21:46:18.551+0000] {processor.py:161} INFO - Started process (PID=194) to work on /home/airflow/.local/lib/python3.8/site-packages/airflow/example_dags/example_params_ui_tutorial.py
[2024-01-28T21:46:18.552+0000] {processor.py:830} INFO - Processing file /home/airflow/.local/lib/python3.8/site-packages/airflow/example_dags/example_params_ui_tutorial.py for tasks to queue
[2024-01-28T21:46:18.553+0000] {logging_mixin.py:188} INFO - [2024-01-28T21:46:18.553+0000] {dagbag.py:538} INFO - Filling up the DagBag from /home/airflow/.local/lib/python3.8/site-packages/airflow/example_dags/example_params_ui_tutorial.py
[2024-01-28T21:46:18.561+0000] {processor.py:840} INFO - DAG(s) 'example_params_ui_tutorial' retrieved from /home/airflow/.local/lib/python3.8/site-packages/airflow/example_dags/example_params_ui_tutorial.py
[2024-01-28T21:46:18.589+0000] {logging_mixin.py:188} INFO - [2024-01-28T21:46:18.589+0000] {dag.py:3036} INFO - Sync 1 DAGs
[2024-01-28T21:46:18.596+0000] {logging_mixin.py:188} INFO - [2024-01-28T21:46:18.595+0000] {dag.py:3823} INFO - Setting next_dagrun for example_params_ui_tutorial to None, run_after=None
[2024-01-28T21:46:18.606+0000] {processor.py:183} INFO - Processing /home/airflow/.local/lib/python3.8/site-packages/airflow/example_dags/example_params_ui_tutorial.py took 0.057 seconds
[2024-01-28T21:46:48.693+0000] {processor.py:161} INFO - Started process (PID=261) to work on /home/airflow/.local/lib/python3.8/site-packages/airflow/example_dags/example_params_ui_tutorial.py
[2024-01-28T21:46:48.694+0000] {processor.py:830} INFO - Processing file /home/airflow/.local/lib/python3.8/site-packages/airflow/example_dags/example_params_ui_tutorial.py for tasks to queue
[2024-01-28T21:46:48.695+0000] {logging_mixin.py:188} INFO - [2024-01-28T21:46:48.695+0000] {dagbag.py:538} INFO - Filling up the DagBag from /home/airflow/.local/lib/python3.8/site-packages/airflow/example_dags/example_params_ui_tutorial.py
[2024-01-28T21:46:48.703+0000] {processor.py:840} INFO - DAG(s) 'example_params_ui_tutorial' retrieved from /home/airflow/.local/lib/python3.8/site-packages/airflow/example_dags/example_params_ui_tutorial.py
[2024-01-28T21:46:48.712+0000] {logging_mixin.py:188} INFO - [2024-01-28T21:46:48.711+0000] {dag.py:3036} INFO - Sync 1 DAGs
[2024-01-28T21:46:48.719+0000] {logging_mixin.py:188} INFO - [2024-01-28T21:46:48.719+0000] {dag.py:3823} INFO - Setting next_dagrun for example_params_ui_tutorial to None, run_after=None
[2024-01-28T21:46:48.731+0000] {processor.py:183} INFO - Processing /home/airflow/.local/lib/python3.8/site-packages/airflow/example_dags/example_params_ui_tutorial.py took 0.041 seconds
[2024-01-28T21:47:19.328+0000] {processor.py:161} INFO - Started process (PID=334) to work on /home/airflow/.local/lib/python3.8/site-packages/airflow/example_dags/example_params_ui_tutorial.py
[2024-01-28T21:47:19.329+0000] {processor.py:830} INFO - Processing file /home/airflow/.local/lib/python3.8/site-packages/airflow/example_dags/example_params_ui_tutorial.py for tasks to queue
[2024-01-28T21:47:19.331+0000] {logging_mixin.py:188} INFO - [2024-01-28T21:47:19.331+0000] {dagbag.py:538} INFO - Filling up the DagBag from /home/airflow/.local/lib/python3.8/site-packages/airflow/example_dags/example_params_ui_tutorial.py
[2024-01-28T21:47:19.338+0000] {processor.py:840} INFO - DAG(s) 'example_params_ui_tutorial' retrieved from /home/airflow/.local/lib/python3.8/site-packages/airflow/example_dags/example_params_ui_tutorial.py
[2024-01-28T21:47:19.408+0000] {logging_mixin.py:188} INFO - [2024-01-28T21:47:19.407+0000] {dag.py:3036} INFO - Sync 1 DAGs
[2024-01-28T21:47:19.413+0000] {logging_mixin.py:188} INFO - [2024-01-28T21:47:19.413+0000] {dag.py:3823} INFO - Setting next_dagrun for example_params_ui_tutorial to None, run_after=None
[2024-01-28T21:47:19.424+0000] {processor.py:183} INFO - Processing /home/airflow/.local/lib/python3.8/site-packages/airflow/example_dags/example_params_ui_tutorial.py took 0.098 seconds
[2024-01-28T21:47:49.529+0000] {processor.py:161} INFO - Started process (PID=408) to work on /home/airflow/.local/lib/python3.8/site-packages/airflow/example_dags/example_params_ui_tutorial.py
[2024-01-28T21:47:49.530+0000] {processor.py:830} INFO - Processing file /home/airflow/.local/lib/python3.8/site-packages/airflow/example_dags/example_params_ui_tutorial.py for tasks to queue
[2024-01-28T21:47:49.531+0000] {logging_mixin.py:188} INFO - [2024-01-28T21:47:49.531+0000] {dagbag.py:538} INFO - Filling up the DagBag from /home/airflow/.local/lib/python3.8/site-packages/airflow/example_dags/example_params_ui_tutorial.py
[2024-01-28T21:47:49.539+0000] {processor.py:840} INFO - DAG(s) 'example_params_ui_tutorial' retrieved from /home/airflow/.local/lib/python3.8/site-packages/airflow/example_dags/example_params_ui_tutorial.py
[2024-01-28T21:47:49.566+0000] {logging_mixin.py:188} INFO - [2024-01-28T21:47:49.566+0000] {dag.py:3036} INFO - Sync 1 DAGs
[2024-01-28T21:47:49.573+0000] {logging_mixin.py:188} INFO - [2024-01-28T21:47:49.573+0000] {dag.py:3823} INFO - Setting next_dagrun for example_params_ui_tutorial to None, run_after=None
[2024-01-28T21:47:49.582+0000] {processor.py:183} INFO - Processing /home/airflow/.local/lib/python3.8/site-packages/airflow/example_dags/example_params_ui_tutorial.py took 0.056 seconds
[2024-01-28T21:48:19.601+0000] {processor.py:161} INFO - Started process (PID=473) to work on /home/airflow/.local/lib/python3.8/site-packages/airflow/example_dags/example_params_ui_tutorial.py
[2024-01-28T21:48:19.602+0000] {processor.py:830} INFO - Processing file /home/airflow/.local/lib/python3.8/site-packages/airflow/example_dags/example_params_ui_tutorial.py for tasks to queue
[2024-01-28T21:48:19.604+0000] {logging_mixin.py:188} INFO - [2024-01-28T21:48:19.603+0000] {dagbag.py:538} INFO - Filling up the DagBag from /home/airflow/.local/lib/python3.8/site-packages/airflow/example_dags/example_params_ui_tutorial.py
[2024-01-28T21:48:19.611+0000] {processor.py:840} INFO - DAG(s) 'example_params_ui_tutorial' retrieved from /home/airflow/.local/lib/python3.8/site-packages/airflow/example_dags/example_params_ui_tutorial.py
[2024-01-28T21:48:19.639+0000] {logging_mixin.py:188} INFO - [2024-01-28T21:48:19.639+0000] {dag.py:3036} INFO - Sync 1 DAGs
[2024-01-28T21:48:19.646+0000] {logging_mixin.py:188} INFO - [2024-01-28T21:48:19.646+0000] {dag.py:3823} INFO - Setting next_dagrun for example_params_ui_tutorial to None, run_after=None
[2024-01-28T21:48:19.657+0000] {processor.py:183} INFO - Processing /home/airflow/.local/lib/python3.8/site-packages/airflow/example_dags/example_params_ui_tutorial.py took 0.058 seconds
