[2024-01-28T21:45:18.875+0000] {processor.py:161} INFO - Started process (PID=73) to work on /home/airflow/.local/lib/python3.8/site-packages/airflow/example_dags/example_sla_dag.py
[2024-01-28T21:45:18.877+0000] {processor.py:830} INFO - Processing file /home/airflow/.local/lib/python3.8/site-packages/airflow/example_dags/example_sla_dag.py for tasks to queue
[2024-01-28T21:45:18.879+0000] {logging_mixin.py:188} INFO - [2024-01-28T21:45:18.879+0000] {dagbag.py:538} INFO - Filling up the DagBag from /home/airflow/.local/lib/python3.8/site-packages/airflow/example_dags/example_sla_dag.py
[2024-01-28T21:45:18.887+0000] {processor.py:840} INFO - DAG(s) 'example_sla_dag' retrieved from /home/airflow/.local/lib/python3.8/site-packages/airflow/example_dags/example_sla_dag.py
[2024-01-28T21:45:18.902+0000] {logging_mixin.py:188} INFO - [2024-01-28T21:45:18.902+0000] {dag.py:3036} INFO - Sync 1 DAGs
[2024-01-28T21:45:18.920+0000] {logging_mixin.py:188} INFO - [2024-01-28T21:45:18.920+0000] {dag.py:3823} INFO - Setting next_dagrun for example_sla_dag to 2024-01-28 21:42:00+00:00, run_after=2024-01-28 21:44:00+00:00
[2024-01-28T21:45:18.933+0000] {processor.py:183} INFO - Processing /home/airflow/.local/lib/python3.8/site-packages/airflow/example_dags/example_sla_dag.py took 0.061 seconds
[2024-01-28T21:45:49.467+0000] {processor.py:161} INFO - Started process (PID=147) to work on /home/airflow/.local/lib/python3.8/site-packages/airflow/example_dags/example_sla_dag.py
[2024-01-28T21:45:49.467+0000] {processor.py:830} INFO - Processing file /home/airflow/.local/lib/python3.8/site-packages/airflow/example_dags/example_sla_dag.py for tasks to queue
[2024-01-28T21:45:49.469+0000] {logging_mixin.py:188} INFO - [2024-01-28T21:45:49.469+0000] {dagbag.py:538} INFO - Filling up the DagBag from /home/airflow/.local/lib/python3.8/site-packages/airflow/example_dags/example_sla_dag.py
[2024-01-28T21:45:49.474+0000] {processor.py:840} INFO - DAG(s) 'example_sla_dag' retrieved from /home/airflow/.local/lib/python3.8/site-packages/airflow/example_dags/example_sla_dag.py
[2024-01-28T21:45:49.529+0000] {logging_mixin.py:188} INFO - [2024-01-28T21:45:49.529+0000] {dag.py:3036} INFO - Sync 1 DAGs
[2024-01-28T21:45:49.541+0000] {logging_mixin.py:188} INFO - [2024-01-28T21:45:49.541+0000] {dag.py:3823} INFO - Setting next_dagrun for example_sla_dag to 2024-01-28 21:42:00+00:00, run_after=2024-01-28 21:44:00+00:00
[2024-01-28T21:45:49.550+0000] {processor.py:183} INFO - Processing /home/airflow/.local/lib/python3.8/site-packages/airflow/example_dags/example_sla_dag.py took 0.086 seconds
[2024-01-28T21:46:20.554+0000] {processor.py:161} INFO - Started process (PID=220) to work on /home/airflow/.local/lib/python3.8/site-packages/airflow/example_dags/example_sla_dag.py
[2024-01-28T21:46:20.555+0000] {processor.py:830} INFO - Processing file /home/airflow/.local/lib/python3.8/site-packages/airflow/example_dags/example_sla_dag.py for tasks to queue
[2024-01-28T21:46:20.557+0000] {logging_mixin.py:188} INFO - [2024-01-28T21:46:20.556+0000] {dagbag.py:538} INFO - Filling up the DagBag from /home/airflow/.local/lib/python3.8/site-packages/airflow/example_dags/example_sla_dag.py
[2024-01-28T21:46:20.562+0000] {processor.py:840} INFO - DAG(s) 'example_sla_dag' retrieved from /home/airflow/.local/lib/python3.8/site-packages/airflow/example_dags/example_sla_dag.py
[2024-01-28T21:46:20.570+0000] {logging_mixin.py:188} INFO - [2024-01-28T21:46:20.570+0000] {dag.py:3036} INFO - Sync 1 DAGs
[2024-01-28T21:46:20.584+0000] {logging_mixin.py:188} INFO - [2024-01-28T21:46:20.584+0000] {dag.py:3823} INFO - Setting next_dagrun for example_sla_dag to 2024-01-28 21:44:00+00:00, run_after=2024-01-28 21:46:00+00:00
[2024-01-28T21:46:20.594+0000] {processor.py:183} INFO - Processing /home/airflow/.local/lib/python3.8/site-packages/airflow/example_dags/example_sla_dag.py took 0.042 seconds
[2024-01-28T21:46:50.896+0000] {processor.py:161} INFO - Started process (PID=294) to work on /home/airflow/.local/lib/python3.8/site-packages/airflow/example_dags/example_sla_dag.py
[2024-01-28T21:46:50.897+0000] {processor.py:830} INFO - Processing file /home/airflow/.local/lib/python3.8/site-packages/airflow/example_dags/example_sla_dag.py for tasks to queue
[2024-01-28T21:46:50.898+0000] {logging_mixin.py:188} INFO - [2024-01-28T21:46:50.898+0000] {dagbag.py:538} INFO - Filling up the DagBag from /home/airflow/.local/lib/python3.8/site-packages/airflow/example_dags/example_sla_dag.py
[2024-01-28T21:46:50.904+0000] {processor.py:840} INFO - DAG(s) 'example_sla_dag' retrieved from /home/airflow/.local/lib/python3.8/site-packages/airflow/example_dags/example_sla_dag.py
[2024-01-28T21:46:50.958+0000] {logging_mixin.py:188} INFO - [2024-01-28T21:46:50.957+0000] {dag.py:3036} INFO - Sync 1 DAGs
[2024-01-28T21:46:50.969+0000] {logging_mixin.py:188} INFO - [2024-01-28T21:46:50.969+0000] {dag.py:3823} INFO - Setting next_dagrun for example_sla_dag to 2024-01-28 21:44:00+00:00, run_after=2024-01-28 21:46:00+00:00
[2024-01-28T21:46:50.980+0000] {processor.py:183} INFO - Processing /home/airflow/.local/lib/python3.8/site-packages/airflow/example_dags/example_sla_dag.py took 0.086 seconds
[2024-01-28T21:47:21.392+0000] {processor.py:161} INFO - Started process (PID=360) to work on /home/airflow/.local/lib/python3.8/site-packages/airflow/example_dags/example_sla_dag.py
[2024-01-28T21:47:21.393+0000] {processor.py:830} INFO - Processing file /home/airflow/.local/lib/python3.8/site-packages/airflow/example_dags/example_sla_dag.py for tasks to queue
[2024-01-28T21:47:21.394+0000] {logging_mixin.py:188} INFO - [2024-01-28T21:47:21.394+0000] {dagbag.py:538} INFO - Filling up the DagBag from /home/airflow/.local/lib/python3.8/site-packages/airflow/example_dags/example_sla_dag.py
[2024-01-28T21:47:21.400+0000] {processor.py:840} INFO - DAG(s) 'example_sla_dag' retrieved from /home/airflow/.local/lib/python3.8/site-packages/airflow/example_dags/example_sla_dag.py
[2024-01-28T21:47:21.412+0000] {logging_mixin.py:188} INFO - [2024-01-28T21:47:21.412+0000] {dag.py:3036} INFO - Sync 1 DAGs
[2024-01-28T21:47:21.424+0000] {logging_mixin.py:188} INFO - [2024-01-28T21:47:21.424+0000] {dag.py:3823} INFO - Setting next_dagrun for example_sla_dag to 2024-01-28 21:44:00+00:00, run_after=2024-01-28 21:46:00+00:00
[2024-01-28T21:47:21.433+0000] {processor.py:183} INFO - Processing /home/airflow/.local/lib/python3.8/site-packages/airflow/example_dags/example_sla_dag.py took 0.043 seconds
[2024-01-28T21:47:52.402+0000] {processor.py:161} INFO - Started process (PID=434) to work on /home/airflow/.local/lib/python3.8/site-packages/airflow/example_dags/example_sla_dag.py
[2024-01-28T21:47:52.403+0000] {processor.py:830} INFO - Processing file /home/airflow/.local/lib/python3.8/site-packages/airflow/example_dags/example_sla_dag.py for tasks to queue
[2024-01-28T21:47:52.404+0000] {logging_mixin.py:188} INFO - [2024-01-28T21:47:52.404+0000] {dagbag.py:538} INFO - Filling up the DagBag from /home/airflow/.local/lib/python3.8/site-packages/airflow/example_dags/example_sla_dag.py
[2024-01-28T21:47:52.410+0000] {processor.py:840} INFO - DAG(s) 'example_sla_dag' retrieved from /home/airflow/.local/lib/python3.8/site-packages/airflow/example_dags/example_sla_dag.py
[2024-01-28T21:47:52.423+0000] {logging_mixin.py:188} INFO - [2024-01-28T21:47:52.423+0000] {dag.py:3036} INFO - Sync 1 DAGs
[2024-01-28T21:47:52.436+0000] {logging_mixin.py:188} INFO - [2024-01-28T21:47:52.436+0000] {dag.py:3823} INFO - Setting next_dagrun for example_sla_dag to 2024-01-28 21:44:00+00:00, run_after=2024-01-28 21:46:00+00:00
[2024-01-28T21:47:52.444+0000] {processor.py:183} INFO - Processing /home/airflow/.local/lib/python3.8/site-packages/airflow/example_dags/example_sla_dag.py took 0.044 seconds
[2024-01-28T21:48:22.470+0000] {processor.py:161} INFO - Started process (PID=507) to work on /home/airflow/.local/lib/python3.8/site-packages/airflow/example_dags/example_sla_dag.py
[2024-01-28T21:48:22.471+0000] {processor.py:830} INFO - Processing file /home/airflow/.local/lib/python3.8/site-packages/airflow/example_dags/example_sla_dag.py for tasks to queue
[2024-01-28T21:48:22.472+0000] {logging_mixin.py:188} INFO - [2024-01-28T21:48:22.472+0000] {dagbag.py:538} INFO - Filling up the DagBag from /home/airflow/.local/lib/python3.8/site-packages/airflow/example_dags/example_sla_dag.py
[2024-01-28T21:48:22.477+0000] {processor.py:840} INFO - DAG(s) 'example_sla_dag' retrieved from /home/airflow/.local/lib/python3.8/site-packages/airflow/example_dags/example_sla_dag.py
[2024-01-28T21:48:22.489+0000] {logging_mixin.py:188} INFO - [2024-01-28T21:48:22.489+0000] {dag.py:3036} INFO - Sync 1 DAGs
[2024-01-28T21:48:22.502+0000] {logging_mixin.py:188} INFO - [2024-01-28T21:48:22.502+0000] {dag.py:3823} INFO - Setting next_dagrun for example_sla_dag to 2024-01-28 21:46:00+00:00, run_after=2024-01-28 21:48:00+00:00
[2024-01-28T21:48:22.513+0000] {processor.py:183} INFO - Processing /home/airflow/.local/lib/python3.8/site-packages/airflow/example_dags/example_sla_dag.py took 0.045 seconds
