[2024-01-28T21:45:18.795+0000] {processor.py:161} INFO - Started process (PID=71) to work on /home/airflow/.local/lib/python3.8/site-packages/airflow/example_dags/example_short_circuit_operator.py
[2024-01-28T21:45:18.796+0000] {processor.py:830} INFO - Processing file /home/airflow/.local/lib/python3.8/site-packages/airflow/example_dags/example_short_circuit_operator.py for tasks to queue
[2024-01-28T21:45:18.798+0000] {logging_mixin.py:188} INFO - [2024-01-28T21:45:18.798+0000] {dagbag.py:538} INFO - Filling up the DagBag from /home/airflow/.local/lib/python3.8/site-packages/airflow/example_dags/example_short_circuit_operator.py
[2024-01-28T21:45:18.804+0000] {processor.py:840} INFO - DAG(s) 'example_short_circuit_operator' retrieved from /home/airflow/.local/lib/python3.8/site-packages/airflow/example_dags/example_short_circuit_operator.py
[2024-01-28T21:45:18.814+0000] {logging_mixin.py:188} INFO - [2024-01-28T21:45:18.814+0000] {dag.py:3036} INFO - Sync 1 DAGs
[2024-01-28T21:45:18.833+0000] {logging_mixin.py:188} INFO - [2024-01-28T21:45:18.833+0000] {dag.py:3823} INFO - Setting next_dagrun for example_short_circuit_operator to 2024-01-27 00:00:00+00:00, run_after=2024-01-28 00:00:00+00:00
[2024-01-28T21:45:18.849+0000] {processor.py:183} INFO - Processing /home/airflow/.local/lib/python3.8/site-packages/airflow/example_dags/example_short_circuit_operator.py took 0.059 seconds
[2024-01-28T21:45:49.370+0000] {processor.py:161} INFO - Started process (PID=145) to work on /home/airflow/.local/lib/python3.8/site-packages/airflow/example_dags/example_short_circuit_operator.py
[2024-01-28T21:45:49.371+0000] {processor.py:830} INFO - Processing file /home/airflow/.local/lib/python3.8/site-packages/airflow/example_dags/example_short_circuit_operator.py for tasks to queue
[2024-01-28T21:45:49.373+0000] {logging_mixin.py:188} INFO - [2024-01-28T21:45:49.372+0000] {dagbag.py:538} INFO - Filling up the DagBag from /home/airflow/.local/lib/python3.8/site-packages/airflow/example_dags/example_short_circuit_operator.py
[2024-01-28T21:45:49.377+0000] {processor.py:840} INFO - DAG(s) 'example_short_circuit_operator' retrieved from /home/airflow/.local/lib/python3.8/site-packages/airflow/example_dags/example_short_circuit_operator.py
[2024-01-28T21:45:49.432+0000] {logging_mixin.py:188} INFO - [2024-01-28T21:45:49.432+0000] {dag.py:3036} INFO - Sync 1 DAGs
[2024-01-28T21:45:49.444+0000] {logging_mixin.py:188} INFO - [2024-01-28T21:45:49.443+0000] {dag.py:3823} INFO - Setting next_dagrun for example_short_circuit_operator to 2024-01-27 00:00:00+00:00, run_after=2024-01-28 00:00:00+00:00
[2024-01-28T21:45:49.452+0000] {processor.py:183} INFO - Processing /home/airflow/.local/lib/python3.8/site-packages/airflow/example_dags/example_short_circuit_operator.py took 0.085 seconds
[2024-01-28T21:46:20.502+0000] {processor.py:161} INFO - Started process (PID=218) to work on /home/airflow/.local/lib/python3.8/site-packages/airflow/example_dags/example_short_circuit_operator.py
[2024-01-28T21:46:20.502+0000] {processor.py:830} INFO - Processing file /home/airflow/.local/lib/python3.8/site-packages/airflow/example_dags/example_short_circuit_operator.py for tasks to queue
[2024-01-28T21:46:20.504+0000] {logging_mixin.py:188} INFO - [2024-01-28T21:46:20.503+0000] {dagbag.py:538} INFO - Filling up the DagBag from /home/airflow/.local/lib/python3.8/site-packages/airflow/example_dags/example_short_circuit_operator.py
[2024-01-28T21:46:20.508+0000] {processor.py:840} INFO - DAG(s) 'example_short_circuit_operator' retrieved from /home/airflow/.local/lib/python3.8/site-packages/airflow/example_dags/example_short_circuit_operator.py
[2024-01-28T21:46:20.516+0000] {logging_mixin.py:188} INFO - [2024-01-28T21:46:20.516+0000] {dag.py:3036} INFO - Sync 1 DAGs
[2024-01-28T21:46:20.528+0000] {logging_mixin.py:188} INFO - [2024-01-28T21:46:20.528+0000] {dag.py:3823} INFO - Setting next_dagrun for example_short_circuit_operator to 2024-01-27 00:00:00+00:00, run_after=2024-01-28 00:00:00+00:00
[2024-01-28T21:46:20.538+0000] {processor.py:183} INFO - Processing /home/airflow/.local/lib/python3.8/site-packages/airflow/example_dags/example_short_circuit_operator.py took 0.039 seconds
[2024-01-28T21:46:50.791+0000] {processor.py:161} INFO - Started process (PID=292) to work on /home/airflow/.local/lib/python3.8/site-packages/airflow/example_dags/example_short_circuit_operator.py
[2024-01-28T21:46:50.792+0000] {processor.py:830} INFO - Processing file /home/airflow/.local/lib/python3.8/site-packages/airflow/example_dags/example_short_circuit_operator.py for tasks to queue
[2024-01-28T21:46:50.794+0000] {logging_mixin.py:188} INFO - [2024-01-28T21:46:50.793+0000] {dagbag.py:538} INFO - Filling up the DagBag from /home/airflow/.local/lib/python3.8/site-packages/airflow/example_dags/example_short_circuit_operator.py
[2024-01-28T21:46:50.798+0000] {processor.py:840} INFO - DAG(s) 'example_short_circuit_operator' retrieved from /home/airflow/.local/lib/python3.8/site-packages/airflow/example_dags/example_short_circuit_operator.py
[2024-01-28T21:46:50.856+0000] {logging_mixin.py:188} INFO - [2024-01-28T21:46:50.856+0000] {dag.py:3036} INFO - Sync 1 DAGs
[2024-01-28T21:46:50.867+0000] {logging_mixin.py:188} INFO - [2024-01-28T21:46:50.867+0000] {dag.py:3823} INFO - Setting next_dagrun for example_short_circuit_operator to 2024-01-27 00:00:00+00:00, run_after=2024-01-28 00:00:00+00:00
[2024-01-28T21:46:50.879+0000] {processor.py:183} INFO - Processing /home/airflow/.local/lib/python3.8/site-packages/airflow/example_dags/example_short_circuit_operator.py took 0.090 seconds
[2024-01-28T21:47:21.276+0000] {processor.py:161} INFO - Started process (PID=358) to work on /home/airflow/.local/lib/python3.8/site-packages/airflow/example_dags/example_short_circuit_operator.py
[2024-01-28T21:47:21.277+0000] {processor.py:830} INFO - Processing file /home/airflow/.local/lib/python3.8/site-packages/airflow/example_dags/example_short_circuit_operator.py for tasks to queue
[2024-01-28T21:47:21.278+0000] {logging_mixin.py:188} INFO - [2024-01-28T21:47:21.278+0000] {dagbag.py:538} INFO - Filling up the DagBag from /home/airflow/.local/lib/python3.8/site-packages/airflow/example_dags/example_short_circuit_operator.py
[2024-01-28T21:47:21.282+0000] {processor.py:840} INFO - DAG(s) 'example_short_circuit_operator' retrieved from /home/airflow/.local/lib/python3.8/site-packages/airflow/example_dags/example_short_circuit_operator.py
[2024-01-28T21:47:21.296+0000] {logging_mixin.py:188} INFO - [2024-01-28T21:47:21.295+0000] {dag.py:3036} INFO - Sync 1 DAGs
[2024-01-28T21:47:21.307+0000] {logging_mixin.py:188} INFO - [2024-01-28T21:47:21.307+0000] {dag.py:3823} INFO - Setting next_dagrun for example_short_circuit_operator to 2024-01-27 00:00:00+00:00, run_after=2024-01-28 00:00:00+00:00
[2024-01-28T21:47:21.318+0000] {processor.py:183} INFO - Processing /home/airflow/.local/lib/python3.8/site-packages/airflow/example_dags/example_short_circuit_operator.py took 0.044 seconds
[2024-01-28T21:47:52.295+0000] {processor.py:161} INFO - Started process (PID=432) to work on /home/airflow/.local/lib/python3.8/site-packages/airflow/example_dags/example_short_circuit_operator.py
[2024-01-28T21:47:52.296+0000] {processor.py:830} INFO - Processing file /home/airflow/.local/lib/python3.8/site-packages/airflow/example_dags/example_short_circuit_operator.py for tasks to queue
[2024-01-28T21:47:52.297+0000] {logging_mixin.py:188} INFO - [2024-01-28T21:47:52.297+0000] {dagbag.py:538} INFO - Filling up the DagBag from /home/airflow/.local/lib/python3.8/site-packages/airflow/example_dags/example_short_circuit_operator.py
[2024-01-28T21:47:52.302+0000] {processor.py:840} INFO - DAG(s) 'example_short_circuit_operator' retrieved from /home/airflow/.local/lib/python3.8/site-packages/airflow/example_dags/example_short_circuit_operator.py
[2024-01-28T21:47:52.315+0000] {logging_mixin.py:188} INFO - [2024-01-28T21:47:52.315+0000] {dag.py:3036} INFO - Sync 1 DAGs
[2024-01-28T21:47:52.326+0000] {logging_mixin.py:188} INFO - [2024-01-28T21:47:52.326+0000] {dag.py:3823} INFO - Setting next_dagrun for example_short_circuit_operator to 2024-01-27 00:00:00+00:00, run_after=2024-01-28 00:00:00+00:00
[2024-01-28T21:47:52.335+0000] {processor.py:183} INFO - Processing /home/airflow/.local/lib/python3.8/site-packages/airflow/example_dags/example_short_circuit_operator.py took 0.042 seconds
[2024-01-28T21:48:22.411+0000] {processor.py:161} INFO - Started process (PID=505) to work on /home/airflow/.local/lib/python3.8/site-packages/airflow/example_dags/example_short_circuit_operator.py
[2024-01-28T21:48:22.412+0000] {processor.py:830} INFO - Processing file /home/airflow/.local/lib/python3.8/site-packages/airflow/example_dags/example_short_circuit_operator.py for tasks to queue
[2024-01-28T21:48:22.414+0000] {logging_mixin.py:188} INFO - [2024-01-28T21:48:22.413+0000] {dagbag.py:538} INFO - Filling up the DagBag from /home/airflow/.local/lib/python3.8/site-packages/airflow/example_dags/example_short_circuit_operator.py
[2024-01-28T21:48:22.418+0000] {processor.py:840} INFO - DAG(s) 'example_short_circuit_operator' retrieved from /home/airflow/.local/lib/python3.8/site-packages/airflow/example_dags/example_short_circuit_operator.py
[2024-01-28T21:48:22.433+0000] {logging_mixin.py:188} INFO - [2024-01-28T21:48:22.433+0000] {dag.py:3036} INFO - Sync 1 DAGs
[2024-01-28T21:48:22.445+0000] {logging_mixin.py:188} INFO - [2024-01-28T21:48:22.445+0000] {dag.py:3823} INFO - Setting next_dagrun for example_short_circuit_operator to 2024-01-27 00:00:00+00:00, run_after=2024-01-28 00:00:00+00:00
[2024-01-28T21:48:22.455+0000] {processor.py:183} INFO - Processing /home/airflow/.local/lib/python3.8/site-packages/airflow/example_dags/example_short_circuit_operator.py took 0.046 seconds
