[2024-01-28T21:45:17.757+0000] {processor.py:161} INFO - Started process (PID=44) to work on /home/airflow/.local/lib/python3.8/site-packages/airflow/example_dags/example_branch_labels.py
[2024-01-28T21:45:17.758+0000] {processor.py:830} INFO - Processing file /home/airflow/.local/lib/python3.8/site-packages/airflow/example_dags/example_branch_labels.py for tasks to queue
[2024-01-28T21:45:17.759+0000] {logging_mixin.py:188} INFO - [2024-01-28T21:45:17.759+0000] {dagbag.py:538} INFO - Filling up the DagBag from /home/airflow/.local/lib/python3.8/site-packages/airflow/example_dags/example_branch_labels.py
[2024-01-28T21:45:17.767+0000] {processor.py:840} INFO - DAG(s) 'example_branch_labels' retrieved from /home/airflow/.local/lib/python3.8/site-packages/airflow/example_dags/example_branch_labels.py
[2024-01-28T21:45:17.776+0000] {logging_mixin.py:188} INFO - [2024-01-28T21:45:17.776+0000] {dag.py:3036} INFO - Sync 1 DAGs
[2024-01-28T21:45:17.789+0000] {logging_mixin.py:188} INFO - [2024-01-28T21:45:17.789+0000] {dag.py:3823} INFO - Setting next_dagrun for example_branch_labels to 2024-01-27 00:00:00+00:00, run_after=2024-01-28 00:00:00+00:00
[2024-01-28T21:45:17.801+0000] {processor.py:183} INFO - Processing /home/airflow/.local/lib/python3.8/site-packages/airflow/example_dags/example_branch_labels.py took 0.046 seconds
[2024-01-28T21:45:48.016+0000] {processor.py:161} INFO - Started process (PID=118) to work on /home/airflow/.local/lib/python3.8/site-packages/airflow/example_dags/example_branch_labels.py
[2024-01-28T21:45:48.017+0000] {processor.py:830} INFO - Processing file /home/airflow/.local/lib/python3.8/site-packages/airflow/example_dags/example_branch_labels.py for tasks to queue
[2024-01-28T21:45:48.018+0000] {logging_mixin.py:188} INFO - [2024-01-28T21:45:48.018+0000] {dagbag.py:538} INFO - Filling up the DagBag from /home/airflow/.local/lib/python3.8/site-packages/airflow/example_dags/example_branch_labels.py
[2024-01-28T21:45:48.023+0000] {processor.py:840} INFO - DAG(s) 'example_branch_labels' retrieved from /home/airflow/.local/lib/python3.8/site-packages/airflow/example_dags/example_branch_labels.py
[2024-01-28T21:45:48.078+0000] {logging_mixin.py:188} INFO - [2024-01-28T21:45:48.078+0000] {dag.py:3036} INFO - Sync 1 DAGs
[2024-01-28T21:45:48.089+0000] {logging_mixin.py:188} INFO - [2024-01-28T21:45:48.089+0000] {dag.py:3823} INFO - Setting next_dagrun for example_branch_labels to 2024-01-27 00:00:00+00:00, run_after=2024-01-28 00:00:00+00:00
[2024-01-28T21:45:48.099+0000] {processor.py:183} INFO - Processing /home/airflow/.local/lib/python3.8/site-packages/airflow/example_dags/example_branch_labels.py took 0.085 seconds
[2024-01-28T21:46:18.441+0000] {processor.py:161} INFO - Started process (PID=191) to work on /home/airflow/.local/lib/python3.8/site-packages/airflow/example_dags/example_branch_labels.py
[2024-01-28T21:46:18.442+0000] {processor.py:830} INFO - Processing file /home/airflow/.local/lib/python3.8/site-packages/airflow/example_dags/example_branch_labels.py for tasks to queue
[2024-01-28T21:46:18.443+0000] {logging_mixin.py:188} INFO - [2024-01-28T21:46:18.443+0000] {dagbag.py:538} INFO - Filling up the DagBag from /home/airflow/.local/lib/python3.8/site-packages/airflow/example_dags/example_branch_labels.py
[2024-01-28T21:46:18.448+0000] {processor.py:840} INFO - DAG(s) 'example_branch_labels' retrieved from /home/airflow/.local/lib/python3.8/site-packages/airflow/example_dags/example_branch_labels.py
[2024-01-28T21:46:18.461+0000] {logging_mixin.py:188} INFO - [2024-01-28T21:46:18.461+0000] {dag.py:3036} INFO - Sync 1 DAGs
[2024-01-28T21:46:18.473+0000] {logging_mixin.py:188} INFO - [2024-01-28T21:46:18.473+0000] {dag.py:3823} INFO - Setting next_dagrun for example_branch_labels to 2024-01-27 00:00:00+00:00, run_after=2024-01-28 00:00:00+00:00
[2024-01-28T21:46:18.482+0000] {processor.py:183} INFO - Processing /home/airflow/.local/lib/python3.8/site-packages/airflow/example_dags/example_branch_labels.py took 0.044 seconds
[2024-01-28T21:46:48.578+0000] {processor.py:161} INFO - Started process (PID=257) to work on /home/airflow/.local/lib/python3.8/site-packages/airflow/example_dags/example_branch_labels.py
[2024-01-28T21:46:48.579+0000] {processor.py:830} INFO - Processing file /home/airflow/.local/lib/python3.8/site-packages/airflow/example_dags/example_branch_labels.py for tasks to queue
[2024-01-28T21:46:48.580+0000] {logging_mixin.py:188} INFO - [2024-01-28T21:46:48.580+0000] {dagbag.py:538} INFO - Filling up the DagBag from /home/airflow/.local/lib/python3.8/site-packages/airflow/example_dags/example_branch_labels.py
[2024-01-28T21:46:48.586+0000] {processor.py:840} INFO - DAG(s) 'example_branch_labels' retrieved from /home/airflow/.local/lib/python3.8/site-packages/airflow/example_dags/example_branch_labels.py
[2024-01-28T21:46:48.594+0000] {logging_mixin.py:188} INFO - [2024-01-28T21:46:48.594+0000] {dag.py:3036} INFO - Sync 1 DAGs
[2024-01-28T21:46:48.608+0000] {logging_mixin.py:188} INFO - [2024-01-28T21:46:48.608+0000] {dag.py:3823} INFO - Setting next_dagrun for example_branch_labels to 2024-01-27 00:00:00+00:00, run_after=2024-01-28 00:00:00+00:00
[2024-01-28T21:46:48.620+0000] {processor.py:183} INFO - Processing /home/airflow/.local/lib/python3.8/site-packages/airflow/example_dags/example_branch_labels.py took 0.045 seconds
[2024-01-28T21:47:19.182+0000] {processor.py:161} INFO - Started process (PID=331) to work on /home/airflow/.local/lib/python3.8/site-packages/airflow/example_dags/example_branch_labels.py
[2024-01-28T21:47:19.183+0000] {processor.py:830} INFO - Processing file /home/airflow/.local/lib/python3.8/site-packages/airflow/example_dags/example_branch_labels.py for tasks to queue
[2024-01-28T21:47:19.185+0000] {logging_mixin.py:188} INFO - [2024-01-28T21:47:19.184+0000] {dagbag.py:538} INFO - Filling up the DagBag from /home/airflow/.local/lib/python3.8/site-packages/airflow/example_dags/example_branch_labels.py
[2024-01-28T21:47:19.190+0000] {processor.py:840} INFO - DAG(s) 'example_branch_labels' retrieved from /home/airflow/.local/lib/python3.8/site-packages/airflow/example_dags/example_branch_labels.py
[2024-01-28T21:47:19.242+0000] {logging_mixin.py:188} INFO - [2024-01-28T21:47:19.242+0000] {dag.py:3036} INFO - Sync 1 DAGs
[2024-01-28T21:47:19.253+0000] {logging_mixin.py:188} INFO - [2024-01-28T21:47:19.253+0000] {dag.py:3823} INFO - Setting next_dagrun for example_branch_labels to 2024-01-27 00:00:00+00:00, run_after=2024-01-28 00:00:00+00:00
[2024-01-28T21:47:19.262+0000] {processor.py:183} INFO - Processing /home/airflow/.local/lib/python3.8/site-packages/airflow/example_dags/example_branch_labels.py took 0.082 seconds
[2024-01-28T21:47:49.369+0000] {processor.py:161} INFO - Started process (PID=405) to work on /home/airflow/.local/lib/python3.8/site-packages/airflow/example_dags/example_branch_labels.py
[2024-01-28T21:47:49.370+0000] {processor.py:830} INFO - Processing file /home/airflow/.local/lib/python3.8/site-packages/airflow/example_dags/example_branch_labels.py for tasks to queue
[2024-01-28T21:47:49.371+0000] {logging_mixin.py:188} INFO - [2024-01-28T21:47:49.371+0000] {dagbag.py:538} INFO - Filling up the DagBag from /home/airflow/.local/lib/python3.8/site-packages/airflow/example_dags/example_branch_labels.py
[2024-01-28T21:47:49.376+0000] {processor.py:840} INFO - DAG(s) 'example_branch_labels' retrieved from /home/airflow/.local/lib/python3.8/site-packages/airflow/example_dags/example_branch_labels.py
[2024-01-28T21:47:49.387+0000] {logging_mixin.py:188} INFO - [2024-01-28T21:47:49.387+0000] {dag.py:3036} INFO - Sync 1 DAGs
[2024-01-28T21:47:49.399+0000] {logging_mixin.py:188} INFO - [2024-01-28T21:47:49.399+0000] {dag.py:3823} INFO - Setting next_dagrun for example_branch_labels to 2024-01-27 00:00:00+00:00, run_after=2024-01-28 00:00:00+00:00
[2024-01-28T21:47:49.408+0000] {processor.py:183} INFO - Processing /home/airflow/.local/lib/python3.8/site-packages/airflow/example_dags/example_branch_labels.py took 0.041 seconds
[2024-01-28T21:48:19.489+0000] {processor.py:161} INFO - Started process (PID=470) to work on /home/airflow/.local/lib/python3.8/site-packages/airflow/example_dags/example_branch_labels.py
[2024-01-28T21:48:19.490+0000] {processor.py:830} INFO - Processing file /home/airflow/.local/lib/python3.8/site-packages/airflow/example_dags/example_branch_labels.py for tasks to queue
[2024-01-28T21:48:19.491+0000] {logging_mixin.py:188} INFO - [2024-01-28T21:48:19.491+0000] {dagbag.py:538} INFO - Filling up the DagBag from /home/airflow/.local/lib/python3.8/site-packages/airflow/example_dags/example_branch_labels.py
[2024-01-28T21:48:19.495+0000] {processor.py:840} INFO - DAG(s) 'example_branch_labels' retrieved from /home/airflow/.local/lib/python3.8/site-packages/airflow/example_dags/example_branch_labels.py
[2024-01-28T21:48:19.507+0000] {logging_mixin.py:188} INFO - [2024-01-28T21:48:19.507+0000] {dag.py:3036} INFO - Sync 1 DAGs
[2024-01-28T21:48:19.519+0000] {logging_mixin.py:188} INFO - [2024-01-28T21:48:19.518+0000] {dag.py:3823} INFO - Setting next_dagrun for example_branch_labels to 2024-01-27 00:00:00+00:00, run_after=2024-01-28 00:00:00+00:00
[2024-01-28T21:48:19.528+0000] {processor.py:183} INFO - Processing /home/airflow/.local/lib/python3.8/site-packages/airflow/example_dags/example_branch_labels.py took 0.041 seconds
