[2024-01-28T21:45:18.952+0000] {processor.py:161} INFO - Started process (PID=75) to work on /home/airflow/.local/lib/python3.8/site-packages/airflow/example_dags/example_bash_operator.py
[2024-01-28T21:45:18.954+0000] {processor.py:830} INFO - Processing file /home/airflow/.local/lib/python3.8/site-packages/airflow/example_dags/example_bash_operator.py for tasks to queue
[2024-01-28T21:45:18.956+0000] {logging_mixin.py:188} INFO - [2024-01-28T21:45:18.956+0000] {dagbag.py:538} INFO - Filling up the DagBag from /home/airflow/.local/lib/python3.8/site-packages/airflow/example_dags/example_bash_operator.py
[2024-01-28T21:45:18.965+0000] {processor.py:840} INFO - DAG(s) 'example_bash_operator' retrieved from /home/airflow/.local/lib/python3.8/site-packages/airflow/example_dags/example_bash_operator.py
[2024-01-28T21:45:18.976+0000] {logging_mixin.py:188} INFO - [2024-01-28T21:45:18.976+0000] {dag.py:3036} INFO - Sync 1 DAGs
[2024-01-28T21:45:18.992+0000] {logging_mixin.py:188} INFO - [2024-01-28T21:45:18.992+0000] {dag.py:3823} INFO - Setting next_dagrun for example_bash_operator to 2024-01-27 00:00:00+00:00, run_after=2024-01-28 00:00:00+00:00
[2024-01-28T21:45:19.005+0000] {processor.py:183} INFO - Processing /home/airflow/.local/lib/python3.8/site-packages/airflow/example_dags/example_bash_operator.py took 0.056 seconds
[2024-01-28T21:45:49.565+0000] {processor.py:161} INFO - Started process (PID=149) to work on /home/airflow/.local/lib/python3.8/site-packages/airflow/example_dags/example_bash_operator.py
[2024-01-28T21:45:49.566+0000] {processor.py:830} INFO - Processing file /home/airflow/.local/lib/python3.8/site-packages/airflow/example_dags/example_bash_operator.py for tasks to queue
[2024-01-28T21:45:49.568+0000] {logging_mixin.py:188} INFO - [2024-01-28T21:45:49.567+0000] {dagbag.py:538} INFO - Filling up the DagBag from /home/airflow/.local/lib/python3.8/site-packages/airflow/example_dags/example_bash_operator.py
[2024-01-28T21:45:49.574+0000] {processor.py:840} INFO - DAG(s) 'example_bash_operator' retrieved from /home/airflow/.local/lib/python3.8/site-packages/airflow/example_dags/example_bash_operator.py
[2024-01-28T21:45:49.631+0000] {logging_mixin.py:188} INFO - [2024-01-28T21:45:49.631+0000] {dag.py:3036} INFO - Sync 1 DAGs
[2024-01-28T21:45:49.642+0000] {logging_mixin.py:188} INFO - [2024-01-28T21:45:49.641+0000] {dag.py:3823} INFO - Setting next_dagrun for example_bash_operator to 2024-01-27 00:00:00+00:00, run_after=2024-01-28 00:00:00+00:00
[2024-01-28T21:45:49.651+0000] {processor.py:183} INFO - Processing /home/airflow/.local/lib/python3.8/site-packages/airflow/example_dags/example_bash_operator.py took 0.088 seconds
[2024-01-28T21:46:20.609+0000] {processor.py:161} INFO - Started process (PID=222) to work on /home/airflow/.local/lib/python3.8/site-packages/airflow/example_dags/example_bash_operator.py
[2024-01-28T21:46:20.609+0000] {processor.py:830} INFO - Processing file /home/airflow/.local/lib/python3.8/site-packages/airflow/example_dags/example_bash_operator.py for tasks to queue
[2024-01-28T21:46:20.611+0000] {logging_mixin.py:188} INFO - [2024-01-28T21:46:20.610+0000] {dagbag.py:538} INFO - Filling up the DagBag from /home/airflow/.local/lib/python3.8/site-packages/airflow/example_dags/example_bash_operator.py
[2024-01-28T21:46:20.618+0000] {processor.py:840} INFO - DAG(s) 'example_bash_operator' retrieved from /home/airflow/.local/lib/python3.8/site-packages/airflow/example_dags/example_bash_operator.py
[2024-01-28T21:46:20.626+0000] {logging_mixin.py:188} INFO - [2024-01-28T21:46:20.626+0000] {dag.py:3036} INFO - Sync 1 DAGs
[2024-01-28T21:46:20.639+0000] {logging_mixin.py:188} INFO - [2024-01-28T21:46:20.639+0000] {dag.py:3823} INFO - Setting next_dagrun for example_bash_operator to 2024-01-27 00:00:00+00:00, run_after=2024-01-28 00:00:00+00:00
[2024-01-28T21:46:20.648+0000] {processor.py:183} INFO - Processing /home/airflow/.local/lib/python3.8/site-packages/airflow/example_dags/example_bash_operator.py took 0.042 seconds
[2024-01-28T21:46:50.995+0000] {processor.py:161} INFO - Started process (PID=296) to work on /home/airflow/.local/lib/python3.8/site-packages/airflow/example_dags/example_bash_operator.py
[2024-01-28T21:46:50.996+0000] {processor.py:830} INFO - Processing file /home/airflow/.local/lib/python3.8/site-packages/airflow/example_dags/example_bash_operator.py for tasks to queue
[2024-01-28T21:46:50.998+0000] {logging_mixin.py:188} INFO - [2024-01-28T21:46:50.997+0000] {dagbag.py:538} INFO - Filling up the DagBag from /home/airflow/.local/lib/python3.8/site-packages/airflow/example_dags/example_bash_operator.py
[2024-01-28T21:46:51.004+0000] {processor.py:840} INFO - DAG(s) 'example_bash_operator' retrieved from /home/airflow/.local/lib/python3.8/site-packages/airflow/example_dags/example_bash_operator.py
[2024-01-28T21:46:51.062+0000] {logging_mixin.py:188} INFO - [2024-01-28T21:46:51.062+0000] {dag.py:3036} INFO - Sync 1 DAGs
[2024-01-28T21:46:51.076+0000] {logging_mixin.py:188} INFO - [2024-01-28T21:46:51.076+0000] {dag.py:3823} INFO - Setting next_dagrun for example_bash_operator to 2024-01-27 00:00:00+00:00, run_after=2024-01-28 00:00:00+00:00
[2024-01-28T21:46:51.088+0000] {processor.py:183} INFO - Processing /home/airflow/.local/lib/python3.8/site-packages/airflow/example_dags/example_bash_operator.py took 0.095 seconds
[2024-01-28T21:47:21.443+0000] {processor.py:161} INFO - Started process (PID=362) to work on /home/airflow/.local/lib/python3.8/site-packages/airflow/example_dags/example_bash_operator.py
[2024-01-28T21:47:21.444+0000] {processor.py:830} INFO - Processing file /home/airflow/.local/lib/python3.8/site-packages/airflow/example_dags/example_bash_operator.py for tasks to queue
[2024-01-28T21:47:21.445+0000] {logging_mixin.py:188} INFO - [2024-01-28T21:47:21.445+0000] {dagbag.py:538} INFO - Filling up the DagBag from /home/airflow/.local/lib/python3.8/site-packages/airflow/example_dags/example_bash_operator.py
[2024-01-28T21:47:21.452+0000] {processor.py:840} INFO - DAG(s) 'example_bash_operator' retrieved from /home/airflow/.local/lib/python3.8/site-packages/airflow/example_dags/example_bash_operator.py
[2024-01-28T21:47:21.467+0000] {logging_mixin.py:188} INFO - [2024-01-28T21:47:21.467+0000] {dag.py:3036} INFO - Sync 1 DAGs
[2024-01-28T21:47:21.479+0000] {logging_mixin.py:188} INFO - [2024-01-28T21:47:21.479+0000] {dag.py:3823} INFO - Setting next_dagrun for example_bash_operator to 2024-01-27 00:00:00+00:00, run_after=2024-01-28 00:00:00+00:00
[2024-01-28T21:47:21.488+0000] {processor.py:183} INFO - Processing /home/airflow/.local/lib/python3.8/site-packages/airflow/example_dags/example_bash_operator.py took 0.047 seconds
[2024-01-28T21:47:52.456+0000] {processor.py:161} INFO - Started process (PID=436) to work on /home/airflow/.local/lib/python3.8/site-packages/airflow/example_dags/example_bash_operator.py
[2024-01-28T21:47:52.457+0000] {processor.py:830} INFO - Processing file /home/airflow/.local/lib/python3.8/site-packages/airflow/example_dags/example_bash_operator.py for tasks to queue
[2024-01-28T21:47:52.458+0000] {logging_mixin.py:188} INFO - [2024-01-28T21:47:52.458+0000] {dagbag.py:538} INFO - Filling up the DagBag from /home/airflow/.local/lib/python3.8/site-packages/airflow/example_dags/example_bash_operator.py
[2024-01-28T21:47:52.466+0000] {processor.py:840} INFO - DAG(s) 'example_bash_operator' retrieved from /home/airflow/.local/lib/python3.8/site-packages/airflow/example_dags/example_bash_operator.py
[2024-01-28T21:47:52.482+0000] {logging_mixin.py:188} INFO - [2024-01-28T21:47:52.482+0000] {dag.py:3036} INFO - Sync 1 DAGs
[2024-01-28T21:47:52.493+0000] {logging_mixin.py:188} INFO - [2024-01-28T21:47:52.493+0000] {dag.py:3823} INFO - Setting next_dagrun for example_bash_operator to 2024-01-27 00:00:00+00:00, run_after=2024-01-28 00:00:00+00:00
[2024-01-28T21:47:52.501+0000] {processor.py:183} INFO - Processing /home/airflow/.local/lib/python3.8/site-packages/airflow/example_dags/example_bash_operator.py took 0.047 seconds
[2024-01-28T21:48:22.527+0000] {processor.py:161} INFO - Started process (PID=509) to work on /home/airflow/.local/lib/python3.8/site-packages/airflow/example_dags/example_bash_operator.py
[2024-01-28T21:48:22.528+0000] {processor.py:830} INFO - Processing file /home/airflow/.local/lib/python3.8/site-packages/airflow/example_dags/example_bash_operator.py for tasks to queue
[2024-01-28T21:48:22.529+0000] {logging_mixin.py:188} INFO - [2024-01-28T21:48:22.529+0000] {dagbag.py:538} INFO - Filling up the DagBag from /home/airflow/.local/lib/python3.8/site-packages/airflow/example_dags/example_bash_operator.py
[2024-01-28T21:48:22.536+0000] {processor.py:840} INFO - DAG(s) 'example_bash_operator' retrieved from /home/airflow/.local/lib/python3.8/site-packages/airflow/example_dags/example_bash_operator.py
[2024-01-28T21:48:22.552+0000] {logging_mixin.py:188} INFO - [2024-01-28T21:48:22.552+0000] {dag.py:3036} INFO - Sync 1 DAGs
[2024-01-28T21:48:22.564+0000] {logging_mixin.py:188} INFO - [2024-01-28T21:48:22.564+0000] {dag.py:3823} INFO - Setting next_dagrun for example_bash_operator to 2024-01-27 00:00:00+00:00, run_after=2024-01-28 00:00:00+00:00
[2024-01-28T21:48:22.573+0000] {processor.py:183} INFO - Processing /home/airflow/.local/lib/python3.8/site-packages/airflow/example_dags/example_bash_operator.py took 0.048 seconds
