[2024-01-28T21:45:18.578+0000] {processor.py:161} INFO - Started process (PID=66) to work on /home/airflow/.local/lib/python3.8/site-packages/airflow/example_dags/example_python_operator.py
[2024-01-28T21:45:18.579+0000] {processor.py:830} INFO - Processing file /home/airflow/.local/lib/python3.8/site-packages/airflow/example_dags/example_python_operator.py for tasks to queue
[2024-01-28T21:45:18.580+0000] {logging_mixin.py:188} INFO - [2024-01-28T21:45:18.580+0000] {dagbag.py:538} INFO - Filling up the DagBag from /home/airflow/.local/lib/python3.8/site-packages/airflow/example_dags/example_python_operator.py
[2024-01-28T21:45:18.589+0000] {processor.py:840} INFO - DAG(s) 'example_python_operator' retrieved from /home/airflow/.local/lib/python3.8/site-packages/airflow/example_dags/example_python_operator.py
[2024-01-28T21:45:18.598+0000] {logging_mixin.py:188} INFO - [2024-01-28T21:45:18.598+0000] {dag.py:3036} INFO - Sync 1 DAGs
[2024-01-28T21:45:18.607+0000] {logging_mixin.py:188} INFO - [2024-01-28T21:45:18.607+0000] {dag.py:3823} INFO - Setting next_dagrun for example_python_operator to None, run_after=None
[2024-01-28T21:45:18.619+0000] {processor.py:183} INFO - Processing /home/airflow/.local/lib/python3.8/site-packages/airflow/example_dags/example_python_operator.py took 0.047 seconds
[2024-01-28T21:45:49.131+0000] {processor.py:161} INFO - Started process (PID=140) to work on /home/airflow/.local/lib/python3.8/site-packages/airflow/example_dags/example_python_operator.py
[2024-01-28T21:45:49.132+0000] {processor.py:830} INFO - Processing file /home/airflow/.local/lib/python3.8/site-packages/airflow/example_dags/example_python_operator.py for tasks to queue
[2024-01-28T21:45:49.133+0000] {logging_mixin.py:188} INFO - [2024-01-28T21:45:49.133+0000] {dagbag.py:538} INFO - Filling up the DagBag from /home/airflow/.local/lib/python3.8/site-packages/airflow/example_dags/example_python_operator.py
[2024-01-28T21:45:49.140+0000] {processor.py:840} INFO - DAG(s) 'example_python_operator' retrieved from /home/airflow/.local/lib/python3.8/site-packages/airflow/example_dags/example_python_operator.py
[2024-01-28T21:45:49.194+0000] {logging_mixin.py:188} INFO - [2024-01-28T21:45:49.194+0000] {dag.py:3036} INFO - Sync 1 DAGs
[2024-01-28T21:45:49.199+0000] {logging_mixin.py:188} INFO - [2024-01-28T21:45:49.199+0000] {dag.py:3823} INFO - Setting next_dagrun for example_python_operator to None, run_after=None
[2024-01-28T21:45:49.211+0000] {processor.py:183} INFO - Processing /home/airflow/.local/lib/python3.8/site-packages/airflow/example_dags/example_python_operator.py took 0.083 seconds
[2024-01-28T21:46:20.225+0000] {processor.py:161} INFO - Started process (PID=213) to work on /home/airflow/.local/lib/python3.8/site-packages/airflow/example_dags/example_python_operator.py
[2024-01-28T21:46:20.226+0000] {processor.py:830} INFO - Processing file /home/airflow/.local/lib/python3.8/site-packages/airflow/example_dags/example_python_operator.py for tasks to queue
[2024-01-28T21:46:20.229+0000] {logging_mixin.py:188} INFO - [2024-01-28T21:46:20.228+0000] {dagbag.py:538} INFO - Filling up the DagBag from /home/airflow/.local/lib/python3.8/site-packages/airflow/example_dags/example_python_operator.py
[2024-01-28T21:46:20.242+0000] {processor.py:840} INFO - DAG(s) 'example_python_operator' retrieved from /home/airflow/.local/lib/python3.8/site-packages/airflow/example_dags/example_python_operator.py
[2024-01-28T21:46:20.252+0000] {logging_mixin.py:188} INFO - [2024-01-28T21:46:20.252+0000] {dag.py:3036} INFO - Sync 1 DAGs
[2024-01-28T21:46:20.260+0000] {logging_mixin.py:188} INFO - [2024-01-28T21:46:20.260+0000] {dag.py:3823} INFO - Setting next_dagrun for example_python_operator to None, run_after=None
[2024-01-28T21:46:20.272+0000] {processor.py:183} INFO - Processing /home/airflow/.local/lib/python3.8/site-packages/airflow/example_dags/example_python_operator.py took 0.050 seconds
[2024-01-28T21:46:50.435+0000] {processor.py:161} INFO - Started process (PID=286) to work on /home/airflow/.local/lib/python3.8/site-packages/airflow/example_dags/example_python_operator.py
[2024-01-28T21:46:50.436+0000] {processor.py:830} INFO - Processing file /home/airflow/.local/lib/python3.8/site-packages/airflow/example_dags/example_python_operator.py for tasks to queue
[2024-01-28T21:46:50.437+0000] {logging_mixin.py:188} INFO - [2024-01-28T21:46:50.437+0000] {dagbag.py:538} INFO - Filling up the DagBag from /home/airflow/.local/lib/python3.8/site-packages/airflow/example_dags/example_python_operator.py
[2024-01-28T21:46:50.444+0000] {processor.py:840} INFO - DAG(s) 'example_python_operator' retrieved from /home/airflow/.local/lib/python3.8/site-packages/airflow/example_dags/example_python_operator.py
[2024-01-28T21:46:50.501+0000] {logging_mixin.py:188} INFO - [2024-01-28T21:46:50.500+0000] {dag.py:3036} INFO - Sync 1 DAGs
[2024-01-28T21:46:50.506+0000] {logging_mixin.py:188} INFO - [2024-01-28T21:46:50.506+0000] {dag.py:3823} INFO - Setting next_dagrun for example_python_operator to None, run_after=None
[2024-01-28T21:46:50.519+0000] {processor.py:183} INFO - Processing /home/airflow/.local/lib/python3.8/site-packages/airflow/example_dags/example_python_operator.py took 0.087 seconds
[2024-01-28T21:47:21.119+0000] {processor.py:161} INFO - Started process (PID=353) to work on /home/airflow/.local/lib/python3.8/site-packages/airflow/example_dags/example_python_operator.py
[2024-01-28T21:47:21.120+0000] {processor.py:830} INFO - Processing file /home/airflow/.local/lib/python3.8/site-packages/airflow/example_dags/example_python_operator.py for tasks to queue
[2024-01-28T21:47:21.121+0000] {logging_mixin.py:188} INFO - [2024-01-28T21:47:21.121+0000] {dagbag.py:538} INFO - Filling up the DagBag from /home/airflow/.local/lib/python3.8/site-packages/airflow/example_dags/example_python_operator.py
[2024-01-28T21:47:21.127+0000] {processor.py:840} INFO - DAG(s) 'example_python_operator' retrieved from /home/airflow/.local/lib/python3.8/site-packages/airflow/example_dags/example_python_operator.py
[2024-01-28T21:47:21.140+0000] {logging_mixin.py:188} INFO - [2024-01-28T21:47:21.140+0000] {dag.py:3036} INFO - Sync 1 DAGs
[2024-01-28T21:47:21.147+0000] {logging_mixin.py:188} INFO - [2024-01-28T21:47:21.146+0000] {dag.py:3823} INFO - Setting next_dagrun for example_python_operator to None, run_after=None
[2024-01-28T21:47:21.156+0000] {processor.py:183} INFO - Processing /home/airflow/.local/lib/python3.8/site-packages/airflow/example_dags/example_python_operator.py took 0.040 seconds
[2024-01-28T21:47:52.134+0000] {processor.py:161} INFO - Started process (PID=427) to work on /home/airflow/.local/lib/python3.8/site-packages/airflow/example_dags/example_python_operator.py
[2024-01-28T21:47:52.135+0000] {processor.py:830} INFO - Processing file /home/airflow/.local/lib/python3.8/site-packages/airflow/example_dags/example_python_operator.py for tasks to queue
[2024-01-28T21:47:52.136+0000] {logging_mixin.py:188} INFO - [2024-01-28T21:47:52.136+0000] {dagbag.py:538} INFO - Filling up the DagBag from /home/airflow/.local/lib/python3.8/site-packages/airflow/example_dags/example_python_operator.py
[2024-01-28T21:47:52.142+0000] {processor.py:840} INFO - DAG(s) 'example_python_operator' retrieved from /home/airflow/.local/lib/python3.8/site-packages/airflow/example_dags/example_python_operator.py
[2024-01-28T21:47:52.155+0000] {logging_mixin.py:188} INFO - [2024-01-28T21:47:52.155+0000] {dag.py:3036} INFO - Sync 1 DAGs
[2024-01-28T21:47:52.161+0000] {logging_mixin.py:188} INFO - [2024-01-28T21:47:52.161+0000] {dag.py:3823} INFO - Setting next_dagrun for example_python_operator to None, run_after=None
[2024-01-28T21:47:52.171+0000] {processor.py:183} INFO - Processing /home/airflow/.local/lib/python3.8/site-packages/airflow/example_dags/example_python_operator.py took 0.039 seconds
[2024-01-28T21:48:22.273+0000] {processor.py:161} INFO - Started process (PID=500) to work on /home/airflow/.local/lib/python3.8/site-packages/airflow/example_dags/example_python_operator.py
[2024-01-28T21:48:22.274+0000] {processor.py:830} INFO - Processing file /home/airflow/.local/lib/python3.8/site-packages/airflow/example_dags/example_python_operator.py for tasks to queue
[2024-01-28T21:48:22.275+0000] {logging_mixin.py:188} INFO - [2024-01-28T21:48:22.275+0000] {dagbag.py:538} INFO - Filling up the DagBag from /home/airflow/.local/lib/python3.8/site-packages/airflow/example_dags/example_python_operator.py
[2024-01-28T21:48:22.281+0000] {processor.py:840} INFO - DAG(s) 'example_python_operator' retrieved from /home/airflow/.local/lib/python3.8/site-packages/airflow/example_dags/example_python_operator.py
[2024-01-28T21:48:22.295+0000] {logging_mixin.py:188} INFO - [2024-01-28T21:48:22.294+0000] {dag.py:3036} INFO - Sync 1 DAGs
[2024-01-28T21:48:22.302+0000] {logging_mixin.py:188} INFO - [2024-01-28T21:48:22.301+0000] {dag.py:3823} INFO - Setting next_dagrun for example_python_operator to None, run_after=None
[2024-01-28T21:48:22.312+0000] {processor.py:183} INFO - Processing /home/airflow/.local/lib/python3.8/site-packages/airflow/example_dags/example_python_operator.py took 0.041 seconds
