[2024-01-28T21:45:18.080+0000] {processor.py:161} INFO - Started process (PID=52) to work on /home/airflow/.local/lib/python3.8/site-packages/airflow/example_dags/example_latest_only.py
[2024-01-28T21:45:18.081+0000] {processor.py:830} INFO - Processing file /home/airflow/.local/lib/python3.8/site-packages/airflow/example_dags/example_latest_only.py for tasks to queue
[2024-01-28T21:45:18.082+0000] {logging_mixin.py:188} INFO - [2024-01-28T21:45:18.082+0000] {dagbag.py:538} INFO - Filling up the DagBag from /home/airflow/.local/lib/python3.8/site-packages/airflow/example_dags/example_latest_only.py
[2024-01-28T21:45:18.086+0000] {processor.py:840} INFO - DAG(s) 'latest_only' retrieved from /home/airflow/.local/lib/python3.8/site-packages/airflow/example_dags/example_latest_only.py
[2024-01-28T21:45:18.095+0000] {logging_mixin.py:188} INFO - [2024-01-28T21:45:18.095+0000] {dag.py:3036} INFO - Sync 1 DAGs
[2024-01-28T21:45:18.110+0000] {logging_mixin.py:188} INFO - [2024-01-28T21:45:18.110+0000] {dag.py:3823} INFO - Setting next_dagrun for latest_only to 2024-01-28 16:00:00+00:00, run_after=2024-01-28 20:00:00+00:00
[2024-01-28T21:45:18.121+0000] {processor.py:183} INFO - Processing /home/airflow/.local/lib/python3.8/site-packages/airflow/example_dags/example_latest_only.py took 0.044 seconds
[2024-01-28T21:45:48.412+0000] {processor.py:161} INFO - Started process (PID=126) to work on /home/airflow/.local/lib/python3.8/site-packages/airflow/example_dags/example_latest_only.py
[2024-01-28T21:45:48.413+0000] {processor.py:830} INFO - Processing file /home/airflow/.local/lib/python3.8/site-packages/airflow/example_dags/example_latest_only.py for tasks to queue
[2024-01-28T21:45:48.414+0000] {logging_mixin.py:188} INFO - [2024-01-28T21:45:48.414+0000] {dagbag.py:538} INFO - Filling up the DagBag from /home/airflow/.local/lib/python3.8/site-packages/airflow/example_dags/example_latest_only.py
[2024-01-28T21:45:48.419+0000] {processor.py:840} INFO - DAG(s) 'latest_only' retrieved from /home/airflow/.local/lib/python3.8/site-packages/airflow/example_dags/example_latest_only.py
[2024-01-28T21:45:48.475+0000] {logging_mixin.py:188} INFO - [2024-01-28T21:45:48.475+0000] {dag.py:3036} INFO - Sync 1 DAGs
[2024-01-28T21:45:48.486+0000] {logging_mixin.py:188} INFO - [2024-01-28T21:45:48.486+0000] {dag.py:3823} INFO - Setting next_dagrun for latest_only to 2024-01-28 16:00:00+00:00, run_after=2024-01-28 20:00:00+00:00
[2024-01-28T21:45:48.496+0000] {processor.py:183} INFO - Processing /home/airflow/.local/lib/python3.8/site-packages/airflow/example_dags/example_latest_only.py took 0.087 seconds
[2024-01-28T21:46:18.690+0000] {processor.py:161} INFO - Started process (PID=199) to work on /home/airflow/.local/lib/python3.8/site-packages/airflow/example_dags/example_latest_only.py
[2024-01-28T21:46:18.691+0000] {processor.py:830} INFO - Processing file /home/airflow/.local/lib/python3.8/site-packages/airflow/example_dags/example_latest_only.py for tasks to queue
[2024-01-28T21:46:18.692+0000] {logging_mixin.py:188} INFO - [2024-01-28T21:46:18.692+0000] {dagbag.py:538} INFO - Filling up the DagBag from /home/airflow/.local/lib/python3.8/site-packages/airflow/example_dags/example_latest_only.py
[2024-01-28T21:46:18.696+0000] {processor.py:840} INFO - DAG(s) 'latest_only' retrieved from /home/airflow/.local/lib/python3.8/site-packages/airflow/example_dags/example_latest_only.py
[2024-01-28T21:46:18.710+0000] {logging_mixin.py:188} INFO - [2024-01-28T21:46:18.710+0000] {dag.py:3036} INFO - Sync 1 DAGs
[2024-01-28T21:46:18.723+0000] {logging_mixin.py:188} INFO - [2024-01-28T21:46:18.723+0000] {dag.py:3823} INFO - Setting next_dagrun for latest_only to 2024-01-28 16:00:00+00:00, run_after=2024-01-28 20:00:00+00:00
[2024-01-28T21:46:18.735+0000] {processor.py:183} INFO - Processing /home/airflow/.local/lib/python3.8/site-packages/airflow/example_dags/example_latest_only.py took 0.047 seconds
[2024-01-28T21:46:48.812+0000] {processor.py:161} INFO - Started process (PID=265) to work on /home/airflow/.local/lib/python3.8/site-packages/airflow/example_dags/example_latest_only.py
[2024-01-28T21:46:48.813+0000] {processor.py:830} INFO - Processing file /home/airflow/.local/lib/python3.8/site-packages/airflow/example_dags/example_latest_only.py for tasks to queue
[2024-01-28T21:46:48.814+0000] {logging_mixin.py:188} INFO - [2024-01-28T21:46:48.814+0000] {dagbag.py:538} INFO - Filling up the DagBag from /home/airflow/.local/lib/python3.8/site-packages/airflow/example_dags/example_latest_only.py
[2024-01-28T21:46:48.817+0000] {processor.py:840} INFO - DAG(s) 'latest_only' retrieved from /home/airflow/.local/lib/python3.8/site-packages/airflow/example_dags/example_latest_only.py
[2024-01-28T21:46:48.825+0000] {logging_mixin.py:188} INFO - [2024-01-28T21:46:48.825+0000] {dag.py:3036} INFO - Sync 1 DAGs
[2024-01-28T21:46:48.838+0000] {logging_mixin.py:188} INFO - [2024-01-28T21:46:48.838+0000] {dag.py:3823} INFO - Setting next_dagrun for latest_only to 2024-01-28 16:00:00+00:00, run_after=2024-01-28 20:00:00+00:00
[2024-01-28T21:46:48.849+0000] {processor.py:183} INFO - Processing /home/airflow/.local/lib/python3.8/site-packages/airflow/example_dags/example_latest_only.py took 0.040 seconds
[2024-01-28T21:47:19.563+0000] {processor.py:161} INFO - Started process (PID=339) to work on /home/airflow/.local/lib/python3.8/site-packages/airflow/example_dags/example_latest_only.py
[2024-01-28T21:47:19.564+0000] {processor.py:830} INFO - Processing file /home/airflow/.local/lib/python3.8/site-packages/airflow/example_dags/example_latest_only.py for tasks to queue
[2024-01-28T21:47:19.565+0000] {logging_mixin.py:188} INFO - [2024-01-28T21:47:19.565+0000] {dagbag.py:538} INFO - Filling up the DagBag from /home/airflow/.local/lib/python3.8/site-packages/airflow/example_dags/example_latest_only.py
[2024-01-28T21:47:19.569+0000] {processor.py:840} INFO - DAG(s) 'latest_only' retrieved from /home/airflow/.local/lib/python3.8/site-packages/airflow/example_dags/example_latest_only.py
[2024-01-28T21:47:19.621+0000] {logging_mixin.py:188} INFO - [2024-01-28T21:47:19.621+0000] {dag.py:3036} INFO - Sync 1 DAGs
[2024-01-28T21:47:19.633+0000] {logging_mixin.py:188} INFO - [2024-01-28T21:47:19.633+0000] {dag.py:3823} INFO - Setting next_dagrun for latest_only to 2024-01-28 16:00:00+00:00, run_after=2024-01-28 20:00:00+00:00
[2024-01-28T21:47:19.642+0000] {processor.py:183} INFO - Processing /home/airflow/.local/lib/python3.8/site-packages/airflow/example_dags/example_latest_only.py took 0.082 seconds
[2024-01-28T21:47:49.665+0000] {processor.py:161} INFO - Started process (PID=413) to work on /home/airflow/.local/lib/python3.8/site-packages/airflow/example_dags/example_latest_only.py
[2024-01-28T21:47:49.665+0000] {processor.py:830} INFO - Processing file /home/airflow/.local/lib/python3.8/site-packages/airflow/example_dags/example_latest_only.py for tasks to queue
[2024-01-28T21:47:49.667+0000] {logging_mixin.py:188} INFO - [2024-01-28T21:47:49.666+0000] {dagbag.py:538} INFO - Filling up the DagBag from /home/airflow/.local/lib/python3.8/site-packages/airflow/example_dags/example_latest_only.py
[2024-01-28T21:47:49.670+0000] {processor.py:840} INFO - DAG(s) 'latest_only' retrieved from /home/airflow/.local/lib/python3.8/site-packages/airflow/example_dags/example_latest_only.py
[2024-01-28T21:47:49.682+0000] {logging_mixin.py:188} INFO - [2024-01-28T21:47:49.682+0000] {dag.py:3036} INFO - Sync 1 DAGs
[2024-01-28T21:47:49.694+0000] {logging_mixin.py:188} INFO - [2024-01-28T21:47:49.693+0000] {dag.py:3823} INFO - Setting next_dagrun for latest_only to 2024-01-28 16:00:00+00:00, run_after=2024-01-28 20:00:00+00:00
[2024-01-28T21:47:49.703+0000] {processor.py:183} INFO - Processing /home/airflow/.local/lib/python3.8/site-packages/airflow/example_dags/example_latest_only.py took 0.040 seconds
[2024-01-28T21:48:19.769+0000] {processor.py:161} INFO - Started process (PID=478) to work on /home/airflow/.local/lib/python3.8/site-packages/airflow/example_dags/example_latest_only.py
[2024-01-28T21:48:19.770+0000] {processor.py:830} INFO - Processing file /home/airflow/.local/lib/python3.8/site-packages/airflow/example_dags/example_latest_only.py for tasks to queue
[2024-01-28T21:48:19.772+0000] {logging_mixin.py:188} INFO - [2024-01-28T21:48:19.772+0000] {dagbag.py:538} INFO - Filling up the DagBag from /home/airflow/.local/lib/python3.8/site-packages/airflow/example_dags/example_latest_only.py
[2024-01-28T21:48:19.776+0000] {processor.py:840} INFO - DAG(s) 'latest_only' retrieved from /home/airflow/.local/lib/python3.8/site-packages/airflow/example_dags/example_latest_only.py
[2024-01-28T21:48:19.790+0000] {logging_mixin.py:188} INFO - [2024-01-28T21:48:19.789+0000] {dag.py:3036} INFO - Sync 1 DAGs
[2024-01-28T21:48:19.804+0000] {logging_mixin.py:188} INFO - [2024-01-28T21:48:19.804+0000] {dag.py:3823} INFO - Setting next_dagrun for latest_only to 2024-01-28 16:00:00+00:00, run_after=2024-01-28 20:00:00+00:00
[2024-01-28T21:48:19.814+0000] {processor.py:183} INFO - Processing /home/airflow/.local/lib/python3.8/site-packages/airflow/example_dags/example_latest_only.py took 0.047 seconds
