[2024-01-28T21:45:18.147+0000] {processor.py:161} INFO - Started process (PID=54) to work on /home/airflow/.local/lib/python3.8/site-packages/airflow/example_dags/example_external_task_marker_dag.py
[2024-01-28T21:45:18.148+0000] {processor.py:830} INFO - Processing file /home/airflow/.local/lib/python3.8/site-packages/airflow/example_dags/example_external_task_marker_dag.py for tasks to queue
[2024-01-28T21:45:18.150+0000] {logging_mixin.py:188} INFO - [2024-01-28T21:45:18.149+0000] {dagbag.py:538} INFO - Filling up the DagBag from /home/airflow/.local/lib/python3.8/site-packages/airflow/example_dags/example_external_task_marker_dag.py
[2024-01-28T21:45:18.155+0000] {processor.py:840} INFO - DAG(s) 'example_external_task_marker_child', 'example_external_task_marker_parent' retrieved from /home/airflow/.local/lib/python3.8/site-packages/airflow/example_dags/example_external_task_marker_dag.py
[2024-01-28T21:45:18.166+0000] {logging_mixin.py:188} INFO - [2024-01-28T21:45:18.166+0000] {dag.py:3036} INFO - Sync 2 DAGs
[2024-01-28T21:45:18.176+0000] {logging_mixin.py:188} INFO - [2024-01-28T21:45:18.176+0000] {dag.py:3823} INFO - Setting next_dagrun for example_external_task_marker_child to None, run_after=None
[2024-01-28T21:45:18.178+0000] {logging_mixin.py:188} INFO - [2024-01-28T21:45:18.178+0000] {dag.py:3823} INFO - Setting next_dagrun for example_external_task_marker_parent to None, run_after=None
[2024-01-28T21:45:18.190+0000] {processor.py:183} INFO - Processing /home/airflow/.local/lib/python3.8/site-packages/airflow/example_dags/example_external_task_marker_dag.py took 0.046 seconds
[2024-01-28T21:45:48.510+0000] {processor.py:161} INFO - Started process (PID=128) to work on /home/airflow/.local/lib/python3.8/site-packages/airflow/example_dags/example_external_task_marker_dag.py
[2024-01-28T21:45:48.511+0000] {processor.py:830} INFO - Processing file /home/airflow/.local/lib/python3.8/site-packages/airflow/example_dags/example_external_task_marker_dag.py for tasks to queue
[2024-01-28T21:45:48.513+0000] {logging_mixin.py:188} INFO - [2024-01-28T21:45:48.512+0000] {dagbag.py:538} INFO - Filling up the DagBag from /home/airflow/.local/lib/python3.8/site-packages/airflow/example_dags/example_external_task_marker_dag.py
[2024-01-28T21:45:48.516+0000] {processor.py:840} INFO - DAG(s) 'example_external_task_marker_child', 'example_external_task_marker_parent' retrieved from /home/airflow/.local/lib/python3.8/site-packages/airflow/example_dags/example_external_task_marker_dag.py
[2024-01-28T21:45:48.576+0000] {logging_mixin.py:188} INFO - [2024-01-28T21:45:48.576+0000] {dag.py:3036} INFO - Sync 2 DAGs
[2024-01-28T21:45:48.582+0000] {logging_mixin.py:188} INFO - [2024-01-28T21:45:48.582+0000] {dag.py:3823} INFO - Setting next_dagrun for example_external_task_marker_child to None, run_after=None
[2024-01-28T21:45:48.584+0000] {logging_mixin.py:188} INFO - [2024-01-28T21:45:48.584+0000] {dag.py:3823} INFO - Setting next_dagrun for example_external_task_marker_parent to None, run_after=None
[2024-01-28T21:45:48.594+0000] {processor.py:183} INFO - Processing /home/airflow/.local/lib/python3.8/site-packages/airflow/example_dags/example_external_task_marker_dag.py took 0.086 seconds
[2024-01-28T21:46:18.749+0000] {processor.py:161} INFO - Started process (PID=201) to work on /home/airflow/.local/lib/python3.8/site-packages/airflow/example_dags/example_external_task_marker_dag.py
[2024-01-28T21:46:18.750+0000] {processor.py:830} INFO - Processing file /home/airflow/.local/lib/python3.8/site-packages/airflow/example_dags/example_external_task_marker_dag.py for tasks to queue
[2024-01-28T21:46:18.751+0000] {logging_mixin.py:188} INFO - [2024-01-28T21:46:18.751+0000] {dagbag.py:538} INFO - Filling up the DagBag from /home/airflow/.local/lib/python3.8/site-packages/airflow/example_dags/example_external_task_marker_dag.py
[2024-01-28T21:46:18.755+0000] {processor.py:840} INFO - DAG(s) 'example_external_task_marker_parent', 'example_external_task_marker_child' retrieved from /home/airflow/.local/lib/python3.8/site-packages/airflow/example_dags/example_external_task_marker_dag.py
[2024-01-28T21:46:18.769+0000] {logging_mixin.py:188} INFO - [2024-01-28T21:46:18.769+0000] {dag.py:3036} INFO - Sync 2 DAGs
[2024-01-28T21:46:18.777+0000] {logging_mixin.py:188} INFO - [2024-01-28T21:46:18.777+0000] {dag.py:3823} INFO - Setting next_dagrun for example_external_task_marker_child to None, run_after=None
[2024-01-28T21:46:18.779+0000] {logging_mixin.py:188} INFO - [2024-01-28T21:46:18.779+0000] {dag.py:3823} INFO - Setting next_dagrun for example_external_task_marker_parent to None, run_after=None
[2024-01-28T21:46:18.789+0000] {processor.py:183} INFO - Processing /home/airflow/.local/lib/python3.8/site-packages/airflow/example_dags/example_external_task_marker_dag.py took 0.042 seconds
[2024-01-28T21:46:48.864+0000] {processor.py:161} INFO - Started process (PID=267) to work on /home/airflow/.local/lib/python3.8/site-packages/airflow/example_dags/example_external_task_marker_dag.py
[2024-01-28T21:46:48.865+0000] {processor.py:830} INFO - Processing file /home/airflow/.local/lib/python3.8/site-packages/airflow/example_dags/example_external_task_marker_dag.py for tasks to queue
[2024-01-28T21:46:48.867+0000] {logging_mixin.py:188} INFO - [2024-01-28T21:46:48.866+0000] {dagbag.py:538} INFO - Filling up the DagBag from /home/airflow/.local/lib/python3.8/site-packages/airflow/example_dags/example_external_task_marker_dag.py
[2024-01-28T21:46:48.871+0000] {processor.py:840} INFO - DAG(s) 'example_external_task_marker_parent', 'example_external_task_marker_child' retrieved from /home/airflow/.local/lib/python3.8/site-packages/airflow/example_dags/example_external_task_marker_dag.py
[2024-01-28T21:46:48.879+0000] {logging_mixin.py:188} INFO - [2024-01-28T21:46:48.879+0000] {dag.py:3036} INFO - Sync 2 DAGs
[2024-01-28T21:46:48.887+0000] {logging_mixin.py:188} INFO - [2024-01-28T21:46:48.887+0000] {dag.py:3823} INFO - Setting next_dagrun for example_external_task_marker_child to None, run_after=None
[2024-01-28T21:46:48.889+0000] {logging_mixin.py:188} INFO - [2024-01-28T21:46:48.889+0000] {dag.py:3823} INFO - Setting next_dagrun for example_external_task_marker_parent to None, run_after=None
[2024-01-28T21:46:48.899+0000] {processor.py:183} INFO - Processing /home/airflow/.local/lib/python3.8/site-packages/airflow/example_dags/example_external_task_marker_dag.py took 0.038 seconds
[2024-01-28T21:47:19.658+0000] {processor.py:161} INFO - Started process (PID=341) to work on /home/airflow/.local/lib/python3.8/site-packages/airflow/example_dags/example_external_task_marker_dag.py
[2024-01-28T21:47:19.658+0000] {processor.py:830} INFO - Processing file /home/airflow/.local/lib/python3.8/site-packages/airflow/example_dags/example_external_task_marker_dag.py for tasks to queue
[2024-01-28T21:47:19.660+0000] {logging_mixin.py:188} INFO - [2024-01-28T21:47:19.660+0000] {dagbag.py:538} INFO - Filling up the DagBag from /home/airflow/.local/lib/python3.8/site-packages/airflow/example_dags/example_external_task_marker_dag.py
[2024-01-28T21:47:19.664+0000] {processor.py:840} INFO - DAG(s) 'example_external_task_marker_parent', 'example_external_task_marker_child' retrieved from /home/airflow/.local/lib/python3.8/site-packages/airflow/example_dags/example_external_task_marker_dag.py
[2024-01-28T21:47:19.722+0000] {logging_mixin.py:188} INFO - [2024-01-28T21:47:19.722+0000] {dag.py:3036} INFO - Sync 2 DAGs
[2024-01-28T21:47:19.728+0000] {logging_mixin.py:188} INFO - [2024-01-28T21:47:19.728+0000] {dag.py:3823} INFO - Setting next_dagrun for example_external_task_marker_child to None, run_after=None
[2024-01-28T21:47:19.730+0000] {logging_mixin.py:188} INFO - [2024-01-28T21:47:19.730+0000] {dag.py:3823} INFO - Setting next_dagrun for example_external_task_marker_parent to None, run_after=None
[2024-01-28T21:47:19.739+0000] {processor.py:183} INFO - Processing /home/airflow/.local/lib/python3.8/site-packages/airflow/example_dags/example_external_task_marker_dag.py took 0.084 seconds
[2024-01-28T21:47:50.707+0000] {processor.py:161} INFO - Started process (PID=415) to work on /home/airflow/.local/lib/python3.8/site-packages/airflow/example_dags/example_external_task_marker_dag.py
[2024-01-28T21:47:50.709+0000] {processor.py:830} INFO - Processing file /home/airflow/.local/lib/python3.8/site-packages/airflow/example_dags/example_external_task_marker_dag.py for tasks to queue
[2024-01-28T21:47:50.711+0000] {logging_mixin.py:188} INFO - [2024-01-28T21:47:50.710+0000] {dagbag.py:538} INFO - Filling up the DagBag from /home/airflow/.local/lib/python3.8/site-packages/airflow/example_dags/example_external_task_marker_dag.py
[2024-01-28T21:47:50.716+0000] {processor.py:840} INFO - DAG(s) 'example_external_task_marker_child', 'example_external_task_marker_parent' retrieved from /home/airflow/.local/lib/python3.8/site-packages/airflow/example_dags/example_external_task_marker_dag.py
[2024-01-28T21:47:50.735+0000] {logging_mixin.py:188} INFO - [2024-01-28T21:47:50.735+0000] {dag.py:3036} INFO - Sync 2 DAGs
[2024-01-28T21:47:50.743+0000] {logging_mixin.py:188} INFO - [2024-01-28T21:47:50.743+0000] {dag.py:3823} INFO - Setting next_dagrun for example_external_task_marker_child to None, run_after=None
[2024-01-28T21:47:50.746+0000] {logging_mixin.py:188} INFO - [2024-01-28T21:47:50.746+0000] {dag.py:3823} INFO - Setting next_dagrun for example_external_task_marker_parent to None, run_after=None
[2024-01-28T21:47:50.755+0000] {processor.py:183} INFO - Processing /home/airflow/.local/lib/python3.8/site-packages/airflow/example_dags/example_external_task_marker_dag.py took 0.052 seconds
[2024-01-28T21:48:20.797+0000] {processor.py:161} INFO - Started process (PID=488) to work on /home/airflow/.local/lib/python3.8/site-packages/airflow/example_dags/example_external_task_marker_dag.py
[2024-01-28T21:48:20.797+0000] {processor.py:830} INFO - Processing file /home/airflow/.local/lib/python3.8/site-packages/airflow/example_dags/example_external_task_marker_dag.py for tasks to queue
[2024-01-28T21:48:20.799+0000] {logging_mixin.py:188} INFO - [2024-01-28T21:48:20.798+0000] {dagbag.py:538} INFO - Filling up the DagBag from /home/airflow/.local/lib/python3.8/site-packages/airflow/example_dags/example_external_task_marker_dag.py
[2024-01-28T21:48:20.802+0000] {processor.py:840} INFO - DAG(s) 'example_external_task_marker_parent', 'example_external_task_marker_child' retrieved from /home/airflow/.local/lib/python3.8/site-packages/airflow/example_dags/example_external_task_marker_dag.py
[2024-01-28T21:48:20.816+0000] {logging_mixin.py:188} INFO - [2024-01-28T21:48:20.816+0000] {dag.py:3036} INFO - Sync 2 DAGs
[2024-01-28T21:48:20.823+0000] {logging_mixin.py:188} INFO - [2024-01-28T21:48:20.823+0000] {dag.py:3823} INFO - Setting next_dagrun for example_external_task_marker_child to None, run_after=None
[2024-01-28T21:48:20.825+0000] {logging_mixin.py:188} INFO - [2024-01-28T21:48:20.825+0000] {dag.py:3823} INFO - Setting next_dagrun for example_external_task_marker_parent to None, run_after=None
[2024-01-28T21:48:20.834+0000] {processor.py:183} INFO - Processing /home/airflow/.local/lib/python3.8/site-packages/airflow/example_dags/example_external_task_marker_dag.py took 0.040 seconds
