[2024-01-28T21:45:18.004+0000] {processor.py:161} INFO - Started process (PID=50) to work on /home/airflow/.local/lib/python3.8/site-packages/airflow/example_dags/example_subdag_operator.py
[2024-01-28T21:45:18.005+0000] {processor.py:830} INFO - Processing file /home/airflow/.local/lib/python3.8/site-packages/airflow/example_dags/example_subdag_operator.py for tasks to queue
[2024-01-28T21:45:18.006+0000] {logging_mixin.py:188} INFO - [2024-01-28T21:45:18.006+0000] {dagbag.py:538} INFO - Filling up the DagBag from /home/airflow/.local/lib/python3.8/site-packages/airflow/example_dags/example_subdag_operator.py
[2024-01-28T21:45:18.023+0000] {processor.py:840} INFO - DAG(s) 'example_subdag_operator.section-1', 'example_subdag_operator.section-2', 'example_subdag_operator' retrieved from /home/airflow/.local/lib/python3.8/site-packages/airflow/example_dags/example_subdag_operator.py
[2024-01-28T21:45:18.025+0000] {logging_mixin.py:188} INFO - [2024-01-28T21:45:18.025+0000] {dag.py:3036} INFO - Sync 3 DAGs
[2024-01-28T21:45:18.039+0000] {logging_mixin.py:188} INFO - [2024-01-28T21:45:18.038+0000] {dag.py:3823} INFO - Setting next_dagrun for example_subdag_operator to 2022-01-01 00:00:00+00:00, run_after=2022-01-01 00:00:00+00:00
[2024-01-28T21:45:18.041+0000] {logging_mixin.py:188} INFO - [2024-01-28T21:45:18.040+0000] {dag.py:3823} INFO - Setting next_dagrun for example_subdag_operator.section-1 to None, run_after=None
[2024-01-28T21:45:18.041+0000] {logging_mixin.py:188} INFO - [2024-01-28T21:45:18.041+0000] {dag.py:3823} INFO - Setting next_dagrun for example_subdag_operator.section-2 to None, run_after=None
[2024-01-28T21:45:18.046+0000] {logging_mixin.py:188} INFO - [2024-01-28T21:45:18.046+0000] {dag.py:3036} INFO - Sync 2 DAGs
[2024-01-28T21:45:18.049+0000] {logging_mixin.py:188} INFO - [2024-01-28T21:45:18.049+0000] {dag.py:3823} INFO - Setting next_dagrun for example_subdag_operator.section-1 to None, run_after=None
[2024-01-28T21:45:18.050+0000] {logging_mixin.py:188} INFO - [2024-01-28T21:45:18.050+0000] {dag.py:3823} INFO - Setting next_dagrun for example_subdag_operator.section-2 to None, run_after=None
[2024-01-28T21:45:18.057+0000] {processor.py:183} INFO - Processing /home/airflow/.local/lib/python3.8/site-packages/airflow/example_dags/example_subdag_operator.py took 0.056 seconds
[2024-01-28T21:45:48.298+0000] {processor.py:161} INFO - Started process (PID=124) to work on /home/airflow/.local/lib/python3.8/site-packages/airflow/example_dags/example_subdag_operator.py
[2024-01-28T21:45:48.299+0000] {processor.py:830} INFO - Processing file /home/airflow/.local/lib/python3.8/site-packages/airflow/example_dags/example_subdag_operator.py for tasks to queue
[2024-01-28T21:45:48.301+0000] {logging_mixin.py:188} INFO - [2024-01-28T21:45:48.301+0000] {dagbag.py:538} INFO - Filling up the DagBag from /home/airflow/.local/lib/python3.8/site-packages/airflow/example_dags/example_subdag_operator.py
[2024-01-28T21:45:48.317+0000] {processor.py:840} INFO - DAG(s) 'example_subdag_operator.section-1', 'example_subdag_operator.section-2', 'example_subdag_operator' retrieved from /home/airflow/.local/lib/python3.8/site-packages/airflow/example_dags/example_subdag_operator.py
[2024-01-28T21:45:48.369+0000] {logging_mixin.py:188} INFO - [2024-01-28T21:45:48.369+0000] {dag.py:3036} INFO - Sync 3 DAGs
[2024-01-28T21:45:48.379+0000] {logging_mixin.py:188} INFO - [2024-01-28T21:45:48.379+0000] {dag.py:3823} INFO - Setting next_dagrun for example_subdag_operator to 2022-01-01 00:00:00+00:00, run_after=2022-01-01 00:00:00+00:00
[2024-01-28T21:45:48.381+0000] {logging_mixin.py:188} INFO - [2024-01-28T21:45:48.381+0000] {dag.py:3823} INFO - Setting next_dagrun for example_subdag_operator.section-1 to None, run_after=None
[2024-01-28T21:45:48.382+0000] {logging_mixin.py:188} INFO - [2024-01-28T21:45:48.382+0000] {dag.py:3823} INFO - Setting next_dagrun for example_subdag_operator.section-2 to None, run_after=None
[2024-01-28T21:45:48.387+0000] {logging_mixin.py:188} INFO - [2024-01-28T21:45:48.387+0000] {dag.py:3036} INFO - Sync 2 DAGs
[2024-01-28T21:45:48.391+0000] {logging_mixin.py:188} INFO - [2024-01-28T21:45:48.391+0000] {dag.py:3823} INFO - Setting next_dagrun for example_subdag_operator.section-1 to None, run_after=None
[2024-01-28T21:45:48.392+0000] {logging_mixin.py:188} INFO - [2024-01-28T21:45:48.391+0000] {dag.py:3823} INFO - Setting next_dagrun for example_subdag_operator.section-2 to None, run_after=None
[2024-01-28T21:45:48.397+0000] {processor.py:183} INFO - Processing /home/airflow/.local/lib/python3.8/site-packages/airflow/example_dags/example_subdag_operator.py took 0.102 seconds
[2024-01-28T21:46:18.622+0000] {processor.py:161} INFO - Started process (PID=197) to work on /home/airflow/.local/lib/python3.8/site-packages/airflow/example_dags/example_subdag_operator.py
[2024-01-28T21:46:18.622+0000] {processor.py:830} INFO - Processing file /home/airflow/.local/lib/python3.8/site-packages/airflow/example_dags/example_subdag_operator.py for tasks to queue
[2024-01-28T21:46:18.624+0000] {logging_mixin.py:188} INFO - [2024-01-28T21:46:18.624+0000] {dagbag.py:538} INFO - Filling up the DagBag from /home/airflow/.local/lib/python3.8/site-packages/airflow/example_dags/example_subdag_operator.py
[2024-01-28T21:46:18.638+0000] {processor.py:840} INFO - DAG(s) 'example_subdag_operator.section-1', 'example_subdag_operator.section-2', 'example_subdag_operator' retrieved from /home/airflow/.local/lib/python3.8/site-packages/airflow/example_dags/example_subdag_operator.py
[2024-01-28T21:46:18.647+0000] {logging_mixin.py:188} INFO - [2024-01-28T21:46:18.647+0000] {dag.py:3036} INFO - Sync 3 DAGs
[2024-01-28T21:46:18.658+0000] {logging_mixin.py:188} INFO - [2024-01-28T21:46:18.658+0000] {dag.py:3823} INFO - Setting next_dagrun for example_subdag_operator to 2022-01-01 00:00:00+00:00, run_after=2022-01-01 00:00:00+00:00
[2024-01-28T21:46:18.660+0000] {logging_mixin.py:188} INFO - [2024-01-28T21:46:18.660+0000] {dag.py:3823} INFO - Setting next_dagrun for example_subdag_operator.section-1 to None, run_after=None
[2024-01-28T21:46:18.661+0000] {logging_mixin.py:188} INFO - [2024-01-28T21:46:18.661+0000] {dag.py:3823} INFO - Setting next_dagrun for example_subdag_operator.section-2 to None, run_after=None
[2024-01-28T21:46:18.666+0000] {logging_mixin.py:188} INFO - [2024-01-28T21:46:18.666+0000] {dag.py:3036} INFO - Sync 2 DAGs
[2024-01-28T21:46:18.668+0000] {logging_mixin.py:188} INFO - [2024-01-28T21:46:18.668+0000] {dag.py:3823} INFO - Setting next_dagrun for example_subdag_operator.section-1 to None, run_after=None
[2024-01-28T21:46:18.669+0000] {logging_mixin.py:188} INFO - [2024-01-28T21:46:18.669+0000] {dag.py:3823} INFO - Setting next_dagrun for example_subdag_operator.section-2 to None, run_after=None
[2024-01-28T21:46:18.675+0000] {processor.py:183} INFO - Processing /home/airflow/.local/lib/python3.8/site-packages/airflow/example_dags/example_subdag_operator.py took 0.056 seconds
[2024-01-28T21:46:48.745+0000] {processor.py:161} INFO - Started process (PID=263) to work on /home/airflow/.local/lib/python3.8/site-packages/airflow/example_dags/example_subdag_operator.py
[2024-01-28T21:46:48.746+0000] {processor.py:830} INFO - Processing file /home/airflow/.local/lib/python3.8/site-packages/airflow/example_dags/example_subdag_operator.py for tasks to queue
[2024-01-28T21:46:48.747+0000] {logging_mixin.py:188} INFO - [2024-01-28T21:46:48.747+0000] {dagbag.py:538} INFO - Filling up the DagBag from /home/airflow/.local/lib/python3.8/site-packages/airflow/example_dags/example_subdag_operator.py
[2024-01-28T21:46:48.763+0000] {processor.py:840} INFO - DAG(s) 'example_subdag_operator.section-1', 'example_subdag_operator.section-2', 'example_subdag_operator' retrieved from /home/airflow/.local/lib/python3.8/site-packages/airflow/example_dags/example_subdag_operator.py
[2024-01-28T21:46:48.765+0000] {logging_mixin.py:188} INFO - [2024-01-28T21:46:48.765+0000] {dag.py:3036} INFO - Sync 3 DAGs
[2024-01-28T21:46:48.778+0000] {logging_mixin.py:188} INFO - [2024-01-28T21:46:48.778+0000] {dag.py:3823} INFO - Setting next_dagrun for example_subdag_operator to 2022-01-01 00:00:00+00:00, run_after=2022-01-01 00:00:00+00:00
[2024-01-28T21:46:48.780+0000] {logging_mixin.py:188} INFO - [2024-01-28T21:46:48.780+0000] {dag.py:3823} INFO - Setting next_dagrun for example_subdag_operator.section-1 to None, run_after=None
[2024-01-28T21:46:48.781+0000] {logging_mixin.py:188} INFO - [2024-01-28T21:46:48.781+0000] {dag.py:3823} INFO - Setting next_dagrun for example_subdag_operator.section-2 to None, run_after=None
[2024-01-28T21:46:48.786+0000] {logging_mixin.py:188} INFO - [2024-01-28T21:46:48.786+0000] {dag.py:3036} INFO - Sync 2 DAGs
[2024-01-28T21:46:48.789+0000] {logging_mixin.py:188} INFO - [2024-01-28T21:46:48.789+0000] {dag.py:3823} INFO - Setting next_dagrun for example_subdag_operator.section-1 to None, run_after=None
[2024-01-28T21:46:48.790+0000] {logging_mixin.py:188} INFO - [2024-01-28T21:46:48.790+0000] {dag.py:3823} INFO - Setting next_dagrun for example_subdag_operator.section-2 to None, run_after=None
[2024-01-28T21:46:48.796+0000] {processor.py:183} INFO - Processing /home/airflow/.local/lib/python3.8/site-packages/airflow/example_dags/example_subdag_operator.py took 0.054 seconds
[2024-01-28T21:47:19.458+0000] {processor.py:161} INFO - Started process (PID=337) to work on /home/airflow/.local/lib/python3.8/site-packages/airflow/example_dags/example_subdag_operator.py
[2024-01-28T21:47:19.459+0000] {processor.py:830} INFO - Processing file /home/airflow/.local/lib/python3.8/site-packages/airflow/example_dags/example_subdag_operator.py for tasks to queue
[2024-01-28T21:47:19.460+0000] {logging_mixin.py:188} INFO - [2024-01-28T21:47:19.460+0000] {dagbag.py:538} INFO - Filling up the DagBag from /home/airflow/.local/lib/python3.8/site-packages/airflow/example_dags/example_subdag_operator.py
[2024-01-28T21:47:19.474+0000] {processor.py:840} INFO - DAG(s) 'example_subdag_operator.section-1', 'example_subdag_operator.section-2', 'example_subdag_operator' retrieved from /home/airflow/.local/lib/python3.8/site-packages/airflow/example_dags/example_subdag_operator.py
[2024-01-28T21:47:19.523+0000] {logging_mixin.py:188} INFO - [2024-01-28T21:47:19.522+0000] {dag.py:3036} INFO - Sync 3 DAGs
[2024-01-28T21:47:19.533+0000] {logging_mixin.py:188} INFO - [2024-01-28T21:47:19.533+0000] {dag.py:3823} INFO - Setting next_dagrun for example_subdag_operator to 2022-01-01 00:00:00+00:00, run_after=2022-01-01 00:00:00+00:00
[2024-01-28T21:47:19.535+0000] {logging_mixin.py:188} INFO - [2024-01-28T21:47:19.535+0000] {dag.py:3823} INFO - Setting next_dagrun for example_subdag_operator.section-1 to None, run_after=None
[2024-01-28T21:47:19.535+0000] {logging_mixin.py:188} INFO - [2024-01-28T21:47:19.535+0000] {dag.py:3823} INFO - Setting next_dagrun for example_subdag_operator.section-2 to None, run_after=None
[2024-01-28T21:47:19.540+0000] {logging_mixin.py:188} INFO - [2024-01-28T21:47:19.540+0000] {dag.py:3036} INFO - Sync 2 DAGs
[2024-01-28T21:47:19.543+0000] {logging_mixin.py:188} INFO - [2024-01-28T21:47:19.543+0000] {dag.py:3823} INFO - Setting next_dagrun for example_subdag_operator.section-1 to None, run_after=None
[2024-01-28T21:47:19.543+0000] {logging_mixin.py:188} INFO - [2024-01-28T21:47:19.543+0000] {dag.py:3823} INFO - Setting next_dagrun for example_subdag_operator.section-2 to None, run_after=None
[2024-01-28T21:47:19.548+0000] {processor.py:183} INFO - Processing /home/airflow/.local/lib/python3.8/site-packages/airflow/example_dags/example_subdag_operator.py took 0.093 seconds
[2024-01-28T21:47:49.597+0000] {processor.py:161} INFO - Started process (PID=411) to work on /home/airflow/.local/lib/python3.8/site-packages/airflow/example_dags/example_subdag_operator.py
[2024-01-28T21:47:49.598+0000] {processor.py:830} INFO - Processing file /home/airflow/.local/lib/python3.8/site-packages/airflow/example_dags/example_subdag_operator.py for tasks to queue
[2024-01-28T21:47:49.599+0000] {logging_mixin.py:188} INFO - [2024-01-28T21:47:49.599+0000] {dagbag.py:538} INFO - Filling up the DagBag from /home/airflow/.local/lib/python3.8/site-packages/airflow/example_dags/example_subdag_operator.py
[2024-01-28T21:47:49.614+0000] {processor.py:840} INFO - DAG(s) 'example_subdag_operator.section-1', 'example_subdag_operator.section-2', 'example_subdag_operator' retrieved from /home/airflow/.local/lib/python3.8/site-packages/airflow/example_dags/example_subdag_operator.py
[2024-01-28T21:47:49.622+0000] {logging_mixin.py:188} INFO - [2024-01-28T21:47:49.622+0000] {dag.py:3036} INFO - Sync 3 DAGs
[2024-01-28T21:47:49.635+0000] {logging_mixin.py:188} INFO - [2024-01-28T21:47:49.635+0000] {dag.py:3823} INFO - Setting next_dagrun for example_subdag_operator to 2022-01-01 00:00:00+00:00, run_after=2022-01-01 00:00:00+00:00
[2024-01-28T21:47:49.637+0000] {logging_mixin.py:188} INFO - [2024-01-28T21:47:49.637+0000] {dag.py:3823} INFO - Setting next_dagrun for example_subdag_operator.section-1 to None, run_after=None
[2024-01-28T21:47:49.637+0000] {logging_mixin.py:188} INFO - [2024-01-28T21:47:49.637+0000] {dag.py:3823} INFO - Setting next_dagrun for example_subdag_operator.section-2 to None, run_after=None
[2024-01-28T21:47:49.641+0000] {logging_mixin.py:188} INFO - [2024-01-28T21:47:49.641+0000] {dag.py:3036} INFO - Sync 2 DAGs
[2024-01-28T21:47:49.644+0000] {logging_mixin.py:188} INFO - [2024-01-28T21:47:49.644+0000] {dag.py:3823} INFO - Setting next_dagrun for example_subdag_operator.section-1 to None, run_after=None
[2024-01-28T21:47:49.645+0000] {logging_mixin.py:188} INFO - [2024-01-28T21:47:49.645+0000] {dag.py:3823} INFO - Setting next_dagrun for example_subdag_operator.section-2 to None, run_after=None
[2024-01-28T21:47:49.651+0000] {processor.py:183} INFO - Processing /home/airflow/.local/lib/python3.8/site-packages/airflow/example_dags/example_subdag_operator.py took 0.056 seconds
[2024-01-28T21:48:19.696+0000] {processor.py:161} INFO - Started process (PID=476) to work on /home/airflow/.local/lib/python3.8/site-packages/airflow/example_dags/example_subdag_operator.py
[2024-01-28T21:48:19.696+0000] {processor.py:830} INFO - Processing file /home/airflow/.local/lib/python3.8/site-packages/airflow/example_dags/example_subdag_operator.py for tasks to queue
[2024-01-28T21:48:19.698+0000] {logging_mixin.py:188} INFO - [2024-01-28T21:48:19.697+0000] {dagbag.py:538} INFO - Filling up the DagBag from /home/airflow/.local/lib/python3.8/site-packages/airflow/example_dags/example_subdag_operator.py
[2024-01-28T21:48:19.714+0000] {processor.py:840} INFO - DAG(s) 'example_subdag_operator.section-1', 'example_subdag_operator.section-2', 'example_subdag_operator' retrieved from /home/airflow/.local/lib/python3.8/site-packages/airflow/example_dags/example_subdag_operator.py
[2024-01-28T21:48:19.723+0000] {logging_mixin.py:188} INFO - [2024-01-28T21:48:19.723+0000] {dag.py:3036} INFO - Sync 3 DAGs
[2024-01-28T21:48:19.737+0000] {logging_mixin.py:188} INFO - [2024-01-28T21:48:19.736+0000] {dag.py:3823} INFO - Setting next_dagrun for example_subdag_operator to 2022-01-01 00:00:00+00:00, run_after=2022-01-01 00:00:00+00:00
[2024-01-28T21:48:19.739+0000] {logging_mixin.py:188} INFO - [2024-01-28T21:48:19.739+0000] {dag.py:3823} INFO - Setting next_dagrun for example_subdag_operator.section-1 to None, run_after=None
[2024-01-28T21:48:19.740+0000] {logging_mixin.py:188} INFO - [2024-01-28T21:48:19.740+0000] {dag.py:3823} INFO - Setting next_dagrun for example_subdag_operator.section-2 to None, run_after=None
[2024-01-28T21:48:19.745+0000] {logging_mixin.py:188} INFO - [2024-01-28T21:48:19.745+0000] {dag.py:3036} INFO - Sync 2 DAGs
[2024-01-28T21:48:19.748+0000] {logging_mixin.py:188} INFO - [2024-01-28T21:48:19.748+0000] {dag.py:3823} INFO - Setting next_dagrun for example_subdag_operator.section-1 to None, run_after=None
[2024-01-28T21:48:19.748+0000] {logging_mixin.py:188} INFO - [2024-01-28T21:48:19.748+0000] {dag.py:3823} INFO - Setting next_dagrun for example_subdag_operator.section-2 to None, run_after=None
[2024-01-28T21:48:19.754+0000] {processor.py:183} INFO - Processing /home/airflow/.local/lib/python3.8/site-packages/airflow/example_dags/example_subdag_operator.py took 0.061 seconds
