[2024-01-28T21:45:18.637+0000] {processor.py:161} INFO - Started process (PID=68) to work on /home/airflow/.local/lib/python3.8/site-packages/airflow/example_dags/example_dynamic_task_mapping.py
[2024-01-28T21:45:18.638+0000] {processor.py:830} INFO - Processing file /home/airflow/.local/lib/python3.8/site-packages/airflow/example_dags/example_dynamic_task_mapping.py for tasks to queue
[2024-01-28T21:45:18.640+0000] {logging_mixin.py:188} INFO - [2024-01-28T21:45:18.640+0000] {dagbag.py:538} INFO - Filling up the DagBag from /home/airflow/.local/lib/python3.8/site-packages/airflow/example_dags/example_dynamic_task_mapping.py
[2024-01-28T21:45:18.646+0000] {processor.py:840} INFO - DAG(s) 'example_dynamic_task_mapping' retrieved from /home/airflow/.local/lib/python3.8/site-packages/airflow/example_dags/example_dynamic_task_mapping.py
[2024-01-28T21:45:18.656+0000] {logging_mixin.py:188} INFO - [2024-01-28T21:45:18.656+0000] {dag.py:3036} INFO - Sync 1 DAGs
[2024-01-28T21:45:18.673+0000] {logging_mixin.py:188} INFO - [2024-01-28T21:45:18.673+0000] {dag.py:3823} INFO - Setting next_dagrun for example_dynamic_task_mapping to 2022-03-04 00:00:00+00:00, run_after=2022-03-05 00:00:00+00:00
[2024-01-28T21:45:18.687+0000] {processor.py:183} INFO - Processing /home/airflow/.local/lib/python3.8/site-packages/airflow/example_dags/example_dynamic_task_mapping.py took 0.054 seconds
[2024-01-28T21:45:49.226+0000] {processor.py:161} INFO - Started process (PID=142) to work on /home/airflow/.local/lib/python3.8/site-packages/airflow/example_dags/example_dynamic_task_mapping.py
[2024-01-28T21:45:49.227+0000] {processor.py:830} INFO - Processing file /home/airflow/.local/lib/python3.8/site-packages/airflow/example_dags/example_dynamic_task_mapping.py for tasks to queue
[2024-01-28T21:45:49.228+0000] {logging_mixin.py:188} INFO - [2024-01-28T21:45:49.228+0000] {dagbag.py:538} INFO - Filling up the DagBag from /home/airflow/.local/lib/python3.8/site-packages/airflow/example_dags/example_dynamic_task_mapping.py
[2024-01-28T21:45:49.232+0000] {processor.py:840} INFO - DAG(s) 'example_dynamic_task_mapping' retrieved from /home/airflow/.local/lib/python3.8/site-packages/airflow/example_dags/example_dynamic_task_mapping.py
[2024-01-28T21:45:49.287+0000] {logging_mixin.py:188} INFO - [2024-01-28T21:45:49.286+0000] {dag.py:3036} INFO - Sync 1 DAGs
[2024-01-28T21:45:49.298+0000] {logging_mixin.py:188} INFO - [2024-01-28T21:45:49.297+0000] {dag.py:3823} INFO - Setting next_dagrun for example_dynamic_task_mapping to 2022-03-04 00:00:00+00:00, run_after=2022-03-05 00:00:00+00:00
[2024-01-28T21:45:49.308+0000] {processor.py:183} INFO - Processing /home/airflow/.local/lib/python3.8/site-packages/airflow/example_dags/example_dynamic_task_mapping.py took 0.084 seconds
[2024-01-28T21:46:20.352+0000] {processor.py:161} INFO - Started process (PID=215) to work on /home/airflow/.local/lib/python3.8/site-packages/airflow/example_dags/example_dynamic_task_mapping.py
[2024-01-28T21:46:20.353+0000] {processor.py:830} INFO - Processing file /home/airflow/.local/lib/python3.8/site-packages/airflow/example_dags/example_dynamic_task_mapping.py for tasks to queue
[2024-01-28T21:46:20.355+0000] {logging_mixin.py:188} INFO - [2024-01-28T21:46:20.355+0000] {dagbag.py:538} INFO - Filling up the DagBag from /home/airflow/.local/lib/python3.8/site-packages/airflow/example_dags/example_dynamic_task_mapping.py
[2024-01-28T21:46:20.362+0000] {processor.py:840} INFO - DAG(s) 'example_dynamic_task_mapping' retrieved from /home/airflow/.local/lib/python3.8/site-packages/airflow/example_dags/example_dynamic_task_mapping.py
[2024-01-28T21:46:20.372+0000] {logging_mixin.py:188} INFO - [2024-01-28T21:46:20.372+0000] {dag.py:3036} INFO - Sync 1 DAGs
[2024-01-28T21:46:20.385+0000] {logging_mixin.py:188} INFO - [2024-01-28T21:46:20.385+0000] {dag.py:3823} INFO - Setting next_dagrun for example_dynamic_task_mapping to 2022-03-04 00:00:00+00:00, run_after=2022-03-05 00:00:00+00:00
[2024-01-28T21:46:20.396+0000] {processor.py:183} INFO - Processing /home/airflow/.local/lib/python3.8/site-packages/airflow/example_dags/example_dynamic_task_mapping.py took 0.047 seconds
[2024-01-28T21:46:50.541+0000] {processor.py:161} INFO - Started process (PID=288) to work on /home/airflow/.local/lib/python3.8/site-packages/airflow/example_dags/example_dynamic_task_mapping.py
[2024-01-28T21:46:50.542+0000] {processor.py:830} INFO - Processing file /home/airflow/.local/lib/python3.8/site-packages/airflow/example_dags/example_dynamic_task_mapping.py for tasks to queue
[2024-01-28T21:46:50.543+0000] {logging_mixin.py:188} INFO - [2024-01-28T21:46:50.543+0000] {dagbag.py:538} INFO - Filling up the DagBag from /home/airflow/.local/lib/python3.8/site-packages/airflow/example_dags/example_dynamic_task_mapping.py
[2024-01-28T21:46:50.548+0000] {processor.py:840} INFO - DAG(s) 'example_dynamic_task_mapping' retrieved from /home/airflow/.local/lib/python3.8/site-packages/airflow/example_dags/example_dynamic_task_mapping.py
[2024-01-28T21:46:50.605+0000] {logging_mixin.py:188} INFO - [2024-01-28T21:46:50.605+0000] {dag.py:3036} INFO - Sync 1 DAGs
[2024-01-28T21:46:50.618+0000] {logging_mixin.py:188} INFO - [2024-01-28T21:46:50.618+0000] {dag.py:3823} INFO - Setting next_dagrun for example_dynamic_task_mapping to 2022-03-04 00:00:00+00:00, run_after=2022-03-05 00:00:00+00:00
[2024-01-28T21:46:50.632+0000] {processor.py:183} INFO - Processing /home/airflow/.local/lib/python3.8/site-packages/airflow/example_dags/example_dynamic_task_mapping.py took 0.094 seconds
[2024-01-28T21:47:21.171+0000] {processor.py:161} INFO - Started process (PID=355) to work on /home/airflow/.local/lib/python3.8/site-packages/airflow/example_dags/example_dynamic_task_mapping.py
[2024-01-28T21:47:21.172+0000] {processor.py:830} INFO - Processing file /home/airflow/.local/lib/python3.8/site-packages/airflow/example_dags/example_dynamic_task_mapping.py for tasks to queue
[2024-01-28T21:47:21.173+0000] {logging_mixin.py:188} INFO - [2024-01-28T21:47:21.173+0000] {dagbag.py:538} INFO - Filling up the DagBag from /home/airflow/.local/lib/python3.8/site-packages/airflow/example_dags/example_dynamic_task_mapping.py
[2024-01-28T21:47:21.177+0000] {processor.py:840} INFO - DAG(s) 'example_dynamic_task_mapping' retrieved from /home/airflow/.local/lib/python3.8/site-packages/airflow/example_dags/example_dynamic_task_mapping.py
[2024-01-28T21:47:21.189+0000] {logging_mixin.py:188} INFO - [2024-01-28T21:47:21.189+0000] {dag.py:3036} INFO - Sync 1 DAGs
[2024-01-28T21:47:21.199+0000] {logging_mixin.py:188} INFO - [2024-01-28T21:47:21.199+0000] {dag.py:3823} INFO - Setting next_dagrun for example_dynamic_task_mapping to 2022-03-04 00:00:00+00:00, run_after=2022-03-05 00:00:00+00:00
[2024-01-28T21:47:21.209+0000] {processor.py:183} INFO - Processing /home/airflow/.local/lib/python3.8/site-packages/airflow/example_dags/example_dynamic_task_mapping.py took 0.040 seconds
[2024-01-28T21:47:52.185+0000] {processor.py:161} INFO - Started process (PID=429) to work on /home/airflow/.local/lib/python3.8/site-packages/airflow/example_dags/example_dynamic_task_mapping.py
[2024-01-28T21:47:52.186+0000] {processor.py:830} INFO - Processing file /home/airflow/.local/lib/python3.8/site-packages/airflow/example_dags/example_dynamic_task_mapping.py for tasks to queue
[2024-01-28T21:47:52.187+0000] {logging_mixin.py:188} INFO - [2024-01-28T21:47:52.187+0000] {dagbag.py:538} INFO - Filling up the DagBag from /home/airflow/.local/lib/python3.8/site-packages/airflow/example_dags/example_dynamic_task_mapping.py
[2024-01-28T21:47:52.191+0000] {processor.py:840} INFO - DAG(s) 'example_dynamic_task_mapping' retrieved from /home/airflow/.local/lib/python3.8/site-packages/airflow/example_dags/example_dynamic_task_mapping.py
[2024-01-28T21:47:52.203+0000] {logging_mixin.py:188} INFO - [2024-01-28T21:47:52.203+0000] {dag.py:3036} INFO - Sync 1 DAGs
[2024-01-28T21:47:52.215+0000] {logging_mixin.py:188} INFO - [2024-01-28T21:47:52.215+0000] {dag.py:3823} INFO - Setting next_dagrun for example_dynamic_task_mapping to 2022-03-04 00:00:00+00:00, run_after=2022-03-05 00:00:00+00:00
[2024-01-28T21:47:52.224+0000] {processor.py:183} INFO - Processing /home/airflow/.local/lib/python3.8/site-packages/airflow/example_dags/example_dynamic_task_mapping.py took 0.041 seconds
[2024-01-28T21:48:22.326+0000] {processor.py:161} INFO - Started process (PID=502) to work on /home/airflow/.local/lib/python3.8/site-packages/airflow/example_dags/example_dynamic_task_mapping.py
[2024-01-28T21:48:22.326+0000] {processor.py:830} INFO - Processing file /home/airflow/.local/lib/python3.8/site-packages/airflow/example_dags/example_dynamic_task_mapping.py for tasks to queue
[2024-01-28T21:48:22.328+0000] {logging_mixin.py:188} INFO - [2024-01-28T21:48:22.327+0000] {dagbag.py:538} INFO - Filling up the DagBag from /home/airflow/.local/lib/python3.8/site-packages/airflow/example_dags/example_dynamic_task_mapping.py
[2024-01-28T21:48:22.332+0000] {processor.py:840} INFO - DAG(s) 'example_dynamic_task_mapping' retrieved from /home/airflow/.local/lib/python3.8/site-packages/airflow/example_dags/example_dynamic_task_mapping.py
[2024-01-28T21:48:22.345+0000] {logging_mixin.py:188} INFO - [2024-01-28T21:48:22.345+0000] {dag.py:3036} INFO - Sync 1 DAGs
[2024-01-28T21:48:22.358+0000] {logging_mixin.py:188} INFO - [2024-01-28T21:48:22.358+0000] {dag.py:3823} INFO - Setting next_dagrun for example_dynamic_task_mapping to 2022-03-04 00:00:00+00:00, run_after=2022-03-05 00:00:00+00:00
[2024-01-28T21:48:22.368+0000] {processor.py:183} INFO - Processing /home/airflow/.local/lib/python3.8/site-packages/airflow/example_dags/example_dynamic_task_mapping.py took 0.045 seconds
