[2024-01-28T21:45:17.682+0000] {processor.py:161} INFO - Started process (PID=42) to work on /home/airflow/.local/lib/python3.8/site-packages/airflow/example_dags/example_branch_datetime_operator.py
[2024-01-28T21:45:17.690+0000] {processor.py:830} INFO - Processing file /home/airflow/.local/lib/python3.8/site-packages/airflow/example_dags/example_branch_datetime_operator.py for tasks to queue
[2024-01-28T21:45:17.692+0000] {logging_mixin.py:188} INFO - [2024-01-28T21:45:17.692+0000] {dagbag.py:538} INFO - Filling up the DagBag from /home/airflow/.local/lib/python3.8/site-packages/airflow/example_dags/example_branch_datetime_operator.py
[2024-01-28T21:45:17.701+0000] {processor.py:840} INFO - DAG(s) 'example_branch_datetime_operator_3', 'example_branch_datetime_operator_2', 'example_branch_datetime_operator' retrieved from /home/airflow/.local/lib/python3.8/site-packages/airflow/example_dags/example_branch_datetime_operator.py
[2024-01-28T21:45:17.711+0000] {logging_mixin.py:188} INFO - [2024-01-28T21:45:17.711+0000] {dag.py:3036} INFO - Sync 3 DAGs
[2024-01-28T21:45:17.725+0000] {logging_mixin.py:188} INFO - [2024-01-28T21:45:17.725+0000] {dag.py:3823} INFO - Setting next_dagrun for example_branch_datetime_operator to 2024-01-27 00:00:00+00:00, run_after=2024-01-28 00:00:00+00:00
[2024-01-28T21:45:17.728+0000] {logging_mixin.py:188} INFO - [2024-01-28T21:45:17.728+0000] {dag.py:3823} INFO - Setting next_dagrun for example_branch_datetime_operator_2 to 2024-01-27 00:00:00+00:00, run_after=2024-01-28 00:00:00+00:00
[2024-01-28T21:45:17.729+0000] {logging_mixin.py:188} INFO - [2024-01-28T21:45:17.729+0000] {dag.py:3823} INFO - Setting next_dagrun for example_branch_datetime_operator_3 to 2024-01-27 00:00:00+00:00, run_after=2024-01-28 00:00:00+00:00
[2024-01-28T21:45:17.740+0000] {processor.py:183} INFO - Processing /home/airflow/.local/lib/python3.8/site-packages/airflow/example_dags/example_branch_datetime_operator.py took 0.060 seconds
[2024-01-28T21:45:47.908+0000] {processor.py:161} INFO - Started process (PID=116) to work on /home/airflow/.local/lib/python3.8/site-packages/airflow/example_dags/example_branch_datetime_operator.py
[2024-01-28T21:45:47.909+0000] {processor.py:830} INFO - Processing file /home/airflow/.local/lib/python3.8/site-packages/airflow/example_dags/example_branch_datetime_operator.py for tasks to queue
[2024-01-28T21:45:47.910+0000] {logging_mixin.py:188} INFO - [2024-01-28T21:45:47.910+0000] {dagbag.py:538} INFO - Filling up the DagBag from /home/airflow/.local/lib/python3.8/site-packages/airflow/example_dags/example_branch_datetime_operator.py
[2024-01-28T21:45:47.916+0000] {processor.py:840} INFO - DAG(s) 'example_branch_datetime_operator', 'example_branch_datetime_operator_2', 'example_branch_datetime_operator_3' retrieved from /home/airflow/.local/lib/python3.8/site-packages/airflow/example_dags/example_branch_datetime_operator.py
[2024-01-28T21:45:47.980+0000] {logging_mixin.py:188} INFO - [2024-01-28T21:45:47.980+0000] {dag.py:3036} INFO - Sync 3 DAGs
[2024-01-28T21:45:47.991+0000] {logging_mixin.py:188} INFO - [2024-01-28T21:45:47.991+0000] {dag.py:3823} INFO - Setting next_dagrun for example_branch_datetime_operator to 2024-01-27 00:00:00+00:00, run_after=2024-01-28 00:00:00+00:00
[2024-01-28T21:45:47.993+0000] {logging_mixin.py:188} INFO - [2024-01-28T21:45:47.993+0000] {dag.py:3823} INFO - Setting next_dagrun for example_branch_datetime_operator_2 to 2024-01-27 00:00:00+00:00, run_after=2024-01-28 00:00:00+00:00
[2024-01-28T21:45:47.995+0000] {logging_mixin.py:188} INFO - [2024-01-28T21:45:47.995+0000] {dag.py:3823} INFO - Setting next_dagrun for example_branch_datetime_operator_3 to 2024-01-27 00:00:00+00:00, run_after=2024-01-28 00:00:00+00:00
[2024-01-28T21:45:48.003+0000] {processor.py:183} INFO - Processing /home/airflow/.local/lib/python3.8/site-packages/airflow/example_dags/example_branch_datetime_operator.py took 0.097 seconds
[2024-01-28T21:46:18.328+0000] {processor.py:161} INFO - Started process (PID=189) to work on /home/airflow/.local/lib/python3.8/site-packages/airflow/example_dags/example_branch_datetime_operator.py
[2024-01-28T21:46:18.329+0000] {processor.py:830} INFO - Processing file /home/airflow/.local/lib/python3.8/site-packages/airflow/example_dags/example_branch_datetime_operator.py for tasks to queue
[2024-01-28T21:46:18.331+0000] {logging_mixin.py:188} INFO - [2024-01-28T21:46:18.331+0000] {dagbag.py:538} INFO - Filling up the DagBag from /home/airflow/.local/lib/python3.8/site-packages/airflow/example_dags/example_branch_datetime_operator.py
[2024-01-28T21:46:18.339+0000] {processor.py:840} INFO - DAG(s) 'example_branch_datetime_operator_3', 'example_branch_datetime_operator_2', 'example_branch_datetime_operator' retrieved from /home/airflow/.local/lib/python3.8/site-packages/airflow/example_dags/example_branch_datetime_operator.py
[2024-01-28T21:46:18.375+0000] {logging_mixin.py:188} INFO - [2024-01-28T21:46:18.375+0000] {dag.py:3036} INFO - Sync 3 DAGs
[2024-01-28T21:46:18.395+0000] {logging_mixin.py:188} INFO - [2024-01-28T21:46:18.395+0000] {dag.py:3823} INFO - Setting next_dagrun for example_branch_datetime_operator to 2024-01-27 00:00:00+00:00, run_after=2024-01-28 00:00:00+00:00
[2024-01-28T21:46:18.400+0000] {logging_mixin.py:188} INFO - [2024-01-28T21:46:18.400+0000] {dag.py:3823} INFO - Setting next_dagrun for example_branch_datetime_operator_2 to 2024-01-27 00:00:00+00:00, run_after=2024-01-28 00:00:00+00:00
[2024-01-28T21:46:18.402+0000] {logging_mixin.py:188} INFO - [2024-01-28T21:46:18.402+0000] {dag.py:3823} INFO - Setting next_dagrun for example_branch_datetime_operator_3 to 2024-01-27 00:00:00+00:00, run_after=2024-01-28 00:00:00+00:00
[2024-01-28T21:46:18.420+0000] {processor.py:183} INFO - Processing /home/airflow/.local/lib/python3.8/site-packages/airflow/example_dags/example_branch_datetime_operator.py took 0.094 seconds
[2024-01-28T21:46:48.519+0000] {processor.py:161} INFO - Started process (PID=255) to work on /home/airflow/.local/lib/python3.8/site-packages/airflow/example_dags/example_branch_datetime_operator.py
[2024-01-28T21:46:48.520+0000] {processor.py:830} INFO - Processing file /home/airflow/.local/lib/python3.8/site-packages/airflow/example_dags/example_branch_datetime_operator.py for tasks to queue
[2024-01-28T21:46:48.521+0000] {logging_mixin.py:188} INFO - [2024-01-28T21:46:48.521+0000] {dagbag.py:538} INFO - Filling up the DagBag from /home/airflow/.local/lib/python3.8/site-packages/airflow/example_dags/example_branch_datetime_operator.py
[2024-01-28T21:46:48.527+0000] {processor.py:840} INFO - DAG(s) 'example_branch_datetime_operator_2', 'example_branch_datetime_operator', 'example_branch_datetime_operator_3' retrieved from /home/airflow/.local/lib/python3.8/site-packages/airflow/example_dags/example_branch_datetime_operator.py
[2024-01-28T21:46:48.535+0000] {logging_mixin.py:188} INFO - [2024-01-28T21:46:48.535+0000] {dag.py:3036} INFO - Sync 3 DAGs
[2024-01-28T21:46:48.549+0000] {logging_mixin.py:188} INFO - [2024-01-28T21:46:48.549+0000] {dag.py:3823} INFO - Setting next_dagrun for example_branch_datetime_operator to 2024-01-27 00:00:00+00:00, run_after=2024-01-28 00:00:00+00:00
[2024-01-28T21:46:48.552+0000] {logging_mixin.py:188} INFO - [2024-01-28T21:46:48.552+0000] {dag.py:3823} INFO - Setting next_dagrun for example_branch_datetime_operator_2 to 2024-01-27 00:00:00+00:00, run_after=2024-01-28 00:00:00+00:00
[2024-01-28T21:46:48.553+0000] {logging_mixin.py:188} INFO - [2024-01-28T21:46:48.553+0000] {dag.py:3823} INFO - Setting next_dagrun for example_branch_datetime_operator_3 to 2024-01-27 00:00:00+00:00, run_after=2024-01-28 00:00:00+00:00
[2024-01-28T21:46:48.562+0000] {processor.py:183} INFO - Processing /home/airflow/.local/lib/python3.8/site-packages/airflow/example_dags/example_branch_datetime_operator.py took 0.046 seconds
[2024-01-28T21:47:19.072+0000] {processor.py:161} INFO - Started process (PID=329) to work on /home/airflow/.local/lib/python3.8/site-packages/airflow/example_dags/example_branch_datetime_operator.py
[2024-01-28T21:47:19.073+0000] {processor.py:830} INFO - Processing file /home/airflow/.local/lib/python3.8/site-packages/airflow/example_dags/example_branch_datetime_operator.py for tasks to queue
[2024-01-28T21:47:19.074+0000] {logging_mixin.py:188} INFO - [2024-01-28T21:47:19.074+0000] {dagbag.py:538} INFO - Filling up the DagBag from /home/airflow/.local/lib/python3.8/site-packages/airflow/example_dags/example_branch_datetime_operator.py
[2024-01-28T21:47:19.081+0000] {processor.py:840} INFO - DAG(s) 'example_branch_datetime_operator_2', 'example_branch_datetime_operator', 'example_branch_datetime_operator_3' retrieved from /home/airflow/.local/lib/python3.8/site-packages/airflow/example_dags/example_branch_datetime_operator.py
[2024-01-28T21:47:19.143+0000] {logging_mixin.py:188} INFO - [2024-01-28T21:47:19.143+0000] {dag.py:3036} INFO - Sync 3 DAGs
[2024-01-28T21:47:19.155+0000] {logging_mixin.py:188} INFO - [2024-01-28T21:47:19.155+0000] {dag.py:3823} INFO - Setting next_dagrun for example_branch_datetime_operator to 2024-01-27 00:00:00+00:00, run_after=2024-01-28 00:00:00+00:00
[2024-01-28T21:47:19.157+0000] {logging_mixin.py:188} INFO - [2024-01-28T21:47:19.157+0000] {dag.py:3823} INFO - Setting next_dagrun for example_branch_datetime_operator_2 to 2024-01-27 00:00:00+00:00, run_after=2024-01-28 00:00:00+00:00
[2024-01-28T21:47:19.158+0000] {logging_mixin.py:188} INFO - [2024-01-28T21:47:19.158+0000] {dag.py:3823} INFO - Setting next_dagrun for example_branch_datetime_operator_3 to 2024-01-27 00:00:00+00:00, run_after=2024-01-28 00:00:00+00:00
[2024-01-28T21:47:19.168+0000] {processor.py:183} INFO - Processing /home/airflow/.local/lib/python3.8/site-packages/airflow/example_dags/example_branch_datetime_operator.py took 0.099 seconds
[2024-01-28T21:47:49.306+0000] {processor.py:161} INFO - Started process (PID=403) to work on /home/airflow/.local/lib/python3.8/site-packages/airflow/example_dags/example_branch_datetime_operator.py
[2024-01-28T21:47:49.307+0000] {processor.py:830} INFO - Processing file /home/airflow/.local/lib/python3.8/site-packages/airflow/example_dags/example_branch_datetime_operator.py for tasks to queue
[2024-01-28T21:47:49.308+0000] {logging_mixin.py:188} INFO - [2024-01-28T21:47:49.308+0000] {dagbag.py:538} INFO - Filling up the DagBag from /home/airflow/.local/lib/python3.8/site-packages/airflow/example_dags/example_branch_datetime_operator.py
[2024-01-28T21:47:49.314+0000] {processor.py:840} INFO - DAG(s) 'example_branch_datetime_operator', 'example_branch_datetime_operator_2', 'example_branch_datetime_operator_3' retrieved from /home/airflow/.local/lib/python3.8/site-packages/airflow/example_dags/example_branch_datetime_operator.py
[2024-01-28T21:47:49.328+0000] {logging_mixin.py:188} INFO - [2024-01-28T21:47:49.328+0000] {dag.py:3036} INFO - Sync 3 DAGs
[2024-01-28T21:47:49.339+0000] {logging_mixin.py:188} INFO - [2024-01-28T21:47:49.339+0000] {dag.py:3823} INFO - Setting next_dagrun for example_branch_datetime_operator to 2024-01-27 00:00:00+00:00, run_after=2024-01-28 00:00:00+00:00
[2024-01-28T21:47:49.341+0000] {logging_mixin.py:188} INFO - [2024-01-28T21:47:49.341+0000] {dag.py:3823} INFO - Setting next_dagrun for example_branch_datetime_operator_2 to 2024-01-27 00:00:00+00:00, run_after=2024-01-28 00:00:00+00:00
[2024-01-28T21:47:49.343+0000] {logging_mixin.py:188} INFO - [2024-01-28T21:47:49.342+0000] {dag.py:3823} INFO - Setting next_dagrun for example_branch_datetime_operator_3 to 2024-01-27 00:00:00+00:00, run_after=2024-01-28 00:00:00+00:00
[2024-01-28T21:47:49.351+0000] {processor.py:183} INFO - Processing /home/airflow/.local/lib/python3.8/site-packages/airflow/example_dags/example_branch_datetime_operator.py took 0.047 seconds
[2024-01-28T21:48:19.425+0000] {processor.py:161} INFO - Started process (PID=468) to work on /home/airflow/.local/lib/python3.8/site-packages/airflow/example_dags/example_branch_datetime_operator.py
[2024-01-28T21:48:19.426+0000] {processor.py:830} INFO - Processing file /home/airflow/.local/lib/python3.8/site-packages/airflow/example_dags/example_branch_datetime_operator.py for tasks to queue
[2024-01-28T21:48:19.427+0000] {logging_mixin.py:188} INFO - [2024-01-28T21:48:19.427+0000] {dagbag.py:538} INFO - Filling up the DagBag from /home/airflow/.local/lib/python3.8/site-packages/airflow/example_dags/example_branch_datetime_operator.py
[2024-01-28T21:48:19.432+0000] {processor.py:840} INFO - DAG(s) 'example_branch_datetime_operator_2', 'example_branch_datetime_operator', 'example_branch_datetime_operator_3' retrieved from /home/airflow/.local/lib/python3.8/site-packages/airflow/example_dags/example_branch_datetime_operator.py
[2024-01-28T21:48:19.447+0000] {logging_mixin.py:188} INFO - [2024-01-28T21:48:19.447+0000] {dag.py:3036} INFO - Sync 3 DAGs
[2024-01-28T21:48:19.459+0000] {logging_mixin.py:188} INFO - [2024-01-28T21:48:19.459+0000] {dag.py:3823} INFO - Setting next_dagrun for example_branch_datetime_operator to 2024-01-27 00:00:00+00:00, run_after=2024-01-28 00:00:00+00:00
[2024-01-28T21:48:19.462+0000] {logging_mixin.py:188} INFO - [2024-01-28T21:48:19.462+0000] {dag.py:3823} INFO - Setting next_dagrun for example_branch_datetime_operator_2 to 2024-01-27 00:00:00+00:00, run_after=2024-01-28 00:00:00+00:00
[2024-01-28T21:48:19.464+0000] {logging_mixin.py:188} INFO - [2024-01-28T21:48:19.464+0000] {dag.py:3823} INFO - Setting next_dagrun for example_branch_datetime_operator_3 to 2024-01-27 00:00:00+00:00, run_after=2024-01-28 00:00:00+00:00
[2024-01-28T21:48:19.472+0000] {processor.py:183} INFO - Processing /home/airflow/.local/lib/python3.8/site-packages/airflow/example_dags/example_branch_datetime_operator.py took 0.050 seconds
