[2024-01-28T21:45:17.810+0000] {processor.py:161} INFO - Started process (PID=45) to work on /home/airflow/.local/lib/python3.8/site-packages/airflow/example_dags/example_python_decorator.py
[2024-01-28T21:45:17.811+0000] {processor.py:830} INFO - Processing file /home/airflow/.local/lib/python3.8/site-packages/airflow/example_dags/example_python_decorator.py for tasks to queue
[2024-01-28T21:45:17.812+0000] {logging_mixin.py:188} INFO - [2024-01-28T21:45:17.812+0000] {dagbag.py:538} INFO - Filling up the DagBag from /home/airflow/.local/lib/python3.8/site-packages/airflow/example_dags/example_python_decorator.py
[2024-01-28T21:45:17.827+0000] {processor.py:840} INFO - DAG(s) 'example_python_decorator' retrieved from /home/airflow/.local/lib/python3.8/site-packages/airflow/example_dags/example_python_decorator.py
[2024-01-28T21:45:17.836+0000] {logging_mixin.py:188} INFO - [2024-01-28T21:45:17.835+0000] {dag.py:3036} INFO - Sync 1 DAGs
[2024-01-28T21:45:17.844+0000] {logging_mixin.py:188} INFO - [2024-01-28T21:45:17.843+0000] {dag.py:3823} INFO - Setting next_dagrun for example_python_decorator to None, run_after=None
[2024-01-28T21:45:17.858+0000] {processor.py:183} INFO - Processing /home/airflow/.local/lib/python3.8/site-packages/airflow/example_dags/example_python_decorator.py took 0.050 seconds
[2024-01-28T21:45:48.072+0000] {processor.py:161} INFO - Started process (PID=119) to work on /home/airflow/.local/lib/python3.8/site-packages/airflow/example_dags/example_python_decorator.py
[2024-01-28T21:45:48.073+0000] {processor.py:830} INFO - Processing file /home/airflow/.local/lib/python3.8/site-packages/airflow/example_dags/example_python_decorator.py for tasks to queue
[2024-01-28T21:45:48.075+0000] {logging_mixin.py:188} INFO - [2024-01-28T21:45:48.074+0000] {dagbag.py:538} INFO - Filling up the DagBag from /home/airflow/.local/lib/python3.8/site-packages/airflow/example_dags/example_python_decorator.py
[2024-01-28T21:45:48.083+0000] {processor.py:840} INFO - DAG(s) 'example_python_decorator' retrieved from /home/airflow/.local/lib/python3.8/site-packages/airflow/example_dags/example_python_decorator.py
[2024-01-28T21:45:48.136+0000] {logging_mixin.py:188} INFO - [2024-01-28T21:45:48.136+0000] {dag.py:3036} INFO - Sync 1 DAGs
[2024-01-28T21:45:48.141+0000] {logging_mixin.py:188} INFO - [2024-01-28T21:45:48.141+0000] {dag.py:3823} INFO - Setting next_dagrun for example_python_decorator to None, run_after=None
[2024-01-28T21:45:48.151+0000] {processor.py:183} INFO - Processing /home/airflow/.local/lib/python3.8/site-packages/airflow/example_dags/example_python_decorator.py took 0.081 seconds
[2024-01-28T21:46:18.497+0000] {processor.py:161} INFO - Started process (PID=192) to work on /home/airflow/.local/lib/python3.8/site-packages/airflow/example_dags/example_python_decorator.py
[2024-01-28T21:46:18.498+0000] {processor.py:830} INFO - Processing file /home/airflow/.local/lib/python3.8/site-packages/airflow/example_dags/example_python_decorator.py for tasks to queue
[2024-01-28T21:46:18.499+0000] {logging_mixin.py:188} INFO - [2024-01-28T21:46:18.499+0000] {dagbag.py:538} INFO - Filling up the DagBag from /home/airflow/.local/lib/python3.8/site-packages/airflow/example_dags/example_python_decorator.py
[2024-01-28T21:46:18.508+0000] {processor.py:840} INFO - DAG(s) 'example_python_decorator' retrieved from /home/airflow/.local/lib/python3.8/site-packages/airflow/example_dags/example_python_decorator.py
[2024-01-28T21:46:18.520+0000] {logging_mixin.py:188} INFO - [2024-01-28T21:46:18.520+0000] {dag.py:3036} INFO - Sync 1 DAGs
[2024-01-28T21:46:18.527+0000] {logging_mixin.py:188} INFO - [2024-01-28T21:46:18.527+0000] {dag.py:3823} INFO - Setting next_dagrun for example_python_decorator to None, run_after=None
[2024-01-28T21:46:18.536+0000] {processor.py:183} INFO - Processing /home/airflow/.local/lib/python3.8/site-packages/airflow/example_dags/example_python_decorator.py took 0.042 seconds
[2024-01-28T21:46:48.609+0000] {processor.py:161} INFO - Started process (PID=258) to work on /home/airflow/.local/lib/python3.8/site-packages/airflow/example_dags/example_python_decorator.py
[2024-01-28T21:46:48.610+0000] {processor.py:830} INFO - Processing file /home/airflow/.local/lib/python3.8/site-packages/airflow/example_dags/example_python_decorator.py for tasks to queue
[2024-01-28T21:46:48.612+0000] {logging_mixin.py:188} INFO - [2024-01-28T21:46:48.612+0000] {dagbag.py:538} INFO - Filling up the DagBag from /home/airflow/.local/lib/python3.8/site-packages/airflow/example_dags/example_python_decorator.py
[2024-01-28T21:46:48.621+0000] {processor.py:840} INFO - DAG(s) 'example_python_decorator' retrieved from /home/airflow/.local/lib/python3.8/site-packages/airflow/example_dags/example_python_decorator.py
[2024-01-28T21:46:48.632+0000] {logging_mixin.py:188} INFO - [2024-01-28T21:46:48.632+0000] {dag.py:3036} INFO - Sync 1 DAGs
[2024-01-28T21:46:48.643+0000] {logging_mixin.py:188} INFO - [2024-01-28T21:46:48.643+0000] {dag.py:3823} INFO - Setting next_dagrun for example_python_decorator to None, run_after=None
[2024-01-28T21:46:48.655+0000] {processor.py:183} INFO - Processing /home/airflow/.local/lib/python3.8/site-packages/airflow/example_dags/example_python_decorator.py took 0.049 seconds
[2024-01-28T21:47:19.235+0000] {processor.py:161} INFO - Started process (PID=332) to work on /home/airflow/.local/lib/python3.8/site-packages/airflow/example_dags/example_python_decorator.py
[2024-01-28T21:47:19.236+0000] {processor.py:830} INFO - Processing file /home/airflow/.local/lib/python3.8/site-packages/airflow/example_dags/example_python_decorator.py for tasks to queue
[2024-01-28T21:47:19.237+0000] {logging_mixin.py:188} INFO - [2024-01-28T21:47:19.237+0000] {dagbag.py:538} INFO - Filling up the DagBag from /home/airflow/.local/lib/python3.8/site-packages/airflow/example_dags/example_python_decorator.py
[2024-01-28T21:47:19.245+0000] {processor.py:840} INFO - DAG(s) 'example_python_decorator' retrieved from /home/airflow/.local/lib/python3.8/site-packages/airflow/example_dags/example_python_decorator.py
[2024-01-28T21:47:19.296+0000] {logging_mixin.py:188} INFO - [2024-01-28T21:47:19.296+0000] {dag.py:3036} INFO - Sync 1 DAGs
[2024-01-28T21:47:19.303+0000] {logging_mixin.py:188} INFO - [2024-01-28T21:47:19.302+0000] {dag.py:3823} INFO - Setting next_dagrun for example_python_decorator to None, run_after=None
[2024-01-28T21:47:19.313+0000] {processor.py:183} INFO - Processing /home/airflow/.local/lib/python3.8/site-packages/airflow/example_dags/example_python_decorator.py took 0.080 seconds
[2024-01-28T21:47:49.424+0000] {processor.py:161} INFO - Started process (PID=406) to work on /home/airflow/.local/lib/python3.8/site-packages/airflow/example_dags/example_python_decorator.py
[2024-01-28T21:47:49.425+0000] {processor.py:830} INFO - Processing file /home/airflow/.local/lib/python3.8/site-packages/airflow/example_dags/example_python_decorator.py for tasks to queue
[2024-01-28T21:47:49.426+0000] {logging_mixin.py:188} INFO - [2024-01-28T21:47:49.426+0000] {dagbag.py:538} INFO - Filling up the DagBag from /home/airflow/.local/lib/python3.8/site-packages/airflow/example_dags/example_python_decorator.py
[2024-01-28T21:47:49.434+0000] {processor.py:840} INFO - DAG(s) 'example_python_decorator' retrieved from /home/airflow/.local/lib/python3.8/site-packages/airflow/example_dags/example_python_decorator.py
[2024-01-28T21:47:49.447+0000] {logging_mixin.py:188} INFO - [2024-01-28T21:47:49.447+0000] {dag.py:3036} INFO - Sync 1 DAGs
[2024-01-28T21:47:49.453+0000] {logging_mixin.py:188} INFO - [2024-01-28T21:47:49.453+0000] {dag.py:3823} INFO - Setting next_dagrun for example_python_decorator to None, run_after=None
[2024-01-28T21:47:49.463+0000] {processor.py:183} INFO - Processing /home/airflow/.local/lib/python3.8/site-packages/airflow/example_dags/example_python_decorator.py took 0.041 seconds
[2024-01-28T21:48:19.542+0000] {processor.py:161} INFO - Started process (PID=471) to work on /home/airflow/.local/lib/python3.8/site-packages/airflow/example_dags/example_python_decorator.py
[2024-01-28T21:48:19.542+0000] {processor.py:830} INFO - Processing file /home/airflow/.local/lib/python3.8/site-packages/airflow/example_dags/example_python_decorator.py for tasks to queue
[2024-01-28T21:48:19.543+0000] {logging_mixin.py:188} INFO - [2024-01-28T21:48:19.543+0000] {dagbag.py:538} INFO - Filling up the DagBag from /home/airflow/.local/lib/python3.8/site-packages/airflow/example_dags/example_python_decorator.py
[2024-01-28T21:48:19.550+0000] {processor.py:840} INFO - DAG(s) 'example_python_decorator' retrieved from /home/airflow/.local/lib/python3.8/site-packages/airflow/example_dags/example_python_decorator.py
[2024-01-28T21:48:19.566+0000] {logging_mixin.py:188} INFO - [2024-01-28T21:48:19.566+0000] {dag.py:3036} INFO - Sync 1 DAGs
[2024-01-28T21:48:19.573+0000] {logging_mixin.py:188} INFO - [2024-01-28T21:48:19.572+0000] {dag.py:3823} INFO - Setting next_dagrun for example_python_decorator to None, run_after=None
[2024-01-28T21:48:19.582+0000] {processor.py:183} INFO - Processing /home/airflow/.local/lib/python3.8/site-packages/airflow/example_dags/example_python_decorator.py took 0.043 seconds
