[2024-01-28T21:45:17.674+0000] {processor.py:161} INFO - Started process (PID=41) to work on /home/airflow/.local/lib/python3.8/site-packages/airflow/example_dags/example_latest_only_with_trigger.py
[2024-01-28T21:45:17.678+0000] {processor.py:830} INFO - Processing file /home/airflow/.local/lib/python3.8/site-packages/airflow/example_dags/example_latest_only_with_trigger.py for tasks to queue
[2024-01-28T21:45:17.686+0000] {logging_mixin.py:188} INFO - [2024-01-28T21:45:17.681+0000] {dagbag.py:538} INFO - Filling up the DagBag from /home/airflow/.local/lib/python3.8/site-packages/airflow/example_dags/example_latest_only_with_trigger.py
[2024-01-28T21:45:17.697+0000] {processor.py:840} INFO - DAG(s) 'latest_only_with_trigger' retrieved from /home/airflow/.local/lib/python3.8/site-packages/airflow/example_dags/example_latest_only_with_trigger.py
[2024-01-28T21:45:17.708+0000] {logging_mixin.py:188} INFO - [2024-01-28T21:45:17.708+0000] {dag.py:3036} INFO - Sync 1 DAGs
[2024-01-28T21:45:17.721+0000] {logging_mixin.py:188} INFO - [2024-01-28T21:45:17.721+0000] {dag.py:3823} INFO - Setting next_dagrun for latest_only_with_trigger to 2024-01-28 16:00:00+00:00, run_after=2024-01-28 20:00:00+00:00
[2024-01-28T21:45:17.733+0000] {processor.py:183} INFO - Processing /home/airflow/.local/lib/python3.8/site-packages/airflow/example_dags/example_latest_only_with_trigger.py took 0.062 seconds
[2024-01-28T21:45:47.880+0000] {processor.py:161} INFO - Started process (PID=115) to work on /home/airflow/.local/lib/python3.8/site-packages/airflow/example_dags/example_latest_only_with_trigger.py
[2024-01-28T21:45:47.881+0000] {processor.py:830} INFO - Processing file /home/airflow/.local/lib/python3.8/site-packages/airflow/example_dags/example_latest_only_with_trigger.py for tasks to queue
[2024-01-28T21:45:47.882+0000] {logging_mixin.py:188} INFO - [2024-01-28T21:45:47.882+0000] {dagbag.py:538} INFO - Filling up the DagBag from /home/airflow/.local/lib/python3.8/site-packages/airflow/example_dags/example_latest_only_with_trigger.py
[2024-01-28T21:45:47.886+0000] {processor.py:840} INFO - DAG(s) 'latest_only_with_trigger' retrieved from /home/airflow/.local/lib/python3.8/site-packages/airflow/example_dags/example_latest_only_with_trigger.py
[2024-01-28T21:45:47.941+0000] {logging_mixin.py:188} INFO - [2024-01-28T21:45:47.940+0000] {dag.py:3036} INFO - Sync 1 DAGs
[2024-01-28T21:45:47.950+0000] {logging_mixin.py:188} INFO - [2024-01-28T21:45:47.950+0000] {dag.py:3823} INFO - Setting next_dagrun for latest_only_with_trigger to 2024-01-28 16:00:00+00:00, run_after=2024-01-28 20:00:00+00:00
[2024-01-28T21:45:47.960+0000] {processor.py:183} INFO - Processing /home/airflow/.local/lib/python3.8/site-packages/airflow/example_dags/example_latest_only_with_trigger.py took 0.082 seconds
[2024-01-28T21:46:18.269+0000] {processor.py:161} INFO - Started process (PID=188) to work on /home/airflow/.local/lib/python3.8/site-packages/airflow/example_dags/example_latest_only_with_trigger.py
[2024-01-28T21:46:18.270+0000] {processor.py:830} INFO - Processing file /home/airflow/.local/lib/python3.8/site-packages/airflow/example_dags/example_latest_only_with_trigger.py for tasks to queue
[2024-01-28T21:46:18.272+0000] {logging_mixin.py:188} INFO - [2024-01-28T21:46:18.272+0000] {dagbag.py:538} INFO - Filling up the DagBag from /home/airflow/.local/lib/python3.8/site-packages/airflow/example_dags/example_latest_only_with_trigger.py
[2024-01-28T21:46:18.275+0000] {processor.py:840} INFO - DAG(s) 'latest_only_with_trigger' retrieved from /home/airflow/.local/lib/python3.8/site-packages/airflow/example_dags/example_latest_only_with_trigger.py
[2024-01-28T21:46:18.288+0000] {logging_mixin.py:188} INFO - [2024-01-28T21:46:18.288+0000] {dag.py:3036} INFO - Sync 1 DAGs
[2024-01-28T21:46:18.301+0000] {logging_mixin.py:188} INFO - [2024-01-28T21:46:18.300+0000] {dag.py:3823} INFO - Setting next_dagrun for latest_only_with_trigger to 2024-01-28 16:00:00+00:00, run_after=2024-01-28 20:00:00+00:00
[2024-01-28T21:46:18.313+0000] {processor.py:183} INFO - Processing /home/airflow/.local/lib/python3.8/site-packages/airflow/example_dags/example_latest_only_with_trigger.py took 0.045 seconds
[2024-01-28T21:46:48.501+0000] {processor.py:161} INFO - Started process (PID=254) to work on /home/airflow/.local/lib/python3.8/site-packages/airflow/example_dags/example_latest_only_with_trigger.py
[2024-01-28T21:46:48.502+0000] {processor.py:830} INFO - Processing file /home/airflow/.local/lib/python3.8/site-packages/airflow/example_dags/example_latest_only_with_trigger.py for tasks to queue
[2024-01-28T21:46:48.503+0000] {logging_mixin.py:188} INFO - [2024-01-28T21:46:48.503+0000] {dagbag.py:538} INFO - Filling up the DagBag from /home/airflow/.local/lib/python3.8/site-packages/airflow/example_dags/example_latest_only_with_trigger.py
[2024-01-28T21:46:48.507+0000] {processor.py:840} INFO - DAG(s) 'latest_only_with_trigger' retrieved from /home/airflow/.local/lib/python3.8/site-packages/airflow/example_dags/example_latest_only_with_trigger.py
[2024-01-28T21:46:48.515+0000] {logging_mixin.py:188} INFO - [2024-01-28T21:46:48.515+0000] {dag.py:3036} INFO - Sync 1 DAGs
[2024-01-28T21:46:48.528+0000] {logging_mixin.py:188} INFO - [2024-01-28T21:46:48.527+0000] {dag.py:3823} INFO - Setting next_dagrun for latest_only_with_trigger to 2024-01-28 16:00:00+00:00, run_after=2024-01-28 20:00:00+00:00
[2024-01-28T21:46:48.538+0000] {processor.py:183} INFO - Processing /home/airflow/.local/lib/python3.8/site-packages/airflow/example_dags/example_latest_only_with_trigger.py took 0.039 seconds
[2024-01-28T21:47:19.044+0000] {processor.py:161} INFO - Started process (PID=328) to work on /home/airflow/.local/lib/python3.8/site-packages/airflow/example_dags/example_latest_only_with_trigger.py
[2024-01-28T21:47:19.045+0000] {processor.py:830} INFO - Processing file /home/airflow/.local/lib/python3.8/site-packages/airflow/example_dags/example_latest_only_with_trigger.py for tasks to queue
[2024-01-28T21:47:19.046+0000] {logging_mixin.py:188} INFO - [2024-01-28T21:47:19.046+0000] {dagbag.py:538} INFO - Filling up the DagBag from /home/airflow/.local/lib/python3.8/site-packages/airflow/example_dags/example_latest_only_with_trigger.py
[2024-01-28T21:47:19.050+0000] {processor.py:840} INFO - DAG(s) 'latest_only_with_trigger' retrieved from /home/airflow/.local/lib/python3.8/site-packages/airflow/example_dags/example_latest_only_with_trigger.py
[2024-01-28T21:47:19.103+0000] {logging_mixin.py:188} INFO - [2024-01-28T21:47:19.102+0000] {dag.py:3036} INFO - Sync 1 DAGs
[2024-01-28T21:47:19.114+0000] {logging_mixin.py:188} INFO - [2024-01-28T21:47:19.113+0000] {dag.py:3823} INFO - Setting next_dagrun for latest_only_with_trigger to 2024-01-28 16:00:00+00:00, run_after=2024-01-28 20:00:00+00:00
[2024-01-28T21:47:19.123+0000] {processor.py:183} INFO - Processing /home/airflow/.local/lib/python3.8/site-packages/airflow/example_dags/example_latest_only_with_trigger.py took 0.082 seconds
[2024-01-28T21:47:49.253+0000] {processor.py:161} INFO - Started process (PID=402) to work on /home/airflow/.local/lib/python3.8/site-packages/airflow/example_dags/example_latest_only_with_trigger.py
[2024-01-28T21:47:49.254+0000] {processor.py:830} INFO - Processing file /home/airflow/.local/lib/python3.8/site-packages/airflow/example_dags/example_latest_only_with_trigger.py for tasks to queue
[2024-01-28T21:47:49.255+0000] {logging_mixin.py:188} INFO - [2024-01-28T21:47:49.255+0000] {dagbag.py:538} INFO - Filling up the DagBag from /home/airflow/.local/lib/python3.8/site-packages/airflow/example_dags/example_latest_only_with_trigger.py
[2024-01-28T21:47:49.259+0000] {processor.py:840} INFO - DAG(s) 'latest_only_with_trigger' retrieved from /home/airflow/.local/lib/python3.8/site-packages/airflow/example_dags/example_latest_only_with_trigger.py
[2024-01-28T21:47:49.272+0000] {logging_mixin.py:188} INFO - [2024-01-28T21:47:49.272+0000] {dag.py:3036} INFO - Sync 1 DAGs
[2024-01-28T21:47:49.283+0000] {logging_mixin.py:188} INFO - [2024-01-28T21:47:49.283+0000] {dag.py:3823} INFO - Setting next_dagrun for latest_only_with_trigger to 2024-01-28 16:00:00+00:00, run_after=2024-01-28 20:00:00+00:00
[2024-01-28T21:47:49.292+0000] {processor.py:183} INFO - Processing /home/airflow/.local/lib/python3.8/site-packages/airflow/example_dags/example_latest_only_with_trigger.py took 0.042 seconds
[2024-01-28T21:48:19.371+0000] {processor.py:161} INFO - Started process (PID=467) to work on /home/airflow/.local/lib/python3.8/site-packages/airflow/example_dags/example_latest_only_with_trigger.py
[2024-01-28T21:48:19.371+0000] {processor.py:830} INFO - Processing file /home/airflow/.local/lib/python3.8/site-packages/airflow/example_dags/example_latest_only_with_trigger.py for tasks to queue
[2024-01-28T21:48:19.373+0000] {logging_mixin.py:188} INFO - [2024-01-28T21:48:19.373+0000] {dagbag.py:538} INFO - Filling up the DagBag from /home/airflow/.local/lib/python3.8/site-packages/airflow/example_dags/example_latest_only_with_trigger.py
[2024-01-28T21:48:19.376+0000] {processor.py:840} INFO - DAG(s) 'latest_only_with_trigger' retrieved from /home/airflow/.local/lib/python3.8/site-packages/airflow/example_dags/example_latest_only_with_trigger.py
[2024-01-28T21:48:19.390+0000] {logging_mixin.py:188} INFO - [2024-01-28T21:48:19.390+0000] {dag.py:3036} INFO - Sync 1 DAGs
[2024-01-28T21:48:19.401+0000] {logging_mixin.py:188} INFO - [2024-01-28T21:48:19.401+0000] {dag.py:3823} INFO - Setting next_dagrun for latest_only_with_trigger to 2024-01-28 16:00:00+00:00, run_after=2024-01-28 20:00:00+00:00
[2024-01-28T21:48:19.411+0000] {processor.py:183} INFO - Processing /home/airflow/.local/lib/python3.8/site-packages/airflow/example_dags/example_latest_only_with_trigger.py took 0.042 seconds
