[2024-01-28T21:45:18.860+0000] {processor.py:161} INFO - Started process (PID=72) to work on /home/airflow/.local/lib/python3.8/site-packages/airflow/example_dags/example_nested_branch_dag.py
[2024-01-28T21:45:18.861+0000] {processor.py:830} INFO - Processing file /home/airflow/.local/lib/python3.8/site-packages/airflow/example_dags/example_nested_branch_dag.py for tasks to queue
[2024-01-28T21:45:18.862+0000] {logging_mixin.py:188} INFO - [2024-01-28T21:45:18.862+0000] {dagbag.py:538} INFO - Filling up the DagBag from /home/airflow/.local/lib/python3.8/site-packages/airflow/example_dags/example_nested_branch_dag.py
[2024-01-28T21:45:18.870+0000] {processor.py:840} INFO - DAG(s) 'example_nested_branch_dag' retrieved from /home/airflow/.local/lib/python3.8/site-packages/airflow/example_dags/example_nested_branch_dag.py
[2024-01-28T21:45:18.883+0000] {logging_mixin.py:188} INFO - [2024-01-28T21:45:18.883+0000] {dag.py:3036} INFO - Sync 1 DAGs
[2024-01-28T21:45:18.906+0000] {logging_mixin.py:188} INFO - [2024-01-28T21:45:18.906+0000] {dag.py:3823} INFO - Setting next_dagrun for example_nested_branch_dag to 2024-01-27 00:00:00+00:00, run_after=2024-01-28 00:00:00+00:00
[2024-01-28T21:45:18.920+0000] {processor.py:183} INFO - Processing /home/airflow/.local/lib/python3.8/site-packages/airflow/example_dags/example_nested_branch_dag.py took 0.063 seconds
[2024-01-28T21:45:49.423+0000] {processor.py:161} INFO - Started process (PID=146) to work on /home/airflow/.local/lib/python3.8/site-packages/airflow/example_dags/example_nested_branch_dag.py
[2024-01-28T21:45:49.424+0000] {processor.py:830} INFO - Processing file /home/airflow/.local/lib/python3.8/site-packages/airflow/example_dags/example_nested_branch_dag.py for tasks to queue
[2024-01-28T21:45:49.425+0000] {logging_mixin.py:188} INFO - [2024-01-28T21:45:49.425+0000] {dagbag.py:538} INFO - Filling up the DagBag from /home/airflow/.local/lib/python3.8/site-packages/airflow/example_dags/example_nested_branch_dag.py
[2024-01-28T21:45:49.431+0000] {processor.py:840} INFO - DAG(s) 'example_nested_branch_dag' retrieved from /home/airflow/.local/lib/python3.8/site-packages/airflow/example_dags/example_nested_branch_dag.py
[2024-01-28T21:45:49.486+0000] {logging_mixin.py:188} INFO - [2024-01-28T21:45:49.486+0000] {dag.py:3036} INFO - Sync 1 DAGs
[2024-01-28T21:45:49.497+0000] {logging_mixin.py:188} INFO - [2024-01-28T21:45:49.497+0000] {dag.py:3823} INFO - Setting next_dagrun for example_nested_branch_dag to 2024-01-27 00:00:00+00:00, run_after=2024-01-28 00:00:00+00:00
[2024-01-28T21:45:49.507+0000] {processor.py:183} INFO - Processing /home/airflow/.local/lib/python3.8/site-packages/airflow/example_dags/example_nested_branch_dag.py took 0.086 seconds
[2024-01-28T21:46:20.509+0000] {processor.py:161} INFO - Started process (PID=219) to work on /home/airflow/.local/lib/python3.8/site-packages/airflow/example_dags/example_nested_branch_dag.py
[2024-01-28T21:46:20.509+0000] {processor.py:830} INFO - Processing file /home/airflow/.local/lib/python3.8/site-packages/airflow/example_dags/example_nested_branch_dag.py for tasks to queue
[2024-01-28T21:46:20.511+0000] {logging_mixin.py:188} INFO - [2024-01-28T21:46:20.511+0000] {dagbag.py:538} INFO - Filling up the DagBag from /home/airflow/.local/lib/python3.8/site-packages/airflow/example_dags/example_nested_branch_dag.py
[2024-01-28T21:46:20.517+0000] {processor.py:840} INFO - DAG(s) 'example_nested_branch_dag' retrieved from /home/airflow/.local/lib/python3.8/site-packages/airflow/example_dags/example_nested_branch_dag.py
[2024-01-28T21:46:20.524+0000] {logging_mixin.py:188} INFO - [2024-01-28T21:46:20.524+0000] {dag.py:3036} INFO - Sync 1 DAGs
[2024-01-28T21:46:20.537+0000] {logging_mixin.py:188} INFO - [2024-01-28T21:46:20.537+0000] {dag.py:3823} INFO - Setting next_dagrun for example_nested_branch_dag to 2024-01-27 00:00:00+00:00, run_after=2024-01-28 00:00:00+00:00
[2024-01-28T21:46:20.547+0000] {processor.py:183} INFO - Processing /home/airflow/.local/lib/python3.8/site-packages/airflow/example_dags/example_nested_branch_dag.py took 0.041 seconds
[2024-01-28T21:46:50.839+0000] {processor.py:161} INFO - Started process (PID=293) to work on /home/airflow/.local/lib/python3.8/site-packages/airflow/example_dags/example_nested_branch_dag.py
[2024-01-28T21:46:50.840+0000] {processor.py:830} INFO - Processing file /home/airflow/.local/lib/python3.8/site-packages/airflow/example_dags/example_nested_branch_dag.py for tasks to queue
[2024-01-28T21:46:50.841+0000] {logging_mixin.py:188} INFO - [2024-01-28T21:46:50.841+0000] {dagbag.py:538} INFO - Filling up the DagBag from /home/airflow/.local/lib/python3.8/site-packages/airflow/example_dags/example_nested_branch_dag.py
[2024-01-28T21:46:50.848+0000] {processor.py:840} INFO - DAG(s) 'example_nested_branch_dag' retrieved from /home/airflow/.local/lib/python3.8/site-packages/airflow/example_dags/example_nested_branch_dag.py
[2024-01-28T21:46:50.905+0000] {logging_mixin.py:188} INFO - [2024-01-28T21:46:50.905+0000] {dag.py:3036} INFO - Sync 1 DAGs
[2024-01-28T21:46:50.916+0000] {logging_mixin.py:188} INFO - [2024-01-28T21:46:50.916+0000] {dag.py:3823} INFO - Setting next_dagrun for example_nested_branch_dag to 2024-01-27 00:00:00+00:00, run_after=2024-01-28 00:00:00+00:00
[2024-01-28T21:46:50.925+0000] {processor.py:183} INFO - Processing /home/airflow/.local/lib/python3.8/site-packages/airflow/example_dags/example_nested_branch_dag.py took 0.089 seconds
[2024-01-28T21:47:21.331+0000] {processor.py:161} INFO - Started process (PID=359) to work on /home/airflow/.local/lib/python3.8/site-packages/airflow/example_dags/example_nested_branch_dag.py
[2024-01-28T21:47:21.332+0000] {processor.py:830} INFO - Processing file /home/airflow/.local/lib/python3.8/site-packages/airflow/example_dags/example_nested_branch_dag.py for tasks to queue
[2024-01-28T21:47:21.333+0000] {logging_mixin.py:188} INFO - [2024-01-28T21:47:21.333+0000] {dagbag.py:538} INFO - Filling up the DagBag from /home/airflow/.local/lib/python3.8/site-packages/airflow/example_dags/example_nested_branch_dag.py
[2024-01-28T21:47:21.340+0000] {processor.py:840} INFO - DAG(s) 'example_nested_branch_dag' retrieved from /home/airflow/.local/lib/python3.8/site-packages/airflow/example_dags/example_nested_branch_dag.py
[2024-01-28T21:47:21.355+0000] {logging_mixin.py:188} INFO - [2024-01-28T21:47:21.354+0000] {dag.py:3036} INFO - Sync 1 DAGs
[2024-01-28T21:47:21.367+0000] {logging_mixin.py:188} INFO - [2024-01-28T21:47:21.367+0000] {dag.py:3823} INFO - Setting next_dagrun for example_nested_branch_dag to 2024-01-27 00:00:00+00:00, run_after=2024-01-28 00:00:00+00:00
[2024-01-28T21:47:21.377+0000] {processor.py:183} INFO - Processing /home/airflow/.local/lib/python3.8/site-packages/airflow/example_dags/example_nested_branch_dag.py took 0.048 seconds
[2024-01-28T21:47:52.349+0000] {processor.py:161} INFO - Started process (PID=433) to work on /home/airflow/.local/lib/python3.8/site-packages/airflow/example_dags/example_nested_branch_dag.py
[2024-01-28T21:47:52.350+0000] {processor.py:830} INFO - Processing file /home/airflow/.local/lib/python3.8/site-packages/airflow/example_dags/example_nested_branch_dag.py for tasks to queue
[2024-01-28T21:47:52.351+0000] {logging_mixin.py:188} INFO - [2024-01-28T21:47:52.351+0000] {dagbag.py:538} INFO - Filling up the DagBag from /home/airflow/.local/lib/python3.8/site-packages/airflow/example_dags/example_nested_branch_dag.py
[2024-01-28T21:47:52.357+0000] {processor.py:840} INFO - DAG(s) 'example_nested_branch_dag' retrieved from /home/airflow/.local/lib/python3.8/site-packages/airflow/example_dags/example_nested_branch_dag.py
[2024-01-28T21:47:52.370+0000] {logging_mixin.py:188} INFO - [2024-01-28T21:47:52.369+0000] {dag.py:3036} INFO - Sync 1 DAGs
[2024-01-28T21:47:52.380+0000] {logging_mixin.py:188} INFO - [2024-01-28T21:47:52.380+0000] {dag.py:3823} INFO - Setting next_dagrun for example_nested_branch_dag to 2024-01-27 00:00:00+00:00, run_after=2024-01-28 00:00:00+00:00
[2024-01-28T21:47:52.389+0000] {processor.py:183} INFO - Processing /home/airflow/.local/lib/python3.8/site-packages/airflow/example_dags/example_nested_branch_dag.py took 0.042 seconds
[2024-01-28T21:48:22.444+0000] {processor.py:161} INFO - Started process (PID=506) to work on /home/airflow/.local/lib/python3.8/site-packages/airflow/example_dags/example_nested_branch_dag.py
[2024-01-28T21:48:22.445+0000] {processor.py:830} INFO - Processing file /home/airflow/.local/lib/python3.8/site-packages/airflow/example_dags/example_nested_branch_dag.py for tasks to queue
[2024-01-28T21:48:22.446+0000] {logging_mixin.py:188} INFO - [2024-01-28T21:48:22.446+0000] {dagbag.py:538} INFO - Filling up the DagBag from /home/airflow/.local/lib/python3.8/site-packages/airflow/example_dags/example_nested_branch_dag.py
[2024-01-28T21:48:22.452+0000] {processor.py:840} INFO - DAG(s) 'example_nested_branch_dag' retrieved from /home/airflow/.local/lib/python3.8/site-packages/airflow/example_dags/example_nested_branch_dag.py
[2024-01-28T21:48:22.465+0000] {logging_mixin.py:188} INFO - [2024-01-28T21:48:22.465+0000] {dag.py:3036} INFO - Sync 1 DAGs
[2024-01-28T21:48:22.477+0000] {logging_mixin.py:188} INFO - [2024-01-28T21:48:22.477+0000] {dag.py:3823} INFO - Setting next_dagrun for example_nested_branch_dag to 2024-01-27 00:00:00+00:00, run_after=2024-01-28 00:00:00+00:00
[2024-01-28T21:48:22.487+0000] {processor.py:183} INFO - Processing /home/airflow/.local/lib/python3.8/site-packages/airflow/example_dags/example_nested_branch_dag.py took 0.045 seconds
