[2024-01-28T21:45:18.493+0000] {processor.py:161} INFO - Started process (PID=63) to work on /home/airflow/.local/lib/python3.8/site-packages/airflow/example_dags/example_short_circuit_decorator.py
[2024-01-28T21:45:18.494+0000] {processor.py:830} INFO - Processing file /home/airflow/.local/lib/python3.8/site-packages/airflow/example_dags/example_short_circuit_decorator.py for tasks to queue
[2024-01-28T21:45:18.495+0000] {logging_mixin.py:188} INFO - [2024-01-28T21:45:18.495+0000] {dagbag.py:538} INFO - Filling up the DagBag from /home/airflow/.local/lib/python3.8/site-packages/airflow/example_dags/example_short_circuit_decorator.py
[2024-01-28T21:45:18.503+0000] {processor.py:840} INFO - DAG(s) 'example_short_circuit_decorator' retrieved from /home/airflow/.local/lib/python3.8/site-packages/airflow/example_dags/example_short_circuit_decorator.py
[2024-01-28T21:45:18.511+0000] {logging_mixin.py:188} INFO - [2024-01-28T21:45:18.511+0000] {dag.py:3036} INFO - Sync 1 DAGs
[2024-01-28T21:45:18.525+0000] {logging_mixin.py:188} INFO - [2024-01-28T21:45:18.525+0000] {dag.py:3823} INFO - Setting next_dagrun for example_short_circuit_decorator to 2024-01-27 00:00:00+00:00, run_after=2024-01-28 00:00:00+00:00
[2024-01-28T21:45:18.538+0000] {processor.py:183} INFO - Processing /home/airflow/.local/lib/python3.8/site-packages/airflow/example_dags/example_short_circuit_decorator.py took 0.049 seconds
[2024-01-28T21:45:48.964+0000] {processor.py:161} INFO - Started process (PID=137) to work on /home/airflow/.local/lib/python3.8/site-packages/airflow/example_dags/example_short_circuit_decorator.py
[2024-01-28T21:45:48.965+0000] {processor.py:830} INFO - Processing file /home/airflow/.local/lib/python3.8/site-packages/airflow/example_dags/example_short_circuit_decorator.py for tasks to queue
[2024-01-28T21:45:48.966+0000] {logging_mixin.py:188} INFO - [2024-01-28T21:45:48.966+0000] {dagbag.py:538} INFO - Filling up the DagBag from /home/airflow/.local/lib/python3.8/site-packages/airflow/example_dags/example_short_circuit_decorator.py
[2024-01-28T21:45:48.971+0000] {processor.py:840} INFO - DAG(s) 'example_short_circuit_decorator' retrieved from /home/airflow/.local/lib/python3.8/site-packages/airflow/example_dags/example_short_circuit_decorator.py
[2024-01-28T21:45:49.026+0000] {logging_mixin.py:188} INFO - [2024-01-28T21:45:49.026+0000] {dag.py:3036} INFO - Sync 1 DAGs
[2024-01-28T21:45:49.037+0000] {logging_mixin.py:188} INFO - [2024-01-28T21:45:49.036+0000] {dag.py:3823} INFO - Setting next_dagrun for example_short_circuit_decorator to 2024-01-27 00:00:00+00:00, run_after=2024-01-28 00:00:00+00:00
[2024-01-28T21:45:49.048+0000] {processor.py:183} INFO - Processing /home/airflow/.local/lib/python3.8/site-packages/airflow/example_dags/example_short_circuit_decorator.py took 0.086 seconds
[2024-01-28T21:46:19.124+0000] {processor.py:161} INFO - Started process (PID=210) to work on /home/airflow/.local/lib/python3.8/site-packages/airflow/example_dags/example_short_circuit_decorator.py
[2024-01-28T21:46:19.125+0000] {processor.py:830} INFO - Processing file /home/airflow/.local/lib/python3.8/site-packages/airflow/example_dags/example_short_circuit_decorator.py for tasks to queue
[2024-01-28T21:46:19.126+0000] {logging_mixin.py:188} INFO - [2024-01-28T21:46:19.126+0000] {dagbag.py:538} INFO - Filling up the DagBag from /home/airflow/.local/lib/python3.8/site-packages/airflow/example_dags/example_short_circuit_decorator.py
[2024-01-28T21:46:19.132+0000] {processor.py:840} INFO - DAG(s) 'example_short_circuit_decorator' retrieved from /home/airflow/.local/lib/python3.8/site-packages/airflow/example_dags/example_short_circuit_decorator.py
[2024-01-28T21:46:19.145+0000] {logging_mixin.py:188} INFO - [2024-01-28T21:46:19.145+0000] {dag.py:3036} INFO - Sync 1 DAGs
[2024-01-28T21:46:20.079+0000] {logging_mixin.py:188} INFO - [2024-01-28T21:46:20.079+0000] {dag.py:3823} INFO - Setting next_dagrun for example_short_circuit_decorator to 2024-01-27 00:00:00+00:00, run_after=2024-01-28 00:00:00+00:00
[2024-01-28T21:46:20.092+0000] {processor.py:183} INFO - Processing /home/airflow/.local/lib/python3.8/site-packages/airflow/example_dags/example_short_circuit_decorator.py took 0.970 seconds
[2024-01-28T21:46:50.223+0000] {processor.py:161} INFO - Started process (PID=283) to work on /home/airflow/.local/lib/python3.8/site-packages/airflow/example_dags/example_short_circuit_decorator.py
[2024-01-28T21:46:50.224+0000] {processor.py:830} INFO - Processing file /home/airflow/.local/lib/python3.8/site-packages/airflow/example_dags/example_short_circuit_decorator.py for tasks to queue
[2024-01-28T21:46:50.225+0000] {logging_mixin.py:188} INFO - [2024-01-28T21:46:50.225+0000] {dagbag.py:538} INFO - Filling up the DagBag from /home/airflow/.local/lib/python3.8/site-packages/airflow/example_dags/example_short_circuit_decorator.py
[2024-01-28T21:46:50.233+0000] {processor.py:840} INFO - DAG(s) 'example_short_circuit_decorator' retrieved from /home/airflow/.local/lib/python3.8/site-packages/airflow/example_dags/example_short_circuit_decorator.py
[2024-01-28T21:46:50.292+0000] {logging_mixin.py:188} INFO - [2024-01-28T21:46:50.292+0000] {dag.py:3036} INFO - Sync 1 DAGs
[2024-01-28T21:46:50.303+0000] {logging_mixin.py:188} INFO - [2024-01-28T21:46:50.303+0000] {dag.py:3823} INFO - Setting next_dagrun for example_short_circuit_decorator to 2024-01-27 00:00:00+00:00, run_after=2024-01-28 00:00:00+00:00
[2024-01-28T21:46:50.314+0000] {processor.py:183} INFO - Processing /home/airflow/.local/lib/python3.8/site-packages/airflow/example_dags/example_short_circuit_decorator.py took 0.094 seconds
[2024-01-28T21:47:20.985+0000] {processor.py:161} INFO - Started process (PID=350) to work on /home/airflow/.local/lib/python3.8/site-packages/airflow/example_dags/example_short_circuit_decorator.py
[2024-01-28T21:47:20.986+0000] {processor.py:830} INFO - Processing file /home/airflow/.local/lib/python3.8/site-packages/airflow/example_dags/example_short_circuit_decorator.py for tasks to queue
[2024-01-28T21:47:20.988+0000] {logging_mixin.py:188} INFO - [2024-01-28T21:47:20.988+0000] {dagbag.py:538} INFO - Filling up the DagBag from /home/airflow/.local/lib/python3.8/site-packages/airflow/example_dags/example_short_circuit_decorator.py
[2024-01-28T21:47:20.995+0000] {processor.py:840} INFO - DAG(s) 'example_short_circuit_decorator' retrieved from /home/airflow/.local/lib/python3.8/site-packages/airflow/example_dags/example_short_circuit_decorator.py
[2024-01-28T21:47:21.012+0000] {logging_mixin.py:188} INFO - [2024-01-28T21:47:21.012+0000] {dag.py:3036} INFO - Sync 1 DAGs
[2024-01-28T21:47:21.025+0000] {logging_mixin.py:188} INFO - [2024-01-28T21:47:21.024+0000] {dag.py:3823} INFO - Setting next_dagrun for example_short_circuit_decorator to 2024-01-27 00:00:00+00:00, run_after=2024-01-28 00:00:00+00:00
[2024-01-28T21:47:21.034+0000] {processor.py:183} INFO - Processing /home/airflow/.local/lib/python3.8/site-packages/airflow/example_dags/example_short_circuit_decorator.py took 0.052 seconds
[2024-01-28T21:47:51.993+0000] {processor.py:161} INFO - Started process (PID=424) to work on /home/airflow/.local/lib/python3.8/site-packages/airflow/example_dags/example_short_circuit_decorator.py
[2024-01-28T21:47:51.994+0000] {processor.py:830} INFO - Processing file /home/airflow/.local/lib/python3.8/site-packages/airflow/example_dags/example_short_circuit_decorator.py for tasks to queue
[2024-01-28T21:47:51.996+0000] {logging_mixin.py:188} INFO - [2024-01-28T21:47:51.996+0000] {dagbag.py:538} INFO - Filling up the DagBag from /home/airflow/.local/lib/python3.8/site-packages/airflow/example_dags/example_short_circuit_decorator.py
[2024-01-28T21:47:52.006+0000] {processor.py:840} INFO - DAG(s) 'example_short_circuit_decorator' retrieved from /home/airflow/.local/lib/python3.8/site-packages/airflow/example_dags/example_short_circuit_decorator.py
[2024-01-28T21:47:52.024+0000] {logging_mixin.py:188} INFO - [2024-01-28T21:47:52.024+0000] {dag.py:3036} INFO - Sync 1 DAGs
[2024-01-28T21:47:52.037+0000] {logging_mixin.py:188} INFO - [2024-01-28T21:47:52.037+0000] {dag.py:3823} INFO - Setting next_dagrun for example_short_circuit_decorator to 2024-01-27 00:00:00+00:00, run_after=2024-01-28 00:00:00+00:00
[2024-01-28T21:47:52.048+0000] {processor.py:183} INFO - Processing /home/airflow/.local/lib/python3.8/site-packages/airflow/example_dags/example_short_circuit_decorator.py took 0.059 seconds
[2024-01-28T21:48:22.088+0000] {processor.py:161} INFO - Started process (PID=496) to work on /home/airflow/.local/lib/python3.8/site-packages/airflow/example_dags/example_short_circuit_decorator.py
[2024-01-28T21:48:22.089+0000] {processor.py:830} INFO - Processing file /home/airflow/.local/lib/python3.8/site-packages/airflow/example_dags/example_short_circuit_decorator.py for tasks to queue
[2024-01-28T21:48:22.092+0000] {logging_mixin.py:188} INFO - [2024-01-28T21:48:22.091+0000] {dagbag.py:538} INFO - Filling up the DagBag from /home/airflow/.local/lib/python3.8/site-packages/airflow/example_dags/example_short_circuit_decorator.py
[2024-01-28T21:48:22.102+0000] {processor.py:840} INFO - DAG(s) 'example_short_circuit_decorator' retrieved from /home/airflow/.local/lib/python3.8/site-packages/airflow/example_dags/example_short_circuit_decorator.py
[2024-01-28T21:48:22.123+0000] {logging_mixin.py:188} INFO - [2024-01-28T21:48:22.123+0000] {dag.py:3036} INFO - Sync 1 DAGs
[2024-01-28T21:48:22.135+0000] {logging_mixin.py:188} INFO - [2024-01-28T21:48:22.135+0000] {dag.py:3823} INFO - Setting next_dagrun for example_short_circuit_decorator to 2024-01-27 00:00:00+00:00, run_after=2024-01-28 00:00:00+00:00
[2024-01-28T21:48:22.143+0000] {processor.py:183} INFO - Processing /home/airflow/.local/lib/python3.8/site-packages/airflow/example_dags/example_short_circuit_decorator.py took 0.060 seconds
