[2024-01-28T21:45:18.444+0000] {processor.py:161} INFO - Started process (PID=62) to work on /home/airflow/.local/lib/python3.8/site-packages/airflow/example_dags/tutorial.py
[2024-01-28T21:45:18.445+0000] {processor.py:830} INFO - Processing file /home/airflow/.local/lib/python3.8/site-packages/airflow/example_dags/tutorial.py for tasks to queue
[2024-01-28T21:45:18.447+0000] {logging_mixin.py:188} INFO - [2024-01-28T21:45:18.446+0000] {dagbag.py:538} INFO - Filling up the DagBag from /home/airflow/.local/lib/python3.8/site-packages/airflow/example_dags/tutorial.py
[2024-01-28T21:45:18.452+0000] {processor.py:840} INFO - DAG(s) 'tutorial' retrieved from /home/airflow/.local/lib/python3.8/site-packages/airflow/example_dags/tutorial.py
[2024-01-28T21:45:18.460+0000] {logging_mixin.py:188} INFO - [2024-01-28T21:45:18.460+0000] {dag.py:3036} INFO - Sync 1 DAGs
[2024-01-28T21:45:18.475+0000] {logging_mixin.py:188} INFO - [2024-01-28T21:45:18.475+0000] {dag.py:3823} INFO - Setting next_dagrun for tutorial to 2024-01-27 00:00:00+00:00, run_after=2024-01-28 00:00:00+00:00
[2024-01-28T21:45:18.488+0000] {processor.py:183} INFO - Processing /home/airflow/.local/lib/python3.8/site-packages/airflow/example_dags/tutorial.py took 0.047 seconds
[2024-01-28T21:45:48.932+0000] {processor.py:161} INFO - Started process (PID=136) to work on /home/airflow/.local/lib/python3.8/site-packages/airflow/example_dags/tutorial.py
[2024-01-28T21:45:48.932+0000] {processor.py:830} INFO - Processing file /home/airflow/.local/lib/python3.8/site-packages/airflow/example_dags/tutorial.py for tasks to queue
[2024-01-28T21:45:48.934+0000] {logging_mixin.py:188} INFO - [2024-01-28T21:45:48.934+0000] {dagbag.py:538} INFO - Filling up the DagBag from /home/airflow/.local/lib/python3.8/site-packages/airflow/example_dags/tutorial.py
[2024-01-28T21:45:48.938+0000] {processor.py:840} INFO - DAG(s) 'tutorial' retrieved from /home/airflow/.local/lib/python3.8/site-packages/airflow/example_dags/tutorial.py
[2024-01-28T21:45:48.991+0000] {logging_mixin.py:188} INFO - [2024-01-28T21:45:48.991+0000] {dag.py:3036} INFO - Sync 1 DAGs
[2024-01-28T21:45:49.002+0000] {logging_mixin.py:188} INFO - [2024-01-28T21:45:49.002+0000] {dag.py:3823} INFO - Setting next_dagrun for tutorial to 2024-01-27 00:00:00+00:00, run_after=2024-01-28 00:00:00+00:00
[2024-01-28T21:45:49.013+0000] {processor.py:183} INFO - Processing /home/airflow/.local/lib/python3.8/site-packages/airflow/example_dags/tutorial.py took 0.083 seconds
[2024-01-28T21:46:19.067+0000] {processor.py:161} INFO - Started process (PID=209) to work on /home/airflow/.local/lib/python3.8/site-packages/airflow/example_dags/tutorial.py
[2024-01-28T21:46:19.068+0000] {processor.py:830} INFO - Processing file /home/airflow/.local/lib/python3.8/site-packages/airflow/example_dags/tutorial.py for tasks to queue
[2024-01-28T21:46:19.069+0000] {logging_mixin.py:188} INFO - [2024-01-28T21:46:19.069+0000] {dagbag.py:538} INFO - Filling up the DagBag from /home/airflow/.local/lib/python3.8/site-packages/airflow/example_dags/tutorial.py
[2024-01-28T21:46:19.073+0000] {processor.py:840} INFO - DAG(s) 'tutorial' retrieved from /home/airflow/.local/lib/python3.8/site-packages/airflow/example_dags/tutorial.py
[2024-01-28T21:46:19.087+0000] {logging_mixin.py:188} INFO - [2024-01-28T21:46:19.087+0000] {dag.py:3036} INFO - Sync 1 DAGs
[2024-01-28T21:46:19.099+0000] {logging_mixin.py:188} INFO - [2024-01-28T21:46:19.099+0000] {dag.py:3823} INFO - Setting next_dagrun for tutorial to 2024-01-27 00:00:00+00:00, run_after=2024-01-28 00:00:00+00:00
[2024-01-28T21:46:19.109+0000] {processor.py:183} INFO - Processing /home/airflow/.local/lib/python3.8/site-packages/airflow/example_dags/tutorial.py took 0.044 seconds
[2024-01-28T21:46:49.133+0000] {processor.py:161} INFO - Started process (PID=274) to work on /home/airflow/.local/lib/python3.8/site-packages/airflow/example_dags/tutorial.py
[2024-01-28T21:46:49.134+0000] {processor.py:830} INFO - Processing file /home/airflow/.local/lib/python3.8/site-packages/airflow/example_dags/tutorial.py for tasks to queue
[2024-01-28T21:46:49.135+0000] {logging_mixin.py:188} INFO - [2024-01-28T21:46:49.135+0000] {dagbag.py:538} INFO - Filling up the DagBag from /home/airflow/.local/lib/python3.8/site-packages/airflow/example_dags/tutorial.py
[2024-01-28T21:46:49.139+0000] {processor.py:840} INFO - DAG(s) 'tutorial' retrieved from /home/airflow/.local/lib/python3.8/site-packages/airflow/example_dags/tutorial.py
[2024-01-28T21:46:49.192+0000] {logging_mixin.py:188} INFO - [2024-01-28T21:46:49.192+0000] {dag.py:3036} INFO - Sync 1 DAGs
[2024-01-28T21:46:49.203+0000] {logging_mixin.py:188} INFO - [2024-01-28T21:46:49.202+0000] {dag.py:3823} INFO - Setting next_dagrun for tutorial to 2024-01-27 00:00:00+00:00, run_after=2024-01-28 00:00:00+00:00
[2024-01-28T21:46:49.214+0000] {processor.py:183} INFO - Processing /home/airflow/.local/lib/python3.8/site-packages/airflow/example_dags/tutorial.py took 0.083 seconds
[2024-01-28T21:47:19.921+0000] {processor.py:161} INFO - Started process (PID=348) to work on /home/airflow/.local/lib/python3.8/site-packages/airflow/example_dags/tutorial.py
[2024-01-28T21:47:19.922+0000] {processor.py:830} INFO - Processing file /home/airflow/.local/lib/python3.8/site-packages/airflow/example_dags/tutorial.py for tasks to queue
[2024-01-28T21:47:19.923+0000] {logging_mixin.py:188} INFO - [2024-01-28T21:47:19.923+0000] {dagbag.py:538} INFO - Filling up the DagBag from /home/airflow/.local/lib/python3.8/site-packages/airflow/example_dags/tutorial.py
[2024-01-28T21:47:19.927+0000] {processor.py:840} INFO - DAG(s) 'tutorial' retrieved from /home/airflow/.local/lib/python3.8/site-packages/airflow/example_dags/tutorial.py
[2024-01-28T21:47:19.939+0000] {logging_mixin.py:188} INFO - [2024-01-28T21:47:19.939+0000] {dag.py:3036} INFO - Sync 1 DAGs
[2024-01-28T21:47:19.950+0000] {logging_mixin.py:188} INFO - [2024-01-28T21:47:19.950+0000] {dag.py:3823} INFO - Setting next_dagrun for tutorial to 2024-01-27 00:00:00+00:00, run_after=2024-01-28 00:00:00+00:00
[2024-01-28T21:47:19.959+0000] {processor.py:183} INFO - Processing /home/airflow/.local/lib/python3.8/site-packages/airflow/example_dags/tutorial.py took 0.040 seconds
[2024-01-28T21:47:50.918+0000] {processor.py:161} INFO - Started process (PID=422) to work on /home/airflow/.local/lib/python3.8/site-packages/airflow/example_dags/tutorial.py
[2024-01-28T21:47:50.919+0000] {processor.py:830} INFO - Processing file /home/airflow/.local/lib/python3.8/site-packages/airflow/example_dags/tutorial.py for tasks to queue
[2024-01-28T21:47:50.920+0000] {logging_mixin.py:188} INFO - [2024-01-28T21:47:50.920+0000] {dagbag.py:538} INFO - Filling up the DagBag from /home/airflow/.local/lib/python3.8/site-packages/airflow/example_dags/tutorial.py
[2024-01-28T21:47:50.924+0000] {processor.py:840} INFO - DAG(s) 'tutorial' retrieved from /home/airflow/.local/lib/python3.8/site-packages/airflow/example_dags/tutorial.py
[2024-01-28T21:47:50.936+0000] {logging_mixin.py:188} INFO - [2024-01-28T21:47:50.936+0000] {dag.py:3036} INFO - Sync 1 DAGs
[2024-01-28T21:47:50.948+0000] {logging_mixin.py:188} INFO - [2024-01-28T21:47:50.947+0000] {dag.py:3823} INFO - Setting next_dagrun for tutorial to 2024-01-27 00:00:00+00:00, run_after=2024-01-28 00:00:00+00:00
[2024-01-28T21:47:50.957+0000] {processor.py:183} INFO - Processing /home/airflow/.local/lib/python3.8/site-packages/airflow/example_dags/tutorial.py took 0.041 seconds
[2024-01-28T21:48:21.016+0000] {processor.py:161} INFO - Started process (PID=495) to work on /home/airflow/.local/lib/python3.8/site-packages/airflow/example_dags/tutorial.py
[2024-01-28T21:48:21.017+0000] {processor.py:830} INFO - Processing file /home/airflow/.local/lib/python3.8/site-packages/airflow/example_dags/tutorial.py for tasks to queue
[2024-01-28T21:48:21.019+0000] {logging_mixin.py:188} INFO - [2024-01-28T21:48:21.018+0000] {dagbag.py:538} INFO - Filling up the DagBag from /home/airflow/.local/lib/python3.8/site-packages/airflow/example_dags/tutorial.py
[2024-01-28T21:48:21.022+0000] {processor.py:840} INFO - DAG(s) 'tutorial' retrieved from /home/airflow/.local/lib/python3.8/site-packages/airflow/example_dags/tutorial.py
[2024-01-28T21:48:21.035+0000] {logging_mixin.py:188} INFO - [2024-01-28T21:48:21.035+0000] {dag.py:3036} INFO - Sync 1 DAGs
[2024-01-28T21:48:21.047+0000] {logging_mixin.py:188} INFO - [2024-01-28T21:48:21.047+0000] {dag.py:3823} INFO - Setting next_dagrun for tutorial to 2024-01-27 00:00:00+00:00, run_after=2024-01-28 00:00:00+00:00
[2024-01-28T21:48:21.056+0000] {processor.py:183} INFO - Processing /home/airflow/.local/lib/python3.8/site-packages/airflow/example_dags/tutorial.py took 0.042 seconds
