[2024-01-28T21:45:17.818+0000] {processor.py:161} INFO - Started process (PID=46) to work on /home/airflow/.local/lib/python3.8/site-packages/airflow/example_dags/tutorial_dag.py
[2024-01-28T21:45:17.819+0000] {processor.py:830} INFO - Processing file /home/airflow/.local/lib/python3.8/site-packages/airflow/example_dags/tutorial_dag.py for tasks to queue
[2024-01-28T21:45:17.821+0000] {logging_mixin.py:188} INFO - [2024-01-28T21:45:17.821+0000] {dagbag.py:538} INFO - Filling up the DagBag from /home/airflow/.local/lib/python3.8/site-packages/airflow/example_dags/tutorial_dag.py
[2024-01-28T21:45:17.828+0000] {processor.py:840} INFO - DAG(s) 'tutorial_dag' retrieved from /home/airflow/.local/lib/python3.8/site-packages/airflow/example_dags/tutorial_dag.py
[2024-01-28T21:45:17.837+0000] {logging_mixin.py:188} INFO - [2024-01-28T21:45:17.837+0000] {dag.py:3036} INFO - Sync 1 DAGs
[2024-01-28T21:45:17.844+0000] {logging_mixin.py:188} INFO - [2024-01-28T21:45:17.844+0000] {dag.py:3823} INFO - Setting next_dagrun for tutorial_dag to None, run_after=None
[2024-01-28T21:45:17.858+0000] {processor.py:183} INFO - Processing /home/airflow/.local/lib/python3.8/site-packages/airflow/example_dags/tutorial_dag.py took 0.042 seconds
[2024-01-28T21:45:48.113+0000] {processor.py:161} INFO - Started process (PID=120) to work on /home/airflow/.local/lib/python3.8/site-packages/airflow/example_dags/tutorial_dag.py
[2024-01-28T21:45:48.114+0000] {processor.py:830} INFO - Processing file /home/airflow/.local/lib/python3.8/site-packages/airflow/example_dags/tutorial_dag.py for tasks to queue
[2024-01-28T21:45:48.115+0000] {logging_mixin.py:188} INFO - [2024-01-28T21:45:48.115+0000] {dagbag.py:538} INFO - Filling up the DagBag from /home/airflow/.local/lib/python3.8/site-packages/airflow/example_dags/tutorial_dag.py
[2024-01-28T21:45:48.119+0000] {processor.py:840} INFO - DAG(s) 'tutorial_dag' retrieved from /home/airflow/.local/lib/python3.8/site-packages/airflow/example_dags/tutorial_dag.py
[2024-01-28T21:45:48.173+0000] {logging_mixin.py:188} INFO - [2024-01-28T21:45:48.173+0000] {dag.py:3036} INFO - Sync 1 DAGs
[2024-01-28T21:45:48.179+0000] {logging_mixin.py:188} INFO - [2024-01-28T21:45:48.179+0000] {dag.py:3823} INFO - Setting next_dagrun for tutorial_dag to None, run_after=None
[2024-01-28T21:45:48.190+0000] {processor.py:183} INFO - Processing /home/airflow/.local/lib/python3.8/site-packages/airflow/example_dags/tutorial_dag.py took 0.080 seconds
[2024-01-28T21:46:18.500+0000] {processor.py:161} INFO - Started process (PID=193) to work on /home/airflow/.local/lib/python3.8/site-packages/airflow/example_dags/tutorial_dag.py
[2024-01-28T21:46:18.501+0000] {processor.py:830} INFO - Processing file /home/airflow/.local/lib/python3.8/site-packages/airflow/example_dags/tutorial_dag.py for tasks to queue
[2024-01-28T21:46:18.503+0000] {logging_mixin.py:188} INFO - [2024-01-28T21:46:18.502+0000] {dagbag.py:538} INFO - Filling up the DagBag from /home/airflow/.local/lib/python3.8/site-packages/airflow/example_dags/tutorial_dag.py
[2024-01-28T21:46:18.506+0000] {processor.py:840} INFO - DAG(s) 'tutorial_dag' retrieved from /home/airflow/.local/lib/python3.8/site-packages/airflow/example_dags/tutorial_dag.py
[2024-01-28T21:46:18.519+0000] {logging_mixin.py:188} INFO - [2024-01-28T21:46:18.519+0000] {dag.py:3036} INFO - Sync 1 DAGs
[2024-01-28T21:46:18.526+0000] {logging_mixin.py:188} INFO - [2024-01-28T21:46:18.526+0000] {dag.py:3823} INFO - Setting next_dagrun for tutorial_dag to None, run_after=None
[2024-01-28T21:46:18.536+0000] {processor.py:183} INFO - Processing /home/airflow/.local/lib/python3.8/site-packages/airflow/example_dags/tutorial_dag.py took 0.038 seconds
[2024-01-28T21:46:48.640+0000] {processor.py:161} INFO - Started process (PID=259) to work on /home/airflow/.local/lib/python3.8/site-packages/airflow/example_dags/tutorial_dag.py
[2024-01-28T21:46:48.641+0000] {processor.py:830} INFO - Processing file /home/airflow/.local/lib/python3.8/site-packages/airflow/example_dags/tutorial_dag.py for tasks to queue
[2024-01-28T21:46:48.643+0000] {logging_mixin.py:188} INFO - [2024-01-28T21:46:48.643+0000] {dagbag.py:538} INFO - Filling up the DagBag from /home/airflow/.local/lib/python3.8/site-packages/airflow/example_dags/tutorial_dag.py
[2024-01-28T21:46:48.648+0000] {processor.py:840} INFO - DAG(s) 'tutorial_dag' retrieved from /home/airflow/.local/lib/python3.8/site-packages/airflow/example_dags/tutorial_dag.py
[2024-01-28T21:46:48.656+0000] {logging_mixin.py:188} INFO - [2024-01-28T21:46:48.656+0000] {dag.py:3036} INFO - Sync 1 DAGs
[2024-01-28T21:46:48.664+0000] {logging_mixin.py:188} INFO - [2024-01-28T21:46:48.664+0000] {dag.py:3823} INFO - Setting next_dagrun for tutorial_dag to None, run_after=None
[2024-01-28T21:46:48.676+0000] {processor.py:183} INFO - Processing /home/airflow/.local/lib/python3.8/site-packages/airflow/example_dags/tutorial_dag.py took 0.038 seconds
[2024-01-28T21:47:19.278+0000] {processor.py:161} INFO - Started process (PID=333) to work on /home/airflow/.local/lib/python3.8/site-packages/airflow/example_dags/tutorial_dag.py
[2024-01-28T21:47:19.279+0000] {processor.py:830} INFO - Processing file /home/airflow/.local/lib/python3.8/site-packages/airflow/example_dags/tutorial_dag.py for tasks to queue
[2024-01-28T21:47:19.280+0000] {logging_mixin.py:188} INFO - [2024-01-28T21:47:19.280+0000] {dagbag.py:538} INFO - Filling up the DagBag from /home/airflow/.local/lib/python3.8/site-packages/airflow/example_dags/tutorial_dag.py
[2024-01-28T21:47:19.283+0000] {processor.py:840} INFO - DAG(s) 'tutorial_dag' retrieved from /home/airflow/.local/lib/python3.8/site-packages/airflow/example_dags/tutorial_dag.py
[2024-01-28T21:47:19.336+0000] {logging_mixin.py:188} INFO - [2024-01-28T21:47:19.335+0000] {dag.py:3036} INFO - Sync 1 DAGs
[2024-01-28T21:47:19.342+0000] {logging_mixin.py:188} INFO - [2024-01-28T21:47:19.342+0000] {dag.py:3823} INFO - Setting next_dagrun for tutorial_dag to None, run_after=None
[2024-01-28T21:47:19.353+0000] {processor.py:183} INFO - Processing /home/airflow/.local/lib/python3.8/site-packages/airflow/example_dags/tutorial_dag.py took 0.077 seconds
[2024-01-28T21:47:49.477+0000] {processor.py:161} INFO - Started process (PID=407) to work on /home/airflow/.local/lib/python3.8/site-packages/airflow/example_dags/tutorial_dag.py
[2024-01-28T21:47:49.478+0000] {processor.py:830} INFO - Processing file /home/airflow/.local/lib/python3.8/site-packages/airflow/example_dags/tutorial_dag.py for tasks to queue
[2024-01-28T21:47:49.479+0000] {logging_mixin.py:188} INFO - [2024-01-28T21:47:49.479+0000] {dagbag.py:538} INFO - Filling up the DagBag from /home/airflow/.local/lib/python3.8/site-packages/airflow/example_dags/tutorial_dag.py
[2024-01-28T21:47:49.483+0000] {processor.py:840} INFO - DAG(s) 'tutorial_dag' retrieved from /home/airflow/.local/lib/python3.8/site-packages/airflow/example_dags/tutorial_dag.py
[2024-01-28T21:47:49.497+0000] {logging_mixin.py:188} INFO - [2024-01-28T21:47:49.497+0000] {dag.py:3036} INFO - Sync 1 DAGs
[2024-01-28T21:47:49.504+0000] {logging_mixin.py:188} INFO - [2024-01-28T21:47:49.504+0000] {dag.py:3823} INFO - Setting next_dagrun for tutorial_dag to None, run_after=None
[2024-01-28T21:47:49.514+0000] {processor.py:183} INFO - Processing /home/airflow/.local/lib/python3.8/site-packages/airflow/example_dags/tutorial_dag.py took 0.039 seconds
[2024-01-28T21:48:19.598+0000] {processor.py:161} INFO - Started process (PID=472) to work on /home/airflow/.local/lib/python3.8/site-packages/airflow/example_dags/tutorial_dag.py
[2024-01-28T21:48:19.599+0000] {processor.py:830} INFO - Processing file /home/airflow/.local/lib/python3.8/site-packages/airflow/example_dags/tutorial_dag.py for tasks to queue
[2024-01-28T21:48:19.600+0000] {logging_mixin.py:188} INFO - [2024-01-28T21:48:19.600+0000] {dagbag.py:538} INFO - Filling up the DagBag from /home/airflow/.local/lib/python3.8/site-packages/airflow/example_dags/tutorial_dag.py
[2024-01-28T21:48:19.604+0000] {processor.py:840} INFO - DAG(s) 'tutorial_dag' retrieved from /home/airflow/.local/lib/python3.8/site-packages/airflow/example_dags/tutorial_dag.py
[2024-01-28T21:48:19.616+0000] {logging_mixin.py:188} INFO - [2024-01-28T21:48:19.616+0000] {dag.py:3036} INFO - Sync 1 DAGs
[2024-01-28T21:48:19.623+0000] {logging_mixin.py:188} INFO - [2024-01-28T21:48:19.623+0000] {dag.py:3823} INFO - Setting next_dagrun for tutorial_dag to None, run_after=None
[2024-01-28T21:48:19.632+0000] {processor.py:183} INFO - Processing /home/airflow/.local/lib/python3.8/site-packages/airflow/example_dags/tutorial_dag.py took 0.037 seconds
