[2024-01-28T21:45:17.993+0000] {processor.py:161} INFO - Started process (PID=49) to work on /home/airflow/.local/lib/python3.8/site-packages/airflow/example_dags/tutorial_objectstorage.py
[2024-01-28T21:45:17.994+0000] {processor.py:830} INFO - Processing file /home/airflow/.local/lib/python3.8/site-packages/airflow/example_dags/tutorial_objectstorage.py for tasks to queue
[2024-01-28T21:45:17.995+0000] {logging_mixin.py:188} INFO - [2024-01-28T21:45:17.995+0000] {dagbag.py:538} INFO - Filling up the DagBag from /home/airflow/.local/lib/python3.8/site-packages/airflow/example_dags/tutorial_objectstorage.py
[2024-01-28T21:45:18.002+0000] {processor.py:840} INFO - DAG(s) 'tutorial_objectstorage' retrieved from /home/airflow/.local/lib/python3.8/site-packages/airflow/example_dags/tutorial_objectstorage.py
[2024-01-28T21:45:18.011+0000] {logging_mixin.py:188} INFO - [2024-01-28T21:45:18.010+0000] {dag.py:3036} INFO - Sync 1 DAGs
[2024-01-28T21:45:18.019+0000] {logging_mixin.py:188} INFO - [2024-01-28T21:45:18.019+0000] {dag.py:3823} INFO - Setting next_dagrun for tutorial_objectstorage to None, run_after=None
[2024-01-28T21:45:18.030+0000] {processor.py:183} INFO - Processing /home/airflow/.local/lib/python3.8/site-packages/airflow/example_dags/tutorial_objectstorage.py took 0.040 seconds
[2024-01-28T21:45:48.277+0000] {processor.py:161} INFO - Started process (PID=123) to work on /home/airflow/.local/lib/python3.8/site-packages/airflow/example_dags/tutorial_objectstorage.py
[2024-01-28T21:45:48.278+0000] {processor.py:830} INFO - Processing file /home/airflow/.local/lib/python3.8/site-packages/airflow/example_dags/tutorial_objectstorage.py for tasks to queue
[2024-01-28T21:45:48.279+0000] {logging_mixin.py:188} INFO - [2024-01-28T21:45:48.279+0000] {dagbag.py:538} INFO - Filling up the DagBag from /home/airflow/.local/lib/python3.8/site-packages/airflow/example_dags/tutorial_objectstorage.py
[2024-01-28T21:45:48.283+0000] {processor.py:840} INFO - DAG(s) 'tutorial_objectstorage' retrieved from /home/airflow/.local/lib/python3.8/site-packages/airflow/example_dags/tutorial_objectstorage.py
[2024-01-28T21:45:48.339+0000] {logging_mixin.py:188} INFO - [2024-01-28T21:45:48.339+0000] {dag.py:3036} INFO - Sync 1 DAGs
[2024-01-28T21:45:48.345+0000] {logging_mixin.py:188} INFO - [2024-01-28T21:45:48.345+0000] {dag.py:3823} INFO - Setting next_dagrun for tutorial_objectstorage to None, run_after=None
[2024-01-28T21:45:48.355+0000] {processor.py:183} INFO - Processing /home/airflow/.local/lib/python3.8/site-packages/airflow/example_dags/tutorial_objectstorage.py took 0.080 seconds
[2024-01-28T21:46:18.605+0000] {processor.py:161} INFO - Started process (PID=196) to work on /home/airflow/.local/lib/python3.8/site-packages/airflow/example_dags/tutorial_objectstorage.py
[2024-01-28T21:46:18.606+0000] {processor.py:830} INFO - Processing file /home/airflow/.local/lib/python3.8/site-packages/airflow/example_dags/tutorial_objectstorage.py for tasks to queue
[2024-01-28T21:46:18.607+0000] {logging_mixin.py:188} INFO - [2024-01-28T21:46:18.607+0000] {dagbag.py:538} INFO - Filling up the DagBag from /home/airflow/.local/lib/python3.8/site-packages/airflow/example_dags/tutorial_objectstorage.py
[2024-01-28T21:46:18.612+0000] {processor.py:840} INFO - DAG(s) 'tutorial_objectstorage' retrieved from /home/airflow/.local/lib/python3.8/site-packages/airflow/example_dags/tutorial_objectstorage.py
[2024-01-28T21:46:18.624+0000] {logging_mixin.py:188} INFO - [2024-01-28T21:46:18.624+0000] {dag.py:3036} INFO - Sync 1 DAGs
[2024-01-28T21:46:18.631+0000] {logging_mixin.py:188} INFO - [2024-01-28T21:46:18.631+0000] {dag.py:3823} INFO - Setting next_dagrun for tutorial_objectstorage to None, run_after=None
[2024-01-28T21:46:18.641+0000] {processor.py:183} INFO - Processing /home/airflow/.local/lib/python3.8/site-packages/airflow/example_dags/tutorial_objectstorage.py took 0.039 seconds
[2024-01-28T21:46:48.721+0000] {processor.py:161} INFO - Started process (PID=262) to work on /home/airflow/.local/lib/python3.8/site-packages/airflow/example_dags/tutorial_objectstorage.py
[2024-01-28T21:46:48.722+0000] {processor.py:830} INFO - Processing file /home/airflow/.local/lib/python3.8/site-packages/airflow/example_dags/tutorial_objectstorage.py for tasks to queue
[2024-01-28T21:46:48.723+0000] {logging_mixin.py:188} INFO - [2024-01-28T21:46:48.723+0000] {dagbag.py:538} INFO - Filling up the DagBag from /home/airflow/.local/lib/python3.8/site-packages/airflow/example_dags/tutorial_objectstorage.py
[2024-01-28T21:46:48.728+0000] {processor.py:840} INFO - DAG(s) 'tutorial_objectstorage' retrieved from /home/airflow/.local/lib/python3.8/site-packages/airflow/example_dags/tutorial_objectstorage.py
[2024-01-28T21:46:48.736+0000] {logging_mixin.py:188} INFO - [2024-01-28T21:46:48.736+0000] {dag.py:3036} INFO - Sync 1 DAGs
[2024-01-28T21:46:48.744+0000] {logging_mixin.py:188} INFO - [2024-01-28T21:46:48.744+0000] {dag.py:3823} INFO - Setting next_dagrun for tutorial_objectstorage to None, run_after=None
[2024-01-28T21:46:48.755+0000] {processor.py:183} INFO - Processing /home/airflow/.local/lib/python3.8/site-packages/airflow/example_dags/tutorial_objectstorage.py took 0.037 seconds
[2024-01-28T21:47:19.439+0000] {processor.py:161} INFO - Started process (PID=336) to work on /home/airflow/.local/lib/python3.8/site-packages/airflow/example_dags/tutorial_objectstorage.py
[2024-01-28T21:47:19.440+0000] {processor.py:830} INFO - Processing file /home/airflow/.local/lib/python3.8/site-packages/airflow/example_dags/tutorial_objectstorage.py for tasks to queue
[2024-01-28T21:47:19.442+0000] {logging_mixin.py:188} INFO - [2024-01-28T21:47:19.441+0000] {dagbag.py:538} INFO - Filling up the DagBag from /home/airflow/.local/lib/python3.8/site-packages/airflow/example_dags/tutorial_objectstorage.py
[2024-01-28T21:47:19.446+0000] {processor.py:840} INFO - DAG(s) 'tutorial_objectstorage' retrieved from /home/airflow/.local/lib/python3.8/site-packages/airflow/example_dags/tutorial_objectstorage.py
[2024-01-28T21:47:19.496+0000] {logging_mixin.py:188} INFO - [2024-01-28T21:47:19.496+0000] {dag.py:3036} INFO - Sync 1 DAGs
[2024-01-28T21:47:19.502+0000] {logging_mixin.py:188} INFO - [2024-01-28T21:47:19.502+0000] {dag.py:3823} INFO - Setting next_dagrun for tutorial_objectstorage to None, run_after=None
[2024-01-28T21:47:19.512+0000] {processor.py:183} INFO - Processing /home/airflow/.local/lib/python3.8/site-packages/airflow/example_dags/tutorial_objectstorage.py took 0.075 seconds
[2024-01-28T21:47:49.580+0000] {processor.py:161} INFO - Started process (PID=410) to work on /home/airflow/.local/lib/python3.8/site-packages/airflow/example_dags/tutorial_objectstorage.py
[2024-01-28T21:47:49.581+0000] {processor.py:830} INFO - Processing file /home/airflow/.local/lib/python3.8/site-packages/airflow/example_dags/tutorial_objectstorage.py for tasks to queue
[2024-01-28T21:47:49.582+0000] {logging_mixin.py:188} INFO - [2024-01-28T21:47:49.582+0000] {dagbag.py:538} INFO - Filling up the DagBag from /home/airflow/.local/lib/python3.8/site-packages/airflow/example_dags/tutorial_objectstorage.py
[2024-01-28T21:47:49.587+0000] {processor.py:840} INFO - DAG(s) 'tutorial_objectstorage' retrieved from /home/airflow/.local/lib/python3.8/site-packages/airflow/example_dags/tutorial_objectstorage.py
[2024-01-28T21:47:49.598+0000] {logging_mixin.py:188} INFO - [2024-01-28T21:47:49.598+0000] {dag.py:3036} INFO - Sync 1 DAGs
[2024-01-28T21:47:49.605+0000] {logging_mixin.py:188} INFO - [2024-01-28T21:47:49.605+0000] {dag.py:3823} INFO - Setting next_dagrun for tutorial_objectstorage to None, run_after=None
[2024-01-28T21:47:49.616+0000] {processor.py:183} INFO - Processing /home/airflow/.local/lib/python3.8/site-packages/airflow/example_dags/tutorial_objectstorage.py took 0.039 seconds
[2024-01-28T21:48:19.672+0000] {processor.py:161} INFO - Started process (PID=475) to work on /home/airflow/.local/lib/python3.8/site-packages/airflow/example_dags/tutorial_objectstorage.py
[2024-01-28T21:48:19.672+0000] {processor.py:830} INFO - Processing file /home/airflow/.local/lib/python3.8/site-packages/airflow/example_dags/tutorial_objectstorage.py for tasks to queue
[2024-01-28T21:48:19.674+0000] {logging_mixin.py:188} INFO - [2024-01-28T21:48:19.674+0000] {dagbag.py:538} INFO - Filling up the DagBag from /home/airflow/.local/lib/python3.8/site-packages/airflow/example_dags/tutorial_objectstorage.py
[2024-01-28T21:48:19.678+0000] {processor.py:840} INFO - DAG(s) 'tutorial_objectstorage' retrieved from /home/airflow/.local/lib/python3.8/site-packages/airflow/example_dags/tutorial_objectstorage.py
[2024-01-28T21:48:19.690+0000] {logging_mixin.py:188} INFO - [2024-01-28T21:48:19.689+0000] {dag.py:3036} INFO - Sync 1 DAGs
[2024-01-28T21:48:19.696+0000] {logging_mixin.py:188} INFO - [2024-01-28T21:48:19.696+0000] {dag.py:3823} INFO - Setting next_dagrun for tutorial_objectstorage to None, run_after=None
[2024-01-28T21:48:19.708+0000] {processor.py:183} INFO - Processing /home/airflow/.local/lib/python3.8/site-packages/airflow/example_dags/tutorial_objectstorage.py took 0.038 seconds
