[2024-01-28T21:45:17.366+0000] {processor.py:161} INFO - Started process (PID=34) to work on /opt/airflow/dags/spark_jobs_dag.py
[2024-01-28T21:45:17.367+0000] {processor.py:830} INFO - Processing file /opt/airflow/dags/spark_jobs_dag.py for tasks to queue
[2024-01-28T21:45:17.369+0000] {logging_mixin.py:188} INFO - [2024-01-28T21:45:17.369+0000] {dagbag.py:538} INFO - Filling up the DagBag from /opt/airflow/dags/spark_jobs_dag.py
[2024-01-28T21:45:17.380+0000] {processor.py:840} INFO - DAG(s) 'spark_airflow_dag' retrieved from /opt/airflow/dags/spark_jobs_dag.py
[2024-01-28T21:45:17.397+0000] {logging_mixin.py:188} INFO - [2024-01-28T21:45:17.397+0000] {dag.py:3036} INFO - Sync 1 DAGs
[2024-01-28T21:45:17.405+0000] {logging_mixin.py:188} INFO - [2024-01-28T21:45:17.405+0000] {dag.py:3823} INFO - Setting next_dagrun for spark_airflow_dag to None, run_after=None
[2024-01-28T21:45:17.419+0000] {processor.py:183} INFO - Processing /opt/airflow/dags/spark_jobs_dag.py took 0.055 seconds
[2024-01-28T21:45:47.449+0000] {processor.py:161} INFO - Started process (PID=108) to work on /opt/airflow/dags/spark_jobs_dag.py
[2024-01-28T21:45:47.451+0000] {processor.py:830} INFO - Processing file /opt/airflow/dags/spark_jobs_dag.py for tasks to queue
[2024-01-28T21:45:47.453+0000] {logging_mixin.py:188} INFO - [2024-01-28T21:45:47.453+0000] {dagbag.py:538} INFO - Filling up the DagBag from /opt/airflow/dags/spark_jobs_dag.py
[2024-01-28T21:45:47.459+0000] {processor.py:840} INFO - DAG(s) 'spark_airflow_dag' retrieved from /opt/airflow/dags/spark_jobs_dag.py
[2024-01-28T21:45:47.555+0000] {logging_mixin.py:188} INFO - [2024-01-28T21:45:47.555+0000] {dag.py:3036} INFO - Sync 1 DAGs
[2024-01-28T21:45:47.560+0000] {logging_mixin.py:188} INFO - [2024-01-28T21:45:47.560+0000] {dag.py:3823} INFO - Setting next_dagrun for spark_airflow_dag to None, run_after=None
[2024-01-28T21:45:47.568+0000] {processor.py:183} INFO - Processing /opt/airflow/dags/spark_jobs_dag.py took 0.123 seconds
[2024-01-28T21:46:18.061+0000] {processor.py:161} INFO - Started process (PID=181) to work on /opt/airflow/dags/spark_jobs_dag.py
[2024-01-28T21:46:18.062+0000] {processor.py:830} INFO - Processing file /opt/airflow/dags/spark_jobs_dag.py for tasks to queue
[2024-01-28T21:46:18.063+0000] {logging_mixin.py:188} INFO - [2024-01-28T21:46:18.063+0000] {dagbag.py:538} INFO - Filling up the DagBag from /opt/airflow/dags/spark_jobs_dag.py
[2024-01-28T21:46:18.068+0000] {processor.py:840} INFO - DAG(s) 'spark_airflow_dag' retrieved from /opt/airflow/dags/spark_jobs_dag.py
[2024-01-28T21:46:18.081+0000] {logging_mixin.py:188} INFO - [2024-01-28T21:46:18.080+0000] {dag.py:3036} INFO - Sync 1 DAGs
[2024-01-28T21:46:18.087+0000] {logging_mixin.py:188} INFO - [2024-01-28T21:46:18.087+0000] {dag.py:3823} INFO - Setting next_dagrun for spark_airflow_dag to None, run_after=None
[2024-01-28T21:46:18.097+0000] {processor.py:183} INFO - Processing /opt/airflow/dags/spark_jobs_dag.py took 0.038 seconds
[2024-01-28T21:46:48.305+0000] {processor.py:161} INFO - Started process (PID=247) to work on /opt/airflow/dags/spark_jobs_dag.py
[2024-01-28T21:46:48.307+0000] {processor.py:830} INFO - Processing file /opt/airflow/dags/spark_jobs_dag.py for tasks to queue
[2024-01-28T21:46:48.311+0000] {logging_mixin.py:188} INFO - [2024-01-28T21:46:48.310+0000] {dagbag.py:538} INFO - Filling up the DagBag from /opt/airflow/dags/spark_jobs_dag.py
[2024-01-28T21:46:48.321+0000] {processor.py:840} INFO - DAG(s) 'spark_airflow_dag' retrieved from /opt/airflow/dags/spark_jobs_dag.py
[2024-01-28T21:46:48.336+0000] {logging_mixin.py:188} INFO - [2024-01-28T21:46:48.336+0000] {dag.py:3036} INFO - Sync 1 DAGs
[2024-01-28T21:46:48.345+0000] {logging_mixin.py:188} INFO - [2024-01-28T21:46:48.345+0000] {dag.py:3823} INFO - Setting next_dagrun for spark_airflow_dag to None, run_after=None
[2024-01-28T21:46:48.357+0000] {processor.py:183} INFO - Processing /opt/airflow/dags/spark_jobs_dag.py took 0.058 seconds
[2024-01-28T21:47:18.694+0000] {processor.py:161} INFO - Started process (PID=321) to work on /opt/airflow/dags/spark_jobs_dag.py
[2024-01-28T21:47:18.696+0000] {processor.py:830} INFO - Processing file /opt/airflow/dags/spark_jobs_dag.py for tasks to queue
[2024-01-28T21:47:18.699+0000] {logging_mixin.py:188} INFO - [2024-01-28T21:47:18.699+0000] {dagbag.py:538} INFO - Filling up the DagBag from /opt/airflow/dags/spark_jobs_dag.py
[2024-01-28T21:47:18.709+0000] {processor.py:840} INFO - DAG(s) 'spark_airflow_dag' retrieved from /opt/airflow/dags/spark_jobs_dag.py
[2024-01-28T21:47:18.768+0000] {logging_mixin.py:188} INFO - [2024-01-28T21:47:18.768+0000] {dag.py:3036} INFO - Sync 1 DAGs
[2024-01-28T21:47:18.773+0000] {logging_mixin.py:188} INFO - [2024-01-28T21:47:18.773+0000] {dag.py:3823} INFO - Setting next_dagrun for spark_airflow_dag to None, run_after=None
[2024-01-28T21:47:18.782+0000] {processor.py:183} INFO - Processing /opt/airflow/dags/spark_jobs_dag.py took 0.094 seconds
[2024-01-28T21:47:49.028+0000] {processor.py:161} INFO - Started process (PID=395) to work on /opt/airflow/dags/spark_jobs_dag.py
[2024-01-28T21:47:49.030+0000] {processor.py:830} INFO - Processing file /opt/airflow/dags/spark_jobs_dag.py for tasks to queue
[2024-01-28T21:47:49.033+0000] {logging_mixin.py:188} INFO - [2024-01-28T21:47:49.033+0000] {dagbag.py:538} INFO - Filling up the DagBag from /opt/airflow/dags/spark_jobs_dag.py
[2024-01-28T21:47:49.042+0000] {processor.py:840} INFO - DAG(s) 'spark_airflow_dag' retrieved from /opt/airflow/dags/spark_jobs_dag.py
[2024-01-28T21:47:49.061+0000] {logging_mixin.py:188} INFO - [2024-01-28T21:47:49.061+0000] {dag.py:3036} INFO - Sync 1 DAGs
[2024-01-28T21:47:49.069+0000] {logging_mixin.py:188} INFO - [2024-01-28T21:47:49.069+0000] {dag.py:3823} INFO - Setting next_dagrun for spark_airflow_dag to None, run_after=None
[2024-01-28T21:47:49.079+0000] {processor.py:183} INFO - Processing /opt/airflow/dags/spark_jobs_dag.py took 0.058 seconds
[2024-01-28T21:48:19.165+0000] {processor.py:161} INFO - Started process (PID=460) to work on /opt/airflow/dags/spark_jobs_dag.py
[2024-01-28T21:48:19.166+0000] {processor.py:830} INFO - Processing file /opt/airflow/dags/spark_jobs_dag.py for tasks to queue
[2024-01-28T21:48:19.167+0000] {logging_mixin.py:188} INFO - [2024-01-28T21:48:19.167+0000] {dagbag.py:538} INFO - Filling up the DagBag from /opt/airflow/dags/spark_jobs_dag.py
[2024-01-28T21:48:19.171+0000] {processor.py:840} INFO - DAG(s) 'spark_airflow_dag' retrieved from /opt/airflow/dags/spark_jobs_dag.py
[2024-01-28T21:48:19.183+0000] {logging_mixin.py:188} INFO - [2024-01-28T21:48:19.182+0000] {dag.py:3036} INFO - Sync 1 DAGs
[2024-01-28T21:48:19.189+0000] {logging_mixin.py:188} INFO - [2024-01-28T21:48:19.189+0000] {dag.py:3823} INFO - Setting next_dagrun for spark_airflow_dag to None, run_after=None
[2024-01-28T21:48:19.199+0000] {processor.py:183} INFO - Processing /opt/airflow/dags/spark_jobs_dag.py took 0.036 seconds
